[3.531s] Invoking command in '/home/pi/handsystem/ros2_robot_ws/src/gripper_pub': PYTHONPATH=/home/pi/handsystem/build/gripper_pub/prefix_override:/usr/lib/python3/dist-packages/colcon_core/task/python/colcon_distutils_commands:/home/pi/handsystem/install/gripper_pub/lib/python3.10/site-packages:${PYTHONPATH} /usr/bin/python3 -W ignore:setup.py install is deprecated setup.py egg_info --egg-base ../../../build/gripper_pub build --build-base /home/pi/handsystem/build/gripper_pub/build install --record /home/pi/handsystem/build/gripper_pub/install.log --single-version-externally-managed install_data
[4.832s] running egg_info
[4.834s] creating ../../../build/gripper_pub/gripper_pub.egg-info
[4.835s] writing ../../../build/gripper_pub/gripper_pub.egg-info/PKG-INFO
[4.837s] writing dependency_links to ../../../build/gripper_pub/gripper_pub.egg-info/dependency_links.txt
[4.837s] writing entry points to ../../../build/gripper_pub/gripper_pub.egg-info/entry_points.txt
[4.838s] writing requirements to ../../../build/gripper_pub/gripper_pub.egg-info/requires.txt
[4.838s] writing top-level names to ../../../build/gripper_pub/gripper_pub.egg-info/top_level.txt
[4.840s] writing manifest file '../../../build/gripper_pub/gripper_pub.egg-info/SOURCES.txt'
[4.848s] reading manifest file '../../../build/gripper_pub/gripper_pub.egg-info/SOURCES.txt'
[4.849s] adding license file 'LICENSE'
[4.858s] writing manifest file '../../../build/gripper_pub/gripper_pub.egg-info/SOURCES.txt'
[4.860s] running build
[4.861s] running build_py
[4.861s] creating /home/pi/handsystem/build/gripper_pub/build
[4.862s] creating /home/pi/handsystem/build/gripper_pub/build/lib
[4.863s] creating /home/pi/handsystem/build/gripper_pub/build/lib/gripper_pub
[4.863s] copying gripper_pub/publisher_member_function.py -> /home/pi/handsystem/build/gripper_pub/build/lib/gripper_pub
[4.863s] copying gripper_pub/__init__.py -> /home/pi/handsystem/build/gripper_pub/build/lib/gripper_pub
[4.864s] running install
[4.864s] running install_lib
[4.868s] creating /home/pi/handsystem/install/gripper_pub/lib/python3.10/site-packages/gripper_pub
[4.869s] copying /home/pi/handsystem/build/gripper_pub/build/lib/gripper_pub/publisher_member_function.py -> /home/pi/handsystem/install/gripper_pub/lib/python3.10/site-packages/gripper_pub
[4.869s] copying /home/pi/handsystem/build/gripper_pub/build/lib/gripper_pub/__init__.py -> /home/pi/handsystem/install/gripper_pub/lib/python3.10/site-packages/gripper_pub
[4.872s] byte-compiling /home/pi/handsystem/install/gripper_pub/lib/python3.10/site-packages/gripper_pub/publisher_member_function.py to publisher_member_function.cpython-310.pyc
[4.875s] byte-compiling /home/pi/handsystem/install/gripper_pub/lib/python3.10/site-packages/gripper_pub/__init__.py to __init__.cpython-310.pyc
[4.876s] running install_data
[4.877s] creating /home/pi/handsystem/install/gripper_pub/share/ament_index
[4.878s] creating /home/pi/handsystem/install/gripper_pub/share/ament_index/resource_index
[4.878s] creating /home/pi/handsystem/install/gripper_pub/share/ament_index/resource_index/packages
[4.879s] copying resource/gripper_pub -> /home/pi/handsystem/install/gripper_pub/share/ament_index/resource_index/packages
[4.879s] copying package.xml -> /home/pi/handsystem/install/gripper_pub/share/gripper_pub
[4.879s] running install_egg_info
[4.887s] Copying ../../../build/gripper_pub/gripper_pub.egg-info to /home/pi/handsystem/install/gripper_pub/lib/python3.10/site-packages/gripper_pub-0.0.0-py3.10.egg-info
[4.892s] running install_scripts
[4.976s] Installing talker script to /home/pi/handsystem/install/gripper_pub/lib/gripper_pub
[4.978s] writing list of installed files to '/home/pi/handsystem/build/gripper_pub/install.log'
[5.104s] Invoked command in '/home/pi/handsystem/ros2_robot_ws/src/gripper_pub' returned '0': PYTHONPATH=/home/pi/handsystem/build/gripper_pub/prefix_override:/usr/lib/python3/dist-packages/colcon_core/task/python/colcon_distutils_commands:/home/pi/handsystem/install/gripper_pub/lib/python3.10/site-packages:${PYTHONPATH} /usr/bin/python3 -W ignore:setup.py install is deprecated setup.py egg_info --egg-base ../../../build/gripper_pub build --build-base /home/pi/handsystem/build/gripper_pub/build install --record /home/pi/handsystem/build/gripper_pub/install.log --single-version-externally-managed install_data
