[0.831s] DEBUG:colcon:Command line arguments: ['/usr/bin/colcon', 'build', '--packages-select', 'robot_interfaces']
[0.832s] DEBUG:colcon:Parsed command line arguments: Namespace(log_base=None, log_level=None, verb_name='build', build_base='build', install_base='install', merge_install=False, symlink_install=False, test_result_base=None, continue_on_error=False, executor='parallel', parallel_workers=4, event_handlers=None, ignore_user_meta=False, metas=['./colcon.meta'], base_paths=['.'], packages_ignore=None, packages_ignore_regex=None, paths=None, packages_up_to=None, packages_up_to_regex=None, packages_above=None, packages_above_and_dependencies=None, packages_above_depth=None, packages_select_by_dep=None, packages_skip_by_dep=None, packages_skip_up_to=None, packages_select_build_failed=False, packages_skip_build_finished=False, packages_select_test_failures=False, packages_skip_test_passed=False, packages_select=['robot_interfaces'], packages_skip=None, packages_select_regex=None, packages_skip_regex=None, packages_start=None, packages_end=None, allow_overriding=[], cmake_args=None, cmake_target=None, cmake_target_skip_unavailable=False, cmake_clean_cache=False, cmake_clean_first=False, cmake_force_configure=False, ament_cmake_args=None, catkin_cmake_args=None, catkin_skip_building_tests=False, mixin_files=None, mixin=None, verb_parser=<colcon_mixin.mixin.mixin_argument.MixinArgumentDecorator object at 0xffff929b4310>, verb_extension=<colcon_core.verb.build.BuildVerb object at 0xffff92b654b0>, main=<bound method BuildVerb.main of <colcon_core.verb.build.BuildVerb object at 0xffff92b654b0>>, mixin_verb=('build',))
[2.296s] Level 1:colcon.colcon_core.package_discovery:discover_packages(colcon_meta) check parameters
[2.296s] Level 1:colcon.colcon_core.package_discovery:discover_packages(recursive) check parameters
[2.297s] Level 1:colcon.colcon_core.package_discovery:discover_packages(ignore) check parameters
[2.297s] Level 1:colcon.colcon_core.package_discovery:discover_packages(path) check parameters
[2.297s] Level 1:colcon.colcon_core.package_discovery:discover_packages(colcon_meta) discover
[2.297s] Level 1:colcon.colcon_core.package_discovery:discover_packages(recursive) discover
[2.298s] INFO:colcon.colcon_core.package_discovery:Crawling recursively for packages in '/home/pi/handsystem/ros2_robot_ws'
[2.298s] Level 1:colcon.colcon_core.package_identification:_identify(.) by extensions ['ignore', 'ignore_ament_install']
[2.299s] Level 1:colcon.colcon_core.package_identification:_identify(.) by extension 'ignore'
[2.299s] Level 1:colcon.colcon_core.package_identification:_identify(.) by extension 'ignore_ament_install'
[2.300s] Level 1:colcon.colcon_core.package_identification:_identify(.) by extensions ['colcon_pkg']
[2.300s] Level 1:colcon.colcon_core.package_identification:_identify(.) by extension 'colcon_pkg'
[2.300s] Level 1:colcon.colcon_core.package_identification:_identify(.) by extensions ['colcon_meta']
[2.300s] Level 1:colcon.colcon_core.package_identification:_identify(.) by extension 'colcon_meta'
[2.301s] Level 1:colcon.colcon_core.package_identification:_identify(.) by extensions ['ros']
[2.301s] Level 1:colcon.colcon_core.package_identification:_identify(.) by extension 'ros'
[2.361s] Level 1:colcon.colcon_core.package_identification:_identify(.) by extensions ['cmake', 'python']
[2.361s] Level 1:colcon.colcon_core.package_identification:_identify(.) by extension 'cmake'
[2.361s] Level 1:colcon.colcon_core.package_identification:_identify(.) by extension 'python'
[2.362s] Level 1:colcon.colcon_core.package_identification:_identify(.) by extensions ['python_setup_py']
[2.362s] Level 1:colcon.colcon_core.package_identification:_identify(.) by extension 'python_setup_py'
[2.363s] Level 1:colcon.colcon_core.package_identification:_identify(__pycache__) by extensions ['ignore', 'ignore_ament_install']
[2.364s] Level 1:colcon.colcon_core.package_identification:_identify(__pycache__) by extension 'ignore'
[2.364s] Level 1:colcon.colcon_core.package_identification:_identify(__pycache__) by extension 'ignore_ament_install'
[2.365s] Level 1:colcon.colcon_core.package_identification:_identify(__pycache__) by extensions ['colcon_pkg']
[2.365s] Level 1:colcon.colcon_core.package_identification:_identify(__pycache__) by extension 'colcon_pkg'
[2.366s] Level 1:colcon.colcon_core.package_identification:_identify(__pycache__) by extensions ['colcon_meta']
[2.366s] Level 1:colcon.colcon_core.package_identification:_identify(__pycache__) by extension 'colcon_meta'
[2.366s] Level 1:colcon.colcon_core.package_identification:_identify(__pycache__) by extensions ['ros']
[2.367s] Level 1:colcon.colcon_core.package_identification:_identify(__pycache__) by extension 'ros'
[2.367s] Level 1:colcon.colcon_core.package_identification:_identify(__pycache__) by extensions ['cmake', 'python']
[2.368s] Level 1:colcon.colcon_core.package_identification:_identify(__pycache__) by extension 'cmake'
[2.368s] Level 1:colcon.colcon_core.package_identification:_identify(__pycache__) by extension 'python'
[2.368s] Level 1:colcon.colcon_core.package_identification:_identify(__pycache__) by extensions ['python_setup_py']
[2.369s] Level 1:colcon.colcon_core.package_identification:_identify(__pycache__) by extension 'python_setup_py'
[2.369s] Level 1:colcon.colcon_core.package_identification:_identify(build) by extensions ['ignore', 'ignore_ament_install']
[2.370s] Level 1:colcon.colcon_core.package_identification:_identify(build) by extension 'ignore'
[2.371s] Level 1:colcon.colcon_core.package_identification:_identify(build) ignored
[2.371s] Level 1:colcon.colcon_core.package_identification:_identify(install) by extensions ['ignore', 'ignore_ament_install']
[2.372s] Level 1:colcon.colcon_core.package_identification:_identify(install) by extension 'ignore'
[2.372s] Level 1:colcon.colcon_core.package_identification:_identify(install) ignored
[2.373s] Level 1:colcon.colcon_core.package_identification:_identify(log) by extensions ['ignore', 'ignore_ament_install']
[2.374s] Level 1:colcon.colcon_core.package_identification:_identify(log) by extension 'ignore'
[2.375s] Level 1:colcon.colcon_core.package_identification:_identify(log) ignored
[2.376s] Level 1:colcon.colcon_core.package_identification:_identify(src) by extensions ['ignore', 'ignore_ament_install']
[2.377s] Level 1:colcon.colcon_core.package_identification:_identify(src) by extension 'ignore'
[2.377s] Level 1:colcon.colcon_core.package_identification:_identify(src) by extension 'ignore_ament_install'
[2.378s] Level 1:colcon.colcon_core.package_identification:_identify(src) by extensions ['colcon_pkg']
[2.378s] Level 1:colcon.colcon_core.package_identification:_identify(src) by extension 'colcon_pkg'
[2.378s] Level 1:colcon.colcon_core.package_identification:_identify(src) by extensions ['colcon_meta']
[2.379s] Level 1:colcon.colcon_core.package_identification:_identify(src) by extension 'colcon_meta'
[2.379s] Level 1:colcon.colcon_core.package_identification:_identify(src) by extensions ['ros']
[2.379s] Level 1:colcon.colcon_core.package_identification:_identify(src) by extension 'ros'
[2.380s] Level 1:colcon.colcon_core.package_identification:_identify(src) by extensions ['cmake', 'python']
[2.380s] Level 1:colcon.colcon_core.package_identification:_identify(src) by extension 'cmake'
[2.381s] Level 1:colcon.colcon_core.package_identification:_identify(src) by extension 'python'
[2.381s] Level 1:colcon.colcon_core.package_identification:_identify(src) by extensions ['python_setup_py']
[2.381s] Level 1:colcon.colcon_core.package_identification:_identify(src) by extension 'python_setup_py'
[2.382s] Level 1:colcon.colcon_core.package_identification:_identify(src/arm_test) by extensions ['ignore', 'ignore_ament_install']
[2.383s] Level 1:colcon.colcon_core.package_identification:_identify(src/arm_test) by extension 'ignore'
[2.383s] Level 1:colcon.colcon_core.package_identification:_identify(src/arm_test) by extension 'ignore_ament_install'
[2.384s] Level 1:colcon.colcon_core.package_identification:_identify(src/arm_test) by extensions ['colcon_pkg']
[2.384s] Level 1:colcon.colcon_core.package_identification:_identify(src/arm_test) by extension 'colcon_pkg'
[2.384s] Level 1:colcon.colcon_core.package_identification:_identify(src/arm_test) by extensions ['colcon_meta']
[2.384s] Level 1:colcon.colcon_core.package_identification:_identify(src/arm_test) by extension 'colcon_meta'
[2.385s] Level 1:colcon.colcon_core.package_identification:_identify(src/arm_test) by extensions ['ros']
[2.385s] Level 1:colcon.colcon_core.package_identification:_identify(src/arm_test) by extension 'ros'
[2.396s] DEBUG:colcon.colcon_core.package_identification:Package 'src/arm_test' with type 'ros.ament_python' and name 'arm_test'
[2.396s] Level 1:colcon.colcon_core.package_identification:_identify(src/gripper_pub) by extensions ['ignore', 'ignore_ament_install']
[2.397s] Level 1:colcon.colcon_core.package_identification:_identify(src/gripper_pub) by extension 'ignore'
[2.398s] Level 1:colcon.colcon_core.package_identification:_identify(src/gripper_pub) by extension 'ignore_ament_install'
[2.398s] Level 1:colcon.colcon_core.package_identification:_identify(src/gripper_pub) by extensions ['colcon_pkg']
[2.398s] Level 1:colcon.colcon_core.package_identification:_identify(src/gripper_pub) by extension 'colcon_pkg'
[2.399s] Level 1:colcon.colcon_core.package_identification:_identify(src/gripper_pub) by extensions ['colcon_meta']
[2.399s] Level 1:colcon.colcon_core.package_identification:_identify(src/gripper_pub) by extension 'colcon_meta'
[2.399s] Level 1:colcon.colcon_core.package_identification:_identify(src/gripper_pub) by extensions ['ros']
[2.400s] Level 1:colcon.colcon_core.package_identification:_identify(src/gripper_pub) by extension 'ros'
[2.402s] DEBUG:colcon.colcon_core.package_identification:Package 'src/gripper_pub' with type 'ros.ament_python' and name 'gripper_pub'
[2.403s] Level 1:colcon.colcon_core.package_identification:_identify(src/gripper_sub) by extensions ['ignore', 'ignore_ament_install']
[2.404s] Level 1:colcon.colcon_core.package_identification:_identify(src/gripper_sub) by extension 'ignore'
[2.405s] Level 1:colcon.colcon_core.package_identification:_identify(src/gripper_sub) by extension 'ignore_ament_install'
[2.405s] Level 1:colcon.colcon_core.package_identification:_identify(src/gripper_sub) by extensions ['colcon_pkg']
[2.405s] Level 1:colcon.colcon_core.package_identification:_identify(src/gripper_sub) by extension 'colcon_pkg'
[2.406s] Level 1:colcon.colcon_core.package_identification:_identify(src/gripper_sub) by extensions ['colcon_meta']
[2.406s] Level 1:colcon.colcon_core.package_identification:_identify(src/gripper_sub) by extension 'colcon_meta'
[2.407s] Level 1:colcon.colcon_core.package_identification:_identify(src/gripper_sub) by extensions ['ros']
[2.407s] Level 1:colcon.colcon_core.package_identification:_identify(src/gripper_sub) by extension 'ros'
[2.410s] DEBUG:colcon.colcon_core.package_identification:Package 'src/gripper_sub' with type 'ros.ament_python' and name 'gripper_sub'
[2.411s] Level 1:colcon.colcon_core.package_identification:_identify(src/robot_interfaces) by extensions ['ignore', 'ignore_ament_install']
[2.412s] Level 1:colcon.colcon_core.package_identification:_identify(src/robot_interfaces) by extension 'ignore'
[2.413s] Level 1:colcon.colcon_core.package_identification:_identify(src/robot_interfaces) by extension 'ignore_ament_install'
[2.413s] Level 1:colcon.colcon_core.package_identification:_identify(src/robot_interfaces) by extensions ['colcon_pkg']
[2.414s] Level 1:colcon.colcon_core.package_identification:_identify(src/robot_interfaces) by extension 'colcon_pkg'
[2.414s] Level 1:colcon.colcon_core.package_identification:_identify(src/robot_interfaces) by extensions ['colcon_meta']
[2.414s] Level 1:colcon.colcon_core.package_identification:_identify(src/robot_interfaces) by extension 'colcon_meta'
[2.414s] Level 1:colcon.colcon_core.package_identification:_identify(src/robot_interfaces) by extensions ['ros']
[2.415s] Level 1:colcon.colcon_core.package_identification:_identify(src/robot_interfaces) by extension 'ros'
[2.419s] DEBUG:colcon.colcon_core.package_identification:Package 'src/robot_interfaces' with type 'ros.ament_cmake' and name 'robot_interfaces'
[2.419s] Level 1:colcon.colcon_core.package_discovery:discover_packages(recursive) using defaults
[2.420s] Level 1:colcon.colcon_core.package_discovery:discover_packages(ignore) discover
[2.420s] Level 1:colcon.colcon_core.package_discovery:discover_packages(ignore) using defaults
[2.420s] Level 1:colcon.colcon_core.package_discovery:discover_packages(path) discover
[2.420s] Level 1:colcon.colcon_core.package_discovery:discover_packages(path) using defaults
[2.571s] INFO:colcon.colcon_core.package_selection:Skipping not selected package 'arm_test' in 'src/arm_test'
[2.571s] INFO:colcon.colcon_core.package_selection:Skipping not selected package 'gripper_pub' in 'src/gripper_pub'
[2.572s] INFO:colcon.colcon_core.package_selection:Skipping not selected package 'gripper_sub' in 'src/gripper_sub'
[2.575s] Level 1:colcon.colcon_core.package_discovery:discover_packages(prefix_path) check parameters
[2.575s] Level 1:colcon.colcon_core.package_discovery:discover_packages(prefix_path) discover
[2.581s] WARNING:colcon.colcon_ros.prefix_path.ament:The path '/home/pi/handsystem/ros2_robot_ws/install/gripper_sub' in the environment variable AMENT_PREFIX_PATH doesn't exist
[2.581s] WARNING:colcon.colcon_ros.prefix_path.ament:The path '/home/pi/handsystem/ros2_robot_ws/install/gripper_pub' in the environment variable AMENT_PREFIX_PATH doesn't exist
[2.582s] WARNING:colcon.colcon_ros.prefix_path.ament:The path '/home/pi/handsystem/ros2_robot_ws/install/arm_test' in the environment variable AMENT_PREFIX_PATH doesn't exist
[2.582s] WARNING:colcon.colcon_ros.prefix_path.ament:The path '/home/pi/handsystem/ros2_robot_ws/install/robot_interfaces' in the environment variable AMENT_PREFIX_PATH doesn't exist
[2.584s] WARNING:colcon.colcon_ros.prefix_path.catkin:The path '/home/pi/handsystem/ros2_robot_ws/install/robot_interfaces' in the environment variable CMAKE_PREFIX_PATH doesn't exist
[2.588s] DEBUG:colcon.colcon_installed_package_information.package_discovery:Found 0 installed packages in /home/pi/handsystem/ros2_robot_ws/install
[2.591s] DEBUG:colcon.colcon_installed_package_information.package_discovery:Found 3 installed packages in /home/pi/ros2_ws/install
[2.601s] DEBUG:colcon.colcon_installed_package_information.package_discovery:Found 294 installed packages in /opt/ros/humble
[2.609s] Level 1:colcon.colcon_core.package_discovery:discover_packages(prefix_path) using defaults
[2.887s] Level 5:colcon.colcon_core.verb:set package 'robot_interfaces' build argument 'cmake_args' from command line to 'None'
[2.887s] Level 5:colcon.colcon_core.verb:set package 'robot_interfaces' build argument 'cmake_target' from command line to 'None'
[2.887s] Level 5:colcon.colcon_core.verb:set package 'robot_interfaces' build argument 'cmake_target_skip_unavailable' from command line to 'False'
[2.887s] Level 5:colcon.colcon_core.verb:set package 'robot_interfaces' build argument 'cmake_clean_cache' from command line to 'False'
[2.887s] Level 5:colcon.colcon_core.verb:set package 'robot_interfaces' build argument 'cmake_clean_first' from command line to 'False'
[2.887s] Level 5:colcon.colcon_core.verb:set package 'robot_interfaces' build argument 'cmake_force_configure' from command line to 'False'
[2.888s] Level 5:colcon.colcon_core.verb:set package 'robot_interfaces' build argument 'ament_cmake_args' from command line to 'None'
[2.888s] Level 5:colcon.colcon_core.verb:set package 'robot_interfaces' build argument 'catkin_cmake_args' from command line to 'None'
[2.888s] Level 5:colcon.colcon_core.verb:set package 'robot_interfaces' build argument 'catkin_skip_building_tests' from command line to 'False'
[2.888s] DEBUG:colcon.colcon_core.verb:Building package 'robot_interfaces' with the following arguments: {'ament_cmake_args': None, 'build_base': '/home/pi/handsystem/ros2_robot_ws/build/robot_interfaces', 'catkin_cmake_args': None, 'catkin_skip_building_tests': False, 'cmake_args': None, 'cmake_clean_cache': False, 'cmake_clean_first': False, 'cmake_force_configure': False, 'cmake_target': None, 'cmake_target_skip_unavailable': False, 'install_base': '/home/pi/handsystem/ros2_robot_ws/install/robot_interfaces', 'merge_install': False, 'path': '/home/pi/handsystem/ros2_robot_ws/src/robot_interfaces', 'symlink_install': False, 'test_result_base': None}
[2.889s] INFO:colcon.colcon_core.executor:Executing jobs using 'parallel' executor
[2.893s] DEBUG:colcon.colcon_parallel_executor.executor.parallel:run_until_complete
[2.894s] INFO:colcon.colcon_ros.task.ament_cmake.build:Building ROS package in '/home/pi/handsystem/ros2_robot_ws/src/robot_interfaces' with build type 'ament_cmake'
[2.895s] INFO:colcon.colcon_cmake.task.cmake.build:Building CMake package in '/home/pi/handsystem/ros2_robot_ws/src/robot_interfaces'
[2.910s] INFO:colcon.colcon_core.plugin_system:Skipping extension 'colcon_core.shell.bat': Not used on non-Windows systems
[2.911s] INFO:colcon.colcon_core.shell:Skip shell extension 'powershell' for command environment: Not usable outside of PowerShell
[2.911s] DEBUG:colcon.colcon_core.shell:Skip shell extension 'dsv' for command environment
[2.954s] DEBUG:colcon.colcon_core.event_handler.log_command:Invoking command in '/home/pi/handsystem/ros2_robot_ws/build/robot_interfaces': CMAKE_PREFIX_PATH=${CMAKE_PREFIX_PATH}:/home/pi/handsystem/ros2_robot_ws/install/gripper_sub:/home/pi/handsystem/ros2_robot_ws/install/gripper_pub:/home/pi/handsystem/ros2_robot_ws/install/arm_test:/home/pi/ros2_ws/install/py_sub:/opt/ros/humble /usr/bin/cmake /home/pi/handsystem/ros2_robot_ws/src/robot_interfaces -DCMAKE_INSTALL_PREFIX=/home/pi/handsystem/ros2_robot_ws/install/robot_interfaces
[12.704s] DEBUG:colcon.colcon_core.event_handler.log_command:Invoked command in '/home/pi/handsystem/ros2_robot_ws/build/robot_interfaces' returned '0': CMAKE_PREFIX_PATH=${CMAKE_PREFIX_PATH}:/home/pi/handsystem/ros2_robot_ws/install/gripper_sub:/home/pi/handsystem/ros2_robot_ws/install/gripper_pub:/home/pi/handsystem/ros2_robot_ws/install/arm_test:/home/pi/ros2_ws/install/py_sub:/opt/ros/humble /usr/bin/cmake /home/pi/handsystem/ros2_robot_ws/src/robot_interfaces -DCMAKE_INSTALL_PREFIX=/home/pi/handsystem/ros2_robot_ws/install/robot_interfaces
[12.718s] DEBUG:colcon.colcon_core.event_handler.log_command:Invoking command in '/home/pi/handsystem/ros2_robot_ws/build/robot_interfaces': CMAKE_PREFIX_PATH=${CMAKE_PREFIX_PATH}:/home/pi/handsystem/ros2_robot_ws/install/gripper_sub:/home/pi/handsystem/ros2_robot_ws/install/gripper_pub:/home/pi/handsystem/ros2_robot_ws/install/arm_test:/home/pi/ros2_ws/install/py_sub:/opt/ros/humble /usr/bin/cmake --build /home/pi/handsystem/ros2_robot_ws/build/robot_interfaces -- -j4 -l4
[32.093s] DEBUG:colcon.colcon_core.event_handler.log_command:Invoked command in '/home/pi/handsystem/ros2_robot_ws/build/robot_interfaces' returned '0': CMAKE_PREFIX_PATH=${CMAKE_PREFIX_PATH}:/home/pi/handsystem/ros2_robot_ws/install/gripper_sub:/home/pi/handsystem/ros2_robot_ws/install/gripper_pub:/home/pi/handsystem/ros2_robot_ws/install/arm_test:/home/pi/ros2_ws/install/py_sub:/opt/ros/humble /usr/bin/cmake --build /home/pi/handsystem/ros2_robot_ws/build/robot_interfaces -- -j4 -l4
[32.667s] DEBUG:colcon.colcon_core.event_handler.log_command:Invoking command in '/home/pi/handsystem/ros2_robot_ws/build/robot_interfaces': CMAKE_PREFIX_PATH=${CMAKE_PREFIX_PATH}:/home/pi/handsystem/ros2_robot_ws/install/gripper_sub:/home/pi/handsystem/ros2_robot_ws/install/gripper_pub:/home/pi/handsystem/ros2_robot_ws/install/arm_test:/home/pi/ros2_ws/install/py_sub:/opt/ros/humble /usr/bin/cmake --install /home/pi/handsystem/ros2_robot_ws/build/robot_interfaces
[33.161s] Level 1:colcon.colcon_core.environment:create_environment_scripts_only(robot_interfaces)
[33.175s] Level 1:colcon.colcon_core.environment:checking '/home/pi/handsystem/ros2_robot_ws/install/robot_interfaces' for CMake module files
[33.176s] DEBUG:colcon.colcon_core.event_handler.log_command:Invoked command in '/home/pi/handsystem/ros2_robot_ws/build/robot_interfaces' returned '0': CMAKE_PREFIX_PATH=${CMAKE_PREFIX_PATH}:/home/pi/handsystem/ros2_robot_ws/install/gripper_sub:/home/pi/handsystem/ros2_robot_ws/install/gripper_pub:/home/pi/handsystem/ros2_robot_ws/install/arm_test:/home/pi/ros2_ws/install/py_sub:/opt/ros/humble /usr/bin/cmake --install /home/pi/handsystem/ros2_robot_ws/build/robot_interfaces
[33.181s] Level 1:colcon.colcon_core.environment:checking '/home/pi/handsystem/ros2_robot_ws/install/robot_interfaces' for CMake config files
[33.183s] Level 1:colcon.colcon_core.shell:create_environment_hook('robot_interfaces', 'cmake_prefix_path')
[33.184s] INFO:colcon.colcon_core.shell:Creating environment hook '/home/pi/handsystem/ros2_robot_ws/install/robot_interfaces/share/robot_interfaces/hook/cmake_prefix_path.ps1'
[33.188s] INFO:colcon.colcon_core.shell:Creating environment descriptor '/home/pi/handsystem/ros2_robot_ws/install/robot_interfaces/share/robot_interfaces/hook/cmake_prefix_path.dsv'
[33.190s] INFO:colcon.colcon_core.shell:Creating environment hook '/home/pi/handsystem/ros2_robot_ws/install/robot_interfaces/share/robot_interfaces/hook/cmake_prefix_path.sh'
[33.194s] Level 1:colcon.colcon_core.environment:checking '/home/pi/handsystem/ros2_robot_ws/install/robot_interfaces/lib'
[33.195s] Level 1:colcon.colcon_core.shell:create_environment_hook('robot_interfaces', 'ld_library_path_lib')
[33.196s] INFO:colcon.colcon_core.shell:Creating environment hook '/home/pi/handsystem/ros2_robot_ws/install/robot_interfaces/share/robot_interfaces/hook/ld_library_path_lib.ps1'
[33.199s] INFO:colcon.colcon_core.shell:Creating environment descriptor '/home/pi/handsystem/ros2_robot_ws/install/robot_interfaces/share/robot_interfaces/hook/ld_library_path_lib.dsv'
[33.200s] INFO:colcon.colcon_core.shell:Creating environment hook '/home/pi/handsystem/ros2_robot_ws/install/robot_interfaces/share/robot_interfaces/hook/ld_library_path_lib.sh'
[33.202s] Level 1:colcon.colcon_core.environment:checking '/home/pi/handsystem/ros2_robot_ws/install/robot_interfaces/bin'
[33.203s] Level 1:colcon.colcon_core.environment:checking '/home/pi/handsystem/ros2_robot_ws/install/robot_interfaces/lib/pkgconfig/robot_interfaces.pc'
[33.204s] Level 1:colcon.colcon_core.environment:checking '/home/pi/handsystem/ros2_robot_ws/install/robot_interfaces/lib/python3.10/site-packages'
[33.206s] Level 1:colcon.colcon_core.environment:checking '/home/pi/handsystem/ros2_robot_ws/install/robot_interfaces/bin'
[33.207s] INFO:colcon.colcon_core.shell:Creating package script '/home/pi/handsystem/ros2_robot_ws/install/robot_interfaces/share/robot_interfaces/package.ps1'
[33.211s] INFO:colcon.colcon_core.shell:Creating package descriptor '/home/pi/handsystem/ros2_robot_ws/install/robot_interfaces/share/robot_interfaces/package.dsv'
[33.214s] INFO:colcon.colcon_core.shell:Creating package script '/home/pi/handsystem/ros2_robot_ws/install/robot_interfaces/share/robot_interfaces/package.sh'
[33.218s] INFO:colcon.colcon_core.shell:Creating package script '/home/pi/handsystem/ros2_robot_ws/install/robot_interfaces/share/robot_interfaces/package.bash'
[33.221s] INFO:colcon.colcon_core.shell:Creating package script '/home/pi/handsystem/ros2_robot_ws/install/robot_interfaces/share/robot_interfaces/package.zsh'
[33.224s] Level 1:colcon.colcon_core.environment:create_file_with_runtime_dependencies(/home/pi/handsystem/ros2_robot_ws/install/robot_interfaces/share/colcon-core/packages/robot_interfaces)
[33.778s] Level 1:colcon.colcon_core.environment:create_environment_scripts_only(robot_interfaces)
[33.779s] Level 1:colcon.colcon_core.environment:checking '/home/pi/handsystem/ros2_robot_ws/install/robot_interfaces' for CMake module files
[33.783s] Level 1:colcon.colcon_core.environment:checking '/home/pi/handsystem/ros2_robot_ws/install/robot_interfaces' for CMake config files
[33.787s] Level 1:colcon.colcon_core.shell:create_environment_hook('robot_interfaces', 'cmake_prefix_path')
[33.788s] INFO:colcon.colcon_core.shell:Creating environment hook '/home/pi/handsystem/ros2_robot_ws/install/robot_interfaces/share/robot_interfaces/hook/cmake_prefix_path.ps1'
[33.790s] INFO:colcon.colcon_core.shell:Creating environment descriptor '/home/pi/handsystem/ros2_robot_ws/install/robot_interfaces/share/robot_interfaces/hook/cmake_prefix_path.dsv'
[33.792s] INFO:colcon.colcon_core.shell:Creating environment hook '/home/pi/handsystem/ros2_robot_ws/install/robot_interfaces/share/robot_interfaces/hook/cmake_prefix_path.sh'
[33.796s] Level 1:colcon.colcon_core.environment:checking '/home/pi/handsystem/ros2_robot_ws/install/robot_interfaces/lib'
[33.796s] Level 1:colcon.colcon_core.shell:create_environment_hook('robot_interfaces', 'ld_library_path_lib')
[33.797s] INFO:colcon.colcon_core.shell:Creating environment hook '/home/pi/handsystem/ros2_robot_ws/install/robot_interfaces/share/robot_interfaces/hook/ld_library_path_lib.ps1'
[33.799s] INFO:colcon.colcon_core.shell:Creating environment descriptor '/home/pi/handsystem/ros2_robot_ws/install/robot_interfaces/share/robot_interfaces/hook/ld_library_path_lib.dsv'
[33.802s] INFO:colcon.colcon_core.shell:Creating environment hook '/home/pi/handsystem/ros2_robot_ws/install/robot_interfaces/share/robot_interfaces/hook/ld_library_path_lib.sh'
[33.804s] Level 1:colcon.colcon_core.environment:checking '/home/pi/handsystem/ros2_robot_ws/install/robot_interfaces/bin'
[33.805s] Level 1:colcon.colcon_core.environment:checking '/home/pi/handsystem/ros2_robot_ws/install/robot_interfaces/lib/pkgconfig/robot_interfaces.pc'
[33.806s] Level 1:colcon.colcon_core.environment:checking '/home/pi/handsystem/ros2_robot_ws/install/robot_interfaces/lib/python3.10/site-packages'
[33.807s] Level 1:colcon.colcon_core.environment:checking '/home/pi/handsystem/ros2_robot_ws/install/robot_interfaces/bin'
[33.808s] INFO:colcon.colcon_core.shell:Creating package script '/home/pi/handsystem/ros2_robot_ws/install/robot_interfaces/share/robot_interfaces/package.ps1'
[33.811s] INFO:colcon.colcon_core.shell:Creating package descriptor '/home/pi/handsystem/ros2_robot_ws/install/robot_interfaces/share/robot_interfaces/package.dsv'
[33.814s] INFO:colcon.colcon_core.shell:Creating package script '/home/pi/handsystem/ros2_robot_ws/install/robot_interfaces/share/robot_interfaces/package.sh'
[33.816s] INFO:colcon.colcon_core.shell:Creating package script '/home/pi/handsystem/ros2_robot_ws/install/robot_interfaces/share/robot_interfaces/package.bash'
[33.820s] INFO:colcon.colcon_core.shell:Creating package script '/home/pi/handsystem/ros2_robot_ws/install/robot_interfaces/share/robot_interfaces/package.zsh'
[33.823s] Level 1:colcon.colcon_core.environment:create_file_with_runtime_dependencies(/home/pi/handsystem/ros2_robot_ws/install/robot_interfaces/share/colcon-core/packages/robot_interfaces)
[33.824s] DEBUG:colcon.colcon_parallel_executor.executor.parallel:closing loop
[33.826s] DEBUG:colcon.colcon_parallel_executor.executor.parallel:loop closed
[33.827s] DEBUG:colcon.colcon_parallel_executor.executor.parallel:run_until_complete finished with '0'
[33.827s] DEBUG:colcon.colcon_core.event_reactor:joining thread
[33.856s] INFO:colcon.colcon_core.plugin_system:Skipping extension 'colcon_notification.desktop_notification.terminal_notifier': Not used on non-Darwin systems
[33.856s] INFO:colcon.colcon_core.plugin_system:Skipping extension 'colcon_notification.desktop_notification.win32': Not used on non-Windows systems
[33.857s] INFO:colcon.colcon_notification.desktop_notification:Sending desktop notification using 'notify2'
[33.926s] DEBUG:colcon.colcon_core.event_reactor:joined thread
[33.928s] INFO:colcon.colcon_core.shell:Creating prefix script '/home/pi/handsystem/ros2_robot_ws/install/local_setup.ps1'
[33.934s] INFO:colcon.colcon_core.shell:Creating prefix util module '/home/pi/handsystem/ros2_robot_ws/install/_local_setup_util_ps1.py'
[33.940s] INFO:colcon.colcon_core.shell:Creating prefix chain script '/home/pi/handsystem/ros2_robot_ws/install/setup.ps1'
[33.961s] INFO:colcon.colcon_core.shell:Creating prefix script '/home/pi/handsystem/ros2_robot_ws/install/local_setup.sh'
[33.964s] INFO:colcon.colcon_core.shell:Creating prefix util module '/home/pi/handsystem/ros2_robot_ws/install/_local_setup_util_sh.py'
[33.967s] INFO:colcon.colcon_core.shell:Creating prefix chain script '/home/pi/handsystem/ros2_robot_ws/install/setup.sh'
[33.976s] INFO:colcon.colcon_core.shell:Creating prefix script '/home/pi/handsystem/ros2_robot_ws/install/local_setup.bash'
[33.979s] INFO:colcon.colcon_core.shell:Creating prefix chain script '/home/pi/handsystem/ros2_robot_ws/install/setup.bash'
[33.990s] INFO:colcon.colcon_core.shell:Creating prefix script '/home/pi/handsystem/ros2_robot_ws/install/local_setup.zsh'
[33.994s] INFO:colcon.colcon_core.shell:Creating prefix chain script '/home/pi/handsystem/ros2_robot_ws/install/setup.zsh'
