[3.568s] Invoking command in '/home/pi/handsystem/ros2_robot_ws/src/gripper_pub': PYTHONPATH=/home/pi/handsystem/ros2_robot_ws/src/build/gripper_pub/prefix_override:/usr/lib/python3/dist-packages/colcon_core/task/python/colcon_distutils_commands:/home/pi/handsystem/ros2_robot_ws/src/install/gripper_pub/lib/python3.10/site-packages:${PYTHONPATH} /usr/bin/python3 -W ignore:setup.py install is deprecated setup.py egg_info --egg-base ../build/gripper_pub build --build-base /home/pi/handsystem/ros2_robot_ws/src/build/gripper_pub/build install --record /home/pi/handsystem/ros2_robot_ws/src/build/gripper_pub/install.log --single-version-externally-managed install_data
[4.880s] running egg_info
[4.883s] creating ../build/gripper_pub/gripper_pub.egg-info
[4.884s] writing ../build/gripper_pub/gripper_pub.egg-info/PKG-INFO
[4.885s] writing dependency_links to ../build/gripper_pub/gripper_pub.egg-info/dependency_links.txt
[4.886s] writing entry points to ../build/gripper_pub/gripper_pub.egg-info/entry_points.txt
[4.887s] writing requirements to ../build/gripper_pub/gripper_pub.egg-info/requires.txt
[4.889s] writing top-level names to ../build/gripper_pub/gripper_pub.egg-info/top_level.txt
[4.889s] writing manifest file '../build/gripper_pub/gripper_pub.egg-info/SOURCES.txt'
[4.897s] reading manifest file '../build/gripper_pub/gripper_pub.egg-info/SOURCES.txt'
[4.898s] adding license file 'LICENSE'
[4.906s] writing manifest file '../build/gripper_pub/gripper_pub.egg-info/SOURCES.txt'
[4.906s] running build
[4.908s] running build_py
[4.909s] creating /home/pi/handsystem/ros2_robot_ws/src/build/gripper_pub/build
[4.909s] creating /home/pi/handsystem/ros2_robot_ws/src/build/gripper_pub/build/lib
[4.912s] creating /home/pi/handsystem/ros2_robot_ws/src/build/gripper_pub/build/lib/gripper_pub
[4.912s] copying gripper_pub/publisher_member_function.py -> /home/pi/handsystem/ros2_robot_ws/src/build/gripper_pub/build/lib/gripper_pub
[4.913s] copying gripper_pub/__init__.py -> /home/pi/handsystem/ros2_robot_ws/src/build/gripper_pub/build/lib/gripper_pub
[4.913s] running install
[4.914s] running install_lib
[4.916s] creating /home/pi/handsystem/ros2_robot_ws/src/install/gripper_pub/lib/python3.10/site-packages/gripper_pub
[4.920s] copying /home/pi/handsystem/ros2_robot_ws/src/build/gripper_pub/build/lib/gripper_pub/publisher_member_function.py -> /home/pi/handsystem/ros2_robot_ws/src/install/gripper_pub/lib/python3.10/site-packages/gripper_pub
[4.921s] copying /home/pi/handsystem/ros2_robot_ws/src/build/gripper_pub/build/lib/gripper_pub/__init__.py -> /home/pi/handsystem/ros2_robot_ws/src/install/gripper_pub/lib/python3.10/site-packages/gripper_pub
[4.921s] byte-compiling /home/pi/handsystem/ros2_robot_ws/src/install/gripper_pub/lib/python3.10/site-packages/gripper_pub/publisher_member_function.py to publisher_member_function.cpython-310.pyc
[4.922s] byte-compiling /home/pi/handsystem/ros2_robot_ws/src/install/gripper_pub/lib/python3.10/site-packages/gripper_pub/__init__.py to __init__.cpython-310.pyc
[4.924s] running install_data
[4.928s] creating /home/pi/handsystem/ros2_robot_ws/src/install/gripper_pub/share/ament_index
[4.928s] creating /home/pi/handsystem/ros2_robot_ws/src/install/gripper_pub/share/ament_index/resource_index
[4.929s] creating /home/pi/handsystem/ros2_robot_ws/src/install/gripper_pub/share/ament_index/resource_index/packages
[4.930s] copying resource/gripper_pub -> /home/pi/handsystem/ros2_robot_ws/src/install/gripper_pub/share/ament_index/resource_index/packages
[4.935s] copying package.xml -> /home/pi/handsystem/ros2_robot_ws/src/install/gripper_pub/share/gripper_pub
[4.936s] running install_egg_info
[4.937s] Copying ../build/gripper_pub/gripper_pub.egg-info to /home/pi/handsystem/ros2_robot_ws/src/install/gripper_pub/lib/python3.10/site-packages/gripper_pub-0.0.0-py3.10.egg-info
[4.942s] running install_scripts
[5.034s] Installing talker script to /home/pi/handsystem/ros2_robot_ws/src/install/gripper_pub/lib/gripper_pub
[5.036s] writing list of installed files to '/home/pi/handsystem/ros2_robot_ws/src/build/gripper_pub/install.log'
[5.177s] Invoked command in '/home/pi/handsystem/ros2_robot_ws/src/gripper_pub' returned '0': PYTHONPATH=/home/pi/handsystem/ros2_robot_ws/src/build/gripper_pub/prefix_override:/usr/lib/python3/dist-packages/colcon_core/task/python/colcon_distutils_commands:/home/pi/handsystem/ros2_robot_ws/src/install/gripper_pub/lib/python3.10/site-packages:${PYTHONPATH} /usr/bin/python3 -W ignore:setup.py install is deprecated setup.py egg_info --egg-base ../build/gripper_pub build --build-base /home/pi/handsystem/ros2_robot_ws/src/build/gripper_pub/build install --record /home/pi/handsystem/ros2_robot_ws/src/build/gripper_pub/install.log --single-version-externally-managed install_data
