[0.083s] Invoking command in '/home/pi/handsystem/ros2_robot_ws/build/robot_interfaces': CMAKE_PREFIX_PATH=${CMAKE_PREFIX_PATH}:/home/pi/handsystem/ros2_robot_ws/install/gripper_sub:/home/pi/handsystem/ros2_robot_ws/install/gripper_pub:/home/pi/handsystem/ros2_robot_ws/install/arm_test:/home/pi/ros2_ws/install/py_sub:/opt/ros/humble /usr/bin/cmake --build /home/pi/handsystem/ros2_robot_ws/build/robot_interfaces -- -j4 -l4
[0.340s] [35m[1mConsolidate compiler generated dependencies of target robot_interfaces__rosidl_generator_c[0m
[0.386s] [  2%] Built target robot_interfaces__cpp
[0.408s] [ 12%] Built target robot_interfaces__rosidl_generator_c
[0.417s] [ 12%] Built target ament_cmake_python_copy_robot_interfaces
[0.462s] [35m[1mConsolidate compiler generated dependencies of target robot_interfaces__rosidl_typesupport_cpp[0m
[0.472s] [35m[1mConsolidate compiler generated dependencies of target robot_interfaces__rosidl_typesupport_introspection_cpp[0m
[0.482s] [35m[1mConsolidate compiler generated dependencies of target robot_interfaces__rosidl_typesupport_fastrtps_c[0m
[0.510s] [35m[1mConsolidate compiler generated dependencies of target robot_interfaces__rosidl_typesupport_fastrtps_cpp[0m
[0.547s] [ 23%] Built target robot_interfaces__rosidl_typesupport_cpp
[0.600s] [ 33%] Built target robot_interfaces__rosidl_typesupport_introspection_cpp
[0.608s] [35m[1mConsolidate compiler generated dependencies of target robot_interfaces__rosidl_typesupport_introspection_c[0m
[0.633s] [ 43%] Built target robot_interfaces__rosidl_typesupport_fastrtps_c
[0.660s] [ 53%] Built target robot_interfaces__rosidl_typesupport_fastrtps_cpp
[0.685s] [35m[1mConsolidate compiler generated dependencies of target robot_interfaces__rosidl_typesupport_c[0m
[0.688s] [ 64%] Built target robot_interfaces__rosidl_typesupport_introspection_c
[0.741s] [ 74%] Built target robot_interfaces__rosidl_typesupport_c
[0.843s] [ 74%] Built target robot_interfaces
[0.943s] [ 76%] Built target robot_interfaces__py
[0.995s] [35m[1mConsolidate compiler generated dependencies of target robot_interfaces__rosidl_generator_py[0m
[1.070s] [ 84%] Built target robot_interfaces__rosidl_generator_py
[1.155s] [35m[1mConsolidate compiler generated dependencies of target robot_interfaces__rosidl_typesupport_fastrtps_c__pyext[0m
[1.159s] [35m[1mConsolidate compiler generated dependencies of target robot_interfaces__rosidl_typesupport_introspection_c__pyext[0m
[1.166s] [35m[1mConsolidate compiler generated dependencies of target robot_interfaces__rosidl_typesupport_c__pyext[0m
[1.274s] [ 89%] Built target robot_interfaces__rosidl_typesupport_c__pyext
[1.285s] [ 94%] Built target robot_interfaces__rosidl_typesupport_introspection_c__pyext
[1.290s] [100%] Built target robot_interfaces__rosidl_typesupport_fastrtps_c__pyext
[2.194s] running egg_info
[2.197s] writing robot_interfaces.egg-info/PKG-INFO
[2.198s] writing dependency_links to robot_interfaces.egg-info/dependency_links.txt
[2.200s] writing top-level names to robot_interfaces.egg-info/top_level.txt
[2.211s] reading manifest file 'robot_interfaces.egg-info/SOURCES.txt'
[2.215s] writing manifest file 'robot_interfaces.egg-info/SOURCES.txt'
[2.355s] [100%] Built target ament_cmake_python_build_robot_interfaces_egg
[2.400s] Invoked command in '/home/pi/handsystem/ros2_robot_ws/build/robot_interfaces' returned '0': CMAKE_PREFIX_PATH=${CMAKE_PREFIX_PATH}:/home/pi/handsystem/ros2_robot_ws/install/gripper_sub:/home/pi/handsystem/ros2_robot_ws/install/gripper_pub:/home/pi/handsystem/ros2_robot_ws/install/arm_test:/home/pi/ros2_ws/install/py_sub:/opt/ros/humble /usr/bin/cmake --build /home/pi/handsystem/ros2_robot_ws/build/robot_interfaces -- -j4 -l4
[2.933s] Invoking command in '/home/pi/handsystem/ros2_robot_ws/build/robot_interfaces': CMAKE_PREFIX_PATH=${CMAKE_PREFIX_PATH}:/home/pi/handsystem/ros2_robot_ws/install/gripper_sub:/home/pi/handsystem/ros2_robot_ws/install/gripper_pub:/home/pi/handsystem/ros2_robot_ws/install/arm_test:/home/pi/ros2_ws/install/py_sub:/opt/ros/humble /usr/bin/cmake --install /home/pi/handsystem/ros2_robot_ws/build/robot_interfaces
[2.963s] -- Install configuration: ""
[2.964s] -- Up-to-date: /home/pi/handsystem/ros2_robot_ws/install/robot_interfaces/share/ament_index/resource_index/rosidl_interfaces/robot_interfaces
[2.965s] -- Up-to-date: /home/pi/handsystem/ros2_robot_ws/install/robot_interfaces/include/robot_interfaces/robot_interfaces
[2.965s] -- Up-to-date: /home/pi/handsystem/ros2_robot_ws/install/robot_interfaces/include/robot_interfaces/robot_interfaces/msg
[2.966s] -- Up-to-date: /home/pi/handsystem/ros2_robot_ws/install/robot_interfaces/include/robot_interfaces/robot_interfaces/msg/detail
[2.967s] -- Up-to-date: /home/pi/handsystem/ros2_robot_ws/install/robot_interfaces/include/robot_interfaces/robot_interfaces/msg/detail/gripper_command__functions.c
[2.967s] -- Up-to-date: /home/pi/handsystem/ros2_robot_ws/install/robot_interfaces/include/robot_interfaces/robot_interfaces/msg/detail/gripper_info__struct.h
[2.968s] -- Up-to-date: /home/pi/handsystem/ros2_robot_ws/install/robot_interfaces/include/robot_interfaces/robot_interfaces/msg/detail/gripper_command__functions.h
[2.969s] -- Up-to-date: /home/pi/handsystem/ros2_robot_ws/install/robot_interfaces/include/robot_interfaces/robot_interfaces/msg/detail/gripper_command__type_support.h
[2.970s] -- Up-to-date: /home/pi/handsystem/ros2_robot_ws/install/robot_interfaces/include/robot_interfaces/robot_interfaces/msg/detail/gripper_info__type_support.h
[2.971s] -- Up-to-date: /home/pi/handsystem/ros2_robot_ws/install/robot_interfaces/include/robot_interfaces/robot_interfaces/msg/detail/gripper_command__struct.h
[2.972s] -- Up-to-date: /home/pi/handsystem/ros2_robot_ws/install/robot_interfaces/include/robot_interfaces/robot_interfaces/msg/detail/gripper_info__functions.h
[2.972s] -- Up-to-date: /home/pi/handsystem/ros2_robot_ws/install/robot_interfaces/include/robot_interfaces/robot_interfaces/msg/detail/gripper_info__functions.c
[2.973s] -- Up-to-date: /home/pi/handsystem/ros2_robot_ws/install/robot_interfaces/include/robot_interfaces/robot_interfaces/msg/gripper_info.h
[2.974s] -- Up-to-date: /home/pi/handsystem/ros2_robot_ws/install/robot_interfaces/include/robot_interfaces/robot_interfaces/msg/gripper_command.h
[2.974s] -- Up-to-date: /home/pi/handsystem/ros2_robot_ws/install/robot_interfaces/include/robot_interfaces/robot_interfaces/msg/rosidl_generator_c__visibility_control.h
[2.975s] -- Up-to-date: /home/pi/handsystem/ros2_robot_ws/install/robot_interfaces/share/robot_interfaces/environment/library_path.sh
[2.976s] -- Up-to-date: /home/pi/handsystem/ros2_robot_ws/install/robot_interfaces/share/robot_interfaces/environment/library_path.dsv
[2.976s] -- Up-to-date: /home/pi/handsystem/ros2_robot_ws/install/robot_interfaces/lib/librobot_interfaces__rosidl_generator_c.so
[2.977s] -- Up-to-date: /home/pi/handsystem/ros2_robot_ws/install/robot_interfaces/include/robot_interfaces/robot_interfaces
[2.977s] -- Up-to-date: /home/pi/handsystem/ros2_robot_ws/install/robot_interfaces/include/robot_interfaces/robot_interfaces/msg
[2.978s] -- Up-to-date: /home/pi/handsystem/ros2_robot_ws/install/robot_interfaces/include/robot_interfaces/robot_interfaces/msg/detail
[2.979s] -- Up-to-date: /home/pi/handsystem/ros2_robot_ws/install/robot_interfaces/include/robot_interfaces/robot_interfaces/msg/detail/gripper_command__rosidl_typesupport_fastrtps_c.h
[2.980s] -- Up-to-date: /home/pi/handsystem/ros2_robot_ws/install/robot_interfaces/include/robot_interfaces/robot_interfaces/msg/detail/gripper_info__rosidl_typesupport_fastrtps_c.h
[2.982s] -- Up-to-date: /home/pi/handsystem/ros2_robot_ws/install/robot_interfaces/include/robot_interfaces/robot_interfaces/msg/rosidl_typesupport_fastrtps_c__visibility_control.h
[2.983s] -- Up-to-date: /home/pi/handsystem/ros2_robot_ws/install/robot_interfaces/lib/librobot_interfaces__rosidl_typesupport_fastrtps_c.so
[2.983s] -- Up-to-date: /home/pi/handsystem/ros2_robot_ws/install/robot_interfaces/include/robot_interfaces/robot_interfaces
[2.984s] -- Up-to-date: /home/pi/handsystem/ros2_robot_ws/install/robot_interfaces/include/robot_interfaces/robot_interfaces/msg
[2.984s] -- Up-to-date: /home/pi/handsystem/ros2_robot_ws/install/robot_interfaces/include/robot_interfaces/robot_interfaces/msg/detail
[2.985s] -- Up-to-date: /home/pi/handsystem/ros2_robot_ws/install/robot_interfaces/include/robot_interfaces/robot_interfaces/msg/detail/gripper_command__type_support.c
[2.986s] -- Up-to-date: /home/pi/handsystem/ros2_robot_ws/install/robot_interfaces/include/robot_interfaces/robot_interfaces/msg/detail/gripper_command__rosidl_typesupport_introspection_c.h
[2.986s] -- Up-to-date: /home/pi/handsystem/ros2_robot_ws/install/robot_interfaces/include/robot_interfaces/robot_interfaces/msg/detail/gripper_info__type_support.c
[2.987s] -- Up-to-date: /home/pi/handsystem/ros2_robot_ws/install/robot_interfaces/include/robot_interfaces/robot_interfaces/msg/detail/gripper_info__rosidl_typesupport_introspection_c.h
[2.988s] -- Up-to-date: /home/pi/handsystem/ros2_robot_ws/install/robot_interfaces/include/robot_interfaces/robot_interfaces/msg/rosidl_typesupport_introspection_c__visibility_control.h
[2.989s] -- Up-to-date: /home/pi/handsystem/ros2_robot_ws/install/robot_interfaces/lib/librobot_interfaces__rosidl_typesupport_introspection_c.so
[2.990s] -- Up-to-date: /home/pi/handsystem/ros2_robot_ws/install/robot_interfaces/lib/librobot_interfaces__rosidl_typesupport_c.so
[2.991s] -- Up-to-date: /home/pi/handsystem/ros2_robot_ws/install/robot_interfaces/include/robot_interfaces/robot_interfaces
[2.992s] -- Up-to-date: /home/pi/handsystem/ros2_robot_ws/install/robot_interfaces/include/robot_interfaces/robot_interfaces/msg
[2.993s] -- Up-to-date: /home/pi/handsystem/ros2_robot_ws/install/robot_interfaces/include/robot_interfaces/robot_interfaces/msg/gripper_info.hpp
[2.993s] -- Up-to-date: /home/pi/handsystem/ros2_robot_ws/install/robot_interfaces/include/robot_interfaces/robot_interfaces/msg/detail
[2.994s] -- Up-to-date: /home/pi/handsystem/ros2_robot_ws/install/robot_interfaces/include/robot_interfaces/robot_interfaces/msg/detail/gripper_command__struct.hpp
[2.995s] -- Up-to-date: /home/pi/handsystem/ros2_robot_ws/install/robot_interfaces/include/robot_interfaces/robot_interfaces/msg/detail/gripper_command__builder.hpp
[2.995s] -- Up-to-date: /home/pi/handsystem/ros2_robot_ws/install/robot_interfaces/include/robot_interfaces/robot_interfaces/msg/detail/gripper_info__builder.hpp
[2.996s] -- Up-to-date: /home/pi/handsystem/ros2_robot_ws/install/robot_interfaces/include/robot_interfaces/robot_interfaces/msg/detail/gripper_command__traits.hpp
[2.996s] -- Up-to-date: /home/pi/handsystem/ros2_robot_ws/install/robot_interfaces/include/robot_interfaces/robot_interfaces/msg/detail/gripper_info__traits.hpp
[2.997s] -- Up-to-date: /home/pi/handsystem/ros2_robot_ws/install/robot_interfaces/include/robot_interfaces/robot_interfaces/msg/detail/gripper_info__struct.hpp
[2.998s] -- Up-to-date: /home/pi/handsystem/ros2_robot_ws/install/robot_interfaces/include/robot_interfaces/robot_interfaces/msg/gripper_command.hpp
[2.998s] -- Up-to-date: /home/pi/handsystem/ros2_robot_ws/install/robot_interfaces/include/robot_interfaces/robot_interfaces
[2.999s] -- Up-to-date: /home/pi/handsystem/ros2_robot_ws/install/robot_interfaces/include/robot_interfaces/robot_interfaces/msg
[3.000s] -- Up-to-date: /home/pi/handsystem/ros2_robot_ws/install/robot_interfaces/include/robot_interfaces/robot_interfaces/msg/detail
[3.001s] -- Up-to-date: /home/pi/handsystem/ros2_robot_ws/install/robot_interfaces/include/robot_interfaces/robot_interfaces/msg/detail/gripper_info__rosidl_typesupport_fastrtps_cpp.hpp
[3.001s] -- Up-to-date: /home/pi/handsystem/ros2_robot_ws/install/robot_interfaces/include/robot_interfaces/robot_interfaces/msg/detail/dds_fastrtps
[3.002s] -- Up-to-date: /home/pi/handsystem/ros2_robot_ws/install/robot_interfaces/include/robot_interfaces/robot_interfaces/msg/detail/gripper_command__rosidl_typesupport_fastrtps_cpp.hpp
[3.002s] -- Up-to-date: /home/pi/handsystem/ros2_robot_ws/install/robot_interfaces/include/robot_interfaces/robot_interfaces/msg/rosidl_typesupport_fastrtps_cpp__visibility_control.h
[3.003s] -- Up-to-date: /home/pi/handsystem/ros2_robot_ws/install/robot_interfaces/lib/librobot_interfaces__rosidl_typesupport_fastrtps_cpp.so
[3.004s] -- Up-to-date: /home/pi/handsystem/ros2_robot_ws/install/robot_interfaces/include/robot_interfaces/robot_interfaces
[3.007s] -- Up-to-date: /home/pi/handsystem/ros2_robot_ws/install/robot_interfaces/include/robot_interfaces/robot_interfaces/msg
[3.008s] -- Up-to-date: /home/pi/handsystem/ros2_robot_ws/install/robot_interfaces/include/robot_interfaces/robot_interfaces/msg/detail
[3.009s] -- Up-to-date: /home/pi/handsystem/ros2_robot_ws/install/robot_interfaces/include/robot_interfaces/robot_interfaces/msg/detail/gripper_info__rosidl_typesupport_introspection_cpp.hpp
[3.010s] -- Up-to-date: /home/pi/handsystem/ros2_robot_ws/install/robot_interfaces/include/robot_interfaces/robot_interfaces/msg/detail/gripper_info__type_support.cpp
[3.010s] -- Up-to-date: /home/pi/handsystem/ros2_robot_ws/install/robot_interfaces/include/robot_interfaces/robot_interfaces/msg/detail/gripper_command__type_support.cpp
[3.011s] -- Up-to-date: /home/pi/handsystem/ros2_robot_ws/install/robot_interfaces/include/robot_interfaces/robot_interfaces/msg/detail/gripper_command__rosidl_typesupport_introspection_cpp.hpp
[3.011s] -- Up-to-date: /home/pi/handsystem/ros2_robot_ws/install/robot_interfaces/lib/librobot_interfaces__rosidl_typesupport_introspection_cpp.so
[3.012s] -- Up-to-date: /home/pi/handsystem/ros2_robot_ws/install/robot_interfaces/lib/librobot_interfaces__rosidl_typesupport_cpp.so
[3.012s] -- Up-to-date: /home/pi/handsystem/ros2_robot_ws/install/robot_interfaces/share/robot_interfaces/environment/pythonpath.sh
[3.013s] -- Up-to-date: /home/pi/handsystem/ros2_robot_ws/install/robot_interfaces/share/robot_interfaces/environment/pythonpath.dsv
[3.013s] -- Up-to-date: /home/pi/handsystem/ros2_robot_ws/install/robot_interfaces/local/lib/python3.10/dist-packages/robot_interfaces-0.0.0-py3.10.egg-info
[3.014s] -- Installing: /home/pi/handsystem/ros2_robot_ws/install/robot_interfaces/local/lib/python3.10/dist-packages/robot_interfaces-0.0.0-py3.10.egg-info/dependency_links.txt
[3.014s] -- Installing: /home/pi/handsystem/ros2_robot_ws/install/robot_interfaces/local/lib/python3.10/dist-packages/robot_interfaces-0.0.0-py3.10.egg-info/top_level.txt
[3.015s] -- Installing: /home/pi/handsystem/ros2_robot_ws/install/robot_interfaces/local/lib/python3.10/dist-packages/robot_interfaces-0.0.0-py3.10.egg-info/SOURCES.txt
[3.016s] -- Installing: /home/pi/handsystem/ros2_robot_ws/install/robot_interfaces/local/lib/python3.10/dist-packages/robot_interfaces-0.0.0-py3.10.egg-info/PKG-INFO
[3.019s] -- Up-to-date: /home/pi/handsystem/ros2_robot_ws/install/robot_interfaces/local/lib/python3.10/dist-packages/robot_interfaces
[3.021s] -- Up-to-date: /home/pi/handsystem/ros2_robot_ws/install/robot_interfaces/local/lib/python3.10/dist-packages/robot_interfaces/_robot_interfaces_s.ep.rosidl_typesupport_introspection_c.c
[3.024s] -- Up-to-date: /home/pi/handsystem/ros2_robot_ws/install/robot_interfaces/local/lib/python3.10/dist-packages/robot_interfaces/robot_interfaces_s__rosidl_typesupport_c.cpython-310-aarch64-linux-gnu.so
[3.025s] -- Up-to-date: /home/pi/handsystem/ros2_robot_ws/install/robot_interfaces/local/lib/python3.10/dist-packages/robot_interfaces/_robot_interfaces_s.ep.rosidl_typesupport_c.c
[3.026s] -- Up-to-date: /home/pi/handsystem/ros2_robot_ws/install/robot_interfaces/local/lib/python3.10/dist-packages/robot_interfaces/librobot_interfaces__rosidl_generator_py.so
[3.026s] -- Up-to-date: /home/pi/handsystem/ros2_robot_ws/install/robot_interfaces/local/lib/python3.10/dist-packages/robot_interfaces/_robot_interfaces_s.ep.rosidl_typesupport_fastrtps_c.c
[3.027s] -- Up-to-date: /home/pi/handsystem/ros2_robot_ws/install/robot_interfaces/local/lib/python3.10/dist-packages/robot_interfaces/msg
[3.028s] -- Up-to-date: /home/pi/handsystem/ros2_robot_ws/install/robot_interfaces/local/lib/python3.10/dist-packages/robot_interfaces/msg/_gripper_command_s.c
[3.028s] -- Up-to-date: /home/pi/handsystem/ros2_robot_ws/install/robot_interfaces/local/lib/python3.10/dist-packages/robot_interfaces/msg/_gripper_info.py
[3.028s] -- Up-to-date: /home/pi/handsystem/ros2_robot_ws/install/robot_interfaces/local/lib/python3.10/dist-packages/robot_interfaces/msg/_gripper_info_s.c
[3.029s] -- Up-to-date: /home/pi/handsystem/ros2_robot_ws/install/robot_interfaces/local/lib/python3.10/dist-packages/robot_interfaces/msg/_gripper_command.py
[3.030s] -- Up-to-date: /home/pi/handsystem/ros2_robot_ws/install/robot_interfaces/local/lib/python3.10/dist-packages/robot_interfaces/msg/__init__.py
[3.030s] -- Up-to-date: /home/pi/handsystem/ros2_robot_ws/install/robot_interfaces/local/lib/python3.10/dist-packages/robot_interfaces/__init__.py
[3.031s] -- Up-to-date: /home/pi/handsystem/ros2_robot_ws/install/robot_interfaces/local/lib/python3.10/dist-packages/robot_interfaces/robot_interfaces_s__rosidl_typesupport_fastrtps_c.cpython-310-aarch64-linux-gnu.so
[3.032s] -- Up-to-date: /home/pi/handsystem/ros2_robot_ws/install/robot_interfaces/local/lib/python3.10/dist-packages/robot_interfaces/robot_interfaces_s__rosidl_typesupport_introspection_c.cpython-310-aarch64-linux-gnu.so
[3.194s] Listing '/home/pi/handsystem/ros2_robot_ws/install/robot_interfaces/local/lib/python3.10/dist-packages/robot_interfaces'...
[3.196s] Listing '/home/pi/handsystem/ros2_robot_ws/install/robot_interfaces/local/lib/python3.10/dist-packages/robot_interfaces/msg'...
[3.221s] -- Up-to-date: /home/pi/handsystem/ros2_robot_ws/install/robot_interfaces/local/lib/python3.10/dist-packages/robot_interfaces/robot_interfaces_s__rosidl_typesupport_fastrtps_c.cpython-310-aarch64-linux-gnu.so
[3.223s] -- Up-to-date: /home/pi/handsystem/ros2_robot_ws/install/robot_interfaces/local/lib/python3.10/dist-packages/robot_interfaces/robot_interfaces_s__rosidl_typesupport_introspection_c.cpython-310-aarch64-linux-gnu.so
[3.225s] -- Up-to-date: /home/pi/handsystem/ros2_robot_ws/install/robot_interfaces/local/lib/python3.10/dist-packages/robot_interfaces/robot_interfaces_s__rosidl_typesupport_c.cpython-310-aarch64-linux-gnu.so
[3.227s] -- Up-to-date: /home/pi/handsystem/ros2_robot_ws/install/robot_interfaces/lib/librobot_interfaces__rosidl_generator_py.so
[3.229s] -- Up-to-date: /home/pi/handsystem/ros2_robot_ws/install/robot_interfaces/share/robot_interfaces/msg/GripperCommand.idl
[3.230s] -- Up-to-date: /home/pi/handsystem/ros2_robot_ws/install/robot_interfaces/share/robot_interfaces/msg/GripperInfo.idl
[3.230s] -- Up-to-date: /home/pi/handsystem/ros2_robot_ws/install/robot_interfaces/share/robot_interfaces/msg/GripperCommand.msg
[3.231s] -- Up-to-date: /home/pi/handsystem/ros2_robot_ws/install/robot_interfaces/share/robot_interfaces/msg/GripperInfo.msg
[3.232s] -- Up-to-date: /home/pi/handsystem/ros2_robot_ws/install/robot_interfaces/share/ament_index/resource_index/package_run_dependencies/robot_interfaces
[3.232s] -- Up-to-date: /home/pi/handsystem/ros2_robot_ws/install/robot_interfaces/share/ament_index/resource_index/parent_prefix_path/robot_interfaces
[3.236s] -- Up-to-date: /home/pi/handsystem/ros2_robot_ws/install/robot_interfaces/share/robot_interfaces/environment/ament_prefix_path.sh
[3.236s] -- Up-to-date: /home/pi/handsystem/ros2_robot_ws/install/robot_interfaces/share/robot_interfaces/environment/ament_prefix_path.dsv
[3.237s] -- Up-to-date: /home/pi/handsystem/ros2_robot_ws/install/robot_interfaces/share/robot_interfaces/environment/path.sh
[3.238s] -- Up-to-date: /home/pi/handsystem/ros2_robot_ws/install/robot_interfaces/share/robot_interfaces/environment/path.dsv
[3.238s] -- Up-to-date: /home/pi/handsystem/ros2_robot_ws/install/robot_interfaces/share/robot_interfaces/local_setup.bash
[3.239s] -- Up-to-date: /home/pi/handsystem/ros2_robot_ws/install/robot_interfaces/share/robot_interfaces/local_setup.sh
[3.239s] -- Up-to-date: /home/pi/handsystem/ros2_robot_ws/install/robot_interfaces/share/robot_interfaces/local_setup.zsh
[3.244s] -- Up-to-date: /home/pi/handsystem/ros2_robot_ws/install/robot_interfaces/share/robot_interfaces/local_setup.dsv
[3.244s] -- Installing: /home/pi/handsystem/ros2_robot_ws/install/robot_interfaces/share/robot_interfaces/package.dsv
[3.245s] -- Up-to-date: /home/pi/handsystem/ros2_robot_ws/install/robot_interfaces/share/ament_index/resource_index/packages/robot_interfaces
[3.246s] -- Up-to-date: /home/pi/handsystem/ros2_robot_ws/install/robot_interfaces/share/robot_interfaces/cmake/export_robot_interfaces__rosidl_generator_cExport.cmake
[3.246s] -- Up-to-date: /home/pi/handsystem/ros2_robot_ws/install/robot_interfaces/share/robot_interfaces/cmake/export_robot_interfaces__rosidl_generator_cExport-noconfig.cmake
[3.247s] -- Up-to-date: /home/pi/handsystem/ros2_robot_ws/install/robot_interfaces/share/robot_interfaces/cmake/export_robot_interfaces__rosidl_typesupport_fastrtps_cExport.cmake
[3.247s] -- Up-to-date: /home/pi/handsystem/ros2_robot_ws/install/robot_interfaces/share/robot_interfaces/cmake/export_robot_interfaces__rosidl_typesupport_fastrtps_cExport-noconfig.cmake
[3.252s] -- Up-to-date: /home/pi/handsystem/ros2_robot_ws/install/robot_interfaces/share/robot_interfaces/cmake/robot_interfaces__rosidl_typesupport_introspection_cExport.cmake
[3.252s] -- Up-to-date: /home/pi/handsystem/ros2_robot_ws/install/robot_interfaces/share/robot_interfaces/cmake/robot_interfaces__rosidl_typesupport_introspection_cExport-noconfig.cmake
[3.253s] -- Up-to-date: /home/pi/handsystem/ros2_robot_ws/install/robot_interfaces/share/robot_interfaces/cmake/robot_interfaces__rosidl_typesupport_cExport.cmake
[3.254s] -- Up-to-date: /home/pi/handsystem/ros2_robot_ws/install/robot_interfaces/share/robot_interfaces/cmake/robot_interfaces__rosidl_typesupport_cExport-noconfig.cmake
[3.255s] -- Up-to-date: /home/pi/handsystem/ros2_robot_ws/install/robot_interfaces/share/robot_interfaces/cmake/export_robot_interfaces__rosidl_generator_cppExport.cmake
[3.255s] -- Up-to-date: /home/pi/handsystem/ros2_robot_ws/install/robot_interfaces/share/robot_interfaces/cmake/export_robot_interfaces__rosidl_typesupport_fastrtps_cppExport.cmake
[3.260s] -- Up-to-date: /home/pi/handsystem/ros2_robot_ws/install/robot_interfaces/share/robot_interfaces/cmake/export_robot_interfaces__rosidl_typesupport_fastrtps_cppExport-noconfig.cmake
[3.272s] -- Up-to-date: /home/pi/handsystem/ros2_robot_ws/install/robot_interfaces/share/robot_interfaces/cmake/robot_interfaces__rosidl_typesupport_introspection_cppExport.cmake
[3.273s] -- Up-to-date: /home/pi/handsystem/ros2_robot_ws/install/robot_interfaces/share/robot_interfaces/cmake/robot_interfaces__rosidl_typesupport_introspection_cppExport-noconfig.cmake
[3.274s] -- Up-to-date: /home/pi/handsystem/ros2_robot_ws/install/robot_interfaces/share/robot_interfaces/cmake/robot_interfaces__rosidl_typesupport_cppExport.cmake
[3.275s] -- Up-to-date: /home/pi/handsystem/ros2_robot_ws/install/robot_interfaces/share/robot_interfaces/cmake/robot_interfaces__rosidl_typesupport_cppExport-noconfig.cmake
[3.276s] -- Up-to-date: /home/pi/handsystem/ros2_robot_ws/install/robot_interfaces/share/robot_interfaces/cmake/export_robot_interfaces__rosidl_generator_pyExport.cmake
[3.277s] -- Up-to-date: /home/pi/handsystem/ros2_robot_ws/install/robot_interfaces/share/robot_interfaces/cmake/export_robot_interfaces__rosidl_generator_pyExport-noconfig.cmake
[3.277s] -- Up-to-date: /home/pi/handsystem/ros2_robot_ws/install/robot_interfaces/share/robot_interfaces/cmake/rosidl_cmake-extras.cmake
[3.278s] -- Up-to-date: /home/pi/handsystem/ros2_robot_ws/install/robot_interfaces/share/robot_interfaces/cmake/ament_cmake_export_include_directories-extras.cmake
[3.279s] -- Up-to-date: /home/pi/handsystem/ros2_robot_ws/install/robot_interfaces/share/robot_interfaces/cmake/ament_cmake_export_libraries-extras.cmake
[3.280s] -- Up-to-date: /home/pi/handsystem/ros2_robot_ws/install/robot_interfaces/share/robot_interfaces/cmake/ament_cmake_export_targets-extras.cmake
[3.281s] -- Up-to-date: /home/pi/handsystem/ros2_robot_ws/install/robot_interfaces/share/robot_interfaces/cmake/rosidl_cmake_export_typesupport_targets-extras.cmake
[3.281s] -- Up-to-date: /home/pi/handsystem/ros2_robot_ws/install/robot_interfaces/share/robot_interfaces/cmake/ament_cmake_export_dependencies-extras.cmake
[3.282s] -- Up-to-date: /home/pi/handsystem/ros2_robot_ws/install/robot_interfaces/share/robot_interfaces/cmake/rosidl_cmake_export_typesupport_libraries-extras.cmake
[3.283s] -- Up-to-date: /home/pi/handsystem/ros2_robot_ws/install/robot_interfaces/share/robot_interfaces/cmake/robot_interfacesConfig.cmake
[3.284s] -- Up-to-date: /home/pi/handsystem/ros2_robot_ws/install/robot_interfaces/share/robot_interfaces/cmake/robot_interfacesConfig-version.cmake
[3.287s] -- Up-to-date: /home/pi/handsystem/ros2_robot_ws/install/robot_interfaces/share/robot_interfaces/package.xml
[3.288s] Invoked command in '/home/pi/handsystem/ros2_robot_ws/build/robot_interfaces' returned '0': CMAKE_PREFIX_PATH=${CMAKE_PREFIX_PATH}:/home/pi/handsystem/ros2_robot_ws/install/gripper_sub:/home/pi/handsystem/ros2_robot_ws/install/gripper_pub:/home/pi/handsystem/ros2_robot_ws/install/arm_test:/home/pi/ros2_ws/install/py_sub:/opt/ros/humble /usr/bin/cmake --install /home/pi/handsystem/ros2_robot_ws/build/robot_interfaces
