[0.000000] (-) TimerEvent: {}
[0.002167] (-) JobUnselected: {'identifier': 'gripper_pub'}
[0.003029] (-) JobUnselected: {'identifier': 'gripper_sub'}
[0.003197] (-) JobUnselected: {'identifier': 'robot_interfaces'}
[0.003931] (arm_test) JobQueued: {'identifier': 'arm_test', 'dependencies': OrderedDict([('robot_interfaces', '/home/pi/handsystem/ros2_robot_ws/install/robot_interfaces')])}
[0.004293] (arm_test) JobStarted: {'identifier': 'arm_test'}
[0.098740] (-) TimerEvent: {}
[0.200070] (-) TimerEvent: {}
[0.301649] (-) TimerEvent: {}
[0.402569] (-) TimerEvent: {}
[0.503466] (-) TimerEvent: {}
[0.604412] (-) TimerEvent: {}
[0.705174] (-) TimerEvent: {}
[0.805955] (-) TimerEvent: {}
[0.906674] (-) TimerEvent: {}
[1.007513] (-) TimerEvent: {}
[1.108318] (-) TimerEvent: {}
[1.209127] (-) TimerEvent: {}
[1.309968] (-) TimerEvent: {}
[1.410787] (-) TimerEvent: {}
[1.511541] (-) TimerEvent: {}
[1.612455] (-) TimerEvent: {}
[1.713388] (-) TimerEvent: {}
[1.814686] (-) TimerEvent: {}
[1.857764] (arm_test) JobEnded: {'identifier': 'arm_test', 'rc': 0}
[1.862735] (-) EventReactorShutdown: {}
