[0.493s] DEBUG:colcon:Command line arguments: ['/usr/bin/colcon', 'build', '--packages-select', 'gripper_sub']
[0.494s] DEBUG:colcon:Parsed command line arguments: Namespace(log_base=None, log_level=None, verb_name='build', build_base='build', install_base='install', merge_install=False, symlink_install=False, test_result_base=None, continue_on_error=False, executor='parallel', parallel_workers=4, event_handlers=None, ignore_user_meta=False, metas=['./colcon.meta'], base_paths=['.'], packages_ignore=None, packages_ignore_regex=None, paths=None, packages_up_to=None, packages_up_to_regex=None, packages_above=None, packages_above_and_dependencies=None, packages_above_depth=None, packages_select_by_dep=None, packages_skip_by_dep=None, packages_skip_up_to=None, packages_select_build_failed=False, packages_skip_build_finished=False, packages_select_test_failures=False, packages_skip_test_passed=False, packages_select=['gripper_sub'], packages_skip=None, packages_select_regex=None, packages_skip_regex=None, packages_start=None, packages_end=None, allow_overriding=[], cmake_args=None, cmake_target=None, cmake_target_skip_unavailable=False, cmake_clean_cache=False, cmake_clean_first=False, cmake_force_configure=False, ament_cmake_args=None, catkin_cmake_args=None, catkin_skip_building_tests=False, mixin_files=None, mixin=None, verb_parser=<colcon_mixin.mixin.mixin_argument.MixinArgumentDecorator object at 0xffffaff3fb80>, verb_extension=<colcon_core.verb.build.BuildVerb object at 0xffffb0110dc0>, main=<bound method BuildVerb.main of <colcon_core.verb.build.BuildVerb object at 0xffffb0110dc0>>, mixin_verb=('build',))
[1.381s] Level 1:colcon.colcon_core.package_discovery:discover_packages(colcon_meta) check parameters
[1.381s] Level 1:colcon.colcon_core.package_discovery:discover_packages(recursive) check parameters
[1.382s] Level 1:colcon.colcon_core.package_discovery:discover_packages(ignore) check parameters
[1.382s] Level 1:colcon.colcon_core.package_discovery:discover_packages(path) check parameters
[1.382s] Level 1:colcon.colcon_core.package_discovery:discover_packages(colcon_meta) discover
[1.382s] Level 1:colcon.colcon_core.package_discovery:discover_packages(recursive) discover
[1.382s] INFO:colcon.colcon_core.package_discovery:Crawling recursively for packages in '/home/pi/handsystem/ros2_robot_ws'
[1.383s] Level 1:colcon.colcon_core.package_identification:_identify(.) by extensions ['ignore', 'ignore_ament_install']
[1.383s] Level 1:colcon.colcon_core.package_identification:_identify(.) by extension 'ignore'
[1.383s] Level 1:colcon.colcon_core.package_identification:_identify(.) by extension 'ignore_ament_install'
[1.384s] Level 1:colcon.colcon_core.package_identification:_identify(.) by extensions ['colcon_pkg']
[1.384s] Level 1:colcon.colcon_core.package_identification:_identify(.) by extension 'colcon_pkg'
[1.384s] Level 1:colcon.colcon_core.package_identification:_identify(.) by extensions ['colcon_meta']
[1.384s] Level 1:colcon.colcon_core.package_identification:_identify(.) by extension 'colcon_meta'
[1.384s] Level 1:colcon.colcon_core.package_identification:_identify(.) by extensions ['ros']
[1.384s] Level 1:colcon.colcon_core.package_identification:_identify(.) by extension 'ros'
[1.430s] Level 1:colcon.colcon_core.package_identification:_identify(.) by extensions ['cmake', 'python']
[1.430s] Level 1:colcon.colcon_core.package_identification:_identify(.) by extension 'cmake'
[1.430s] Level 1:colcon.colcon_core.package_identification:_identify(.) by extension 'python'
[1.430s] Level 1:colcon.colcon_core.package_identification:_identify(.) by extensions ['python_setup_py']
[1.430s] Level 1:colcon.colcon_core.package_identification:_identify(.) by extension 'python_setup_py'
[1.431s] Level 1:colcon.colcon_core.package_identification:_identify(__pycache__) by extensions ['ignore', 'ignore_ament_install']
[1.431s] Level 1:colcon.colcon_core.package_identification:_identify(__pycache__) by extension 'ignore'
[1.432s] Level 1:colcon.colcon_core.package_identification:_identify(__pycache__) by extension 'ignore_ament_install'
[1.432s] Level 1:colcon.colcon_core.package_identification:_identify(__pycache__) by extensions ['colcon_pkg']
[1.432s] Level 1:colcon.colcon_core.package_identification:_identify(__pycache__) by extension 'colcon_pkg'
[1.432s] Level 1:colcon.colcon_core.package_identification:_identify(__pycache__) by extensions ['colcon_meta']
[1.432s] Level 1:colcon.colcon_core.package_identification:_identify(__pycache__) by extension 'colcon_meta'
[1.433s] Level 1:colcon.colcon_core.package_identification:_identify(__pycache__) by extensions ['ros']
[1.433s] Level 1:colcon.colcon_core.package_identification:_identify(__pycache__) by extension 'ros'
[1.433s] Level 1:colcon.colcon_core.package_identification:_identify(__pycache__) by extensions ['cmake', 'python']
[1.433s] Level 1:colcon.colcon_core.package_identification:_identify(__pycache__) by extension 'cmake'
[1.433s] Level 1:colcon.colcon_core.package_identification:_identify(__pycache__) by extension 'python'
[1.434s] Level 1:colcon.colcon_core.package_identification:_identify(__pycache__) by extensions ['python_setup_py']
[1.434s] Level 1:colcon.colcon_core.package_identification:_identify(__pycache__) by extension 'python_setup_py'
[1.434s] Level 1:colcon.colcon_core.package_identification:_identify(build) by extensions ['ignore', 'ignore_ament_install']
[1.435s] Level 1:colcon.colcon_core.package_identification:_identify(build) by extension 'ignore'
[1.435s] Level 1:colcon.colcon_core.package_identification:_identify(build) ignored
[1.435s] Level 1:colcon.colcon_core.package_identification:_identify(install) by extensions ['ignore', 'ignore_ament_install']
[1.436s] Level 1:colcon.colcon_core.package_identification:_identify(install) by extension 'ignore'
[1.436s] Level 1:colcon.colcon_core.package_identification:_identify(install) ignored
[1.440s] Level 1:colcon.colcon_core.package_identification:_identify(log) by extensions ['ignore', 'ignore_ament_install']
[1.440s] Level 1:colcon.colcon_core.package_identification:_identify(log) by extension 'ignore'
[1.440s] Level 1:colcon.colcon_core.package_identification:_identify(log) ignored
[1.441s] Level 1:colcon.colcon_core.package_identification:_identify(src) by extensions ['ignore', 'ignore_ament_install']
[1.441s] Level 1:colcon.colcon_core.package_identification:_identify(src) by extension 'ignore'
[1.441s] Level 1:colcon.colcon_core.package_identification:_identify(src) by extension 'ignore_ament_install'
[1.441s] Level 1:colcon.colcon_core.package_identification:_identify(src) by extensions ['colcon_pkg']
[1.442s] Level 1:colcon.colcon_core.package_identification:_identify(src) by extension 'colcon_pkg'
[1.442s] Level 1:colcon.colcon_core.package_identification:_identify(src) by extensions ['colcon_meta']
[1.442s] Level 1:colcon.colcon_core.package_identification:_identify(src) by extension 'colcon_meta'
[1.442s] Level 1:colcon.colcon_core.package_identification:_identify(src) by extensions ['ros']
[1.442s] Level 1:colcon.colcon_core.package_identification:_identify(src) by extension 'ros'
[1.443s] Level 1:colcon.colcon_core.package_identification:_identify(src) by extensions ['cmake', 'python']
[1.443s] Level 1:colcon.colcon_core.package_identification:_identify(src) by extension 'cmake'
[1.443s] Level 1:colcon.colcon_core.package_identification:_identify(src) by extension 'python'
[1.443s] Level 1:colcon.colcon_core.package_identification:_identify(src) by extensions ['python_setup_py']
[1.443s] Level 1:colcon.colcon_core.package_identification:_identify(src) by extension 'python_setup_py'
[1.444s] Level 1:colcon.colcon_core.package_identification:_identify(src/arm_test) by extensions ['ignore', 'ignore_ament_install']
[1.444s] Level 1:colcon.colcon_core.package_identification:_identify(src/arm_test) by extension 'ignore'
[1.444s] Level 1:colcon.colcon_core.package_identification:_identify(src/arm_test) by extension 'ignore_ament_install'
[1.445s] Level 1:colcon.colcon_core.package_identification:_identify(src/arm_test) by extensions ['colcon_pkg']
[1.445s] Level 1:colcon.colcon_core.package_identification:_identify(src/arm_test) by extension 'colcon_pkg'
[1.445s] Level 1:colcon.colcon_core.package_identification:_identify(src/arm_test) by extensions ['colcon_meta']
[1.445s] Level 1:colcon.colcon_core.package_identification:_identify(src/arm_test) by extension 'colcon_meta'
[1.445s] Level 1:colcon.colcon_core.package_identification:_identify(src/arm_test) by extensions ['ros']
[1.445s] Level 1:colcon.colcon_core.package_identification:_identify(src/arm_test) by extension 'ros'
[1.454s] DEBUG:colcon.colcon_core.package_identification:Package 'src/arm_test' with type 'ros.ament_python' and name 'arm_test'
[1.455s] Level 1:colcon.colcon_core.package_identification:_identify(src/build) by extensions ['ignore', 'ignore_ament_install']
[1.455s] Level 1:colcon.colcon_core.package_identification:_identify(src/build) by extension 'ignore'
[1.455s] Level 1:colcon.colcon_core.package_identification:_identify(src/build) ignored
[1.456s] Level 1:colcon.colcon_core.package_identification:_identify(src/gripper_pub) by extensions ['ignore', 'ignore_ament_install']
[1.456s] Level 1:colcon.colcon_core.package_identification:_identify(src/gripper_pub) by extension 'ignore'
[1.456s] Level 1:colcon.colcon_core.package_identification:_identify(src/gripper_pub) by extension 'ignore_ament_install'
[1.457s] Level 1:colcon.colcon_core.package_identification:_identify(src/gripper_pub) by extensions ['colcon_pkg']
[1.457s] Level 1:colcon.colcon_core.package_identification:_identify(src/gripper_pub) by extension 'colcon_pkg'
[1.457s] Level 1:colcon.colcon_core.package_identification:_identify(src/gripper_pub) by extensions ['colcon_meta']
[1.457s] Level 1:colcon.colcon_core.package_identification:_identify(src/gripper_pub) by extension 'colcon_meta'
[1.458s] Level 1:colcon.colcon_core.package_identification:_identify(src/gripper_pub) by extensions ['ros']
[1.458s] Level 1:colcon.colcon_core.package_identification:_identify(src/gripper_pub) by extension 'ros'
[1.460s] DEBUG:colcon.colcon_core.package_identification:Package 'src/gripper_pub' with type 'ros.ament_python' and name 'gripper_pub'
[1.461s] Level 1:colcon.colcon_core.package_identification:_identify(src/gripper_sub) by extensions ['ignore', 'ignore_ament_install']
[1.461s] Level 1:colcon.colcon_core.package_identification:_identify(src/gripper_sub) by extension 'ignore'
[1.462s] Level 1:colcon.colcon_core.package_identification:_identify(src/gripper_sub) by extension 'ignore_ament_install'
[1.462s] Level 1:colcon.colcon_core.package_identification:_identify(src/gripper_sub) by extensions ['colcon_pkg']
[1.462s] Level 1:colcon.colcon_core.package_identification:_identify(src/gripper_sub) by extension 'colcon_pkg'
[1.462s] Level 1:colcon.colcon_core.package_identification:_identify(src/gripper_sub) by extensions ['colcon_meta']
[1.462s] Level 1:colcon.colcon_core.package_identification:_identify(src/gripper_sub) by extension 'colcon_meta'
[1.463s] Level 1:colcon.colcon_core.package_identification:_identify(src/gripper_sub) by extensions ['ros']
[1.463s] Level 1:colcon.colcon_core.package_identification:_identify(src/gripper_sub) by extension 'ros'
[1.466s] DEBUG:colcon.colcon_core.package_identification:Package 'src/gripper_sub' with type 'ros.ament_python' and name 'gripper_sub'
[1.467s] Level 1:colcon.colcon_core.package_identification:_identify(src/install) by extensions ['ignore', 'ignore_ament_install']
[1.467s] Level 1:colcon.colcon_core.package_identification:_identify(src/install) by extension 'ignore'
[1.467s] Level 1:colcon.colcon_core.package_identification:_identify(src/install) ignored
[1.468s] Level 1:colcon.colcon_core.package_identification:_identify(src/log) by extensions ['ignore', 'ignore_ament_install']
[1.468s] Level 1:colcon.colcon_core.package_identification:_identify(src/log) by extension 'ignore'
[1.468s] Level 1:colcon.colcon_core.package_identification:_identify(src/log) ignored
[1.469s] Level 1:colcon.colcon_core.package_identification:_identify(src/robot_interfaces) by extensions ['ignore', 'ignore_ament_install']
[1.469s] Level 1:colcon.colcon_core.package_identification:_identify(src/robot_interfaces) by extension 'ignore'
[1.469s] Level 1:colcon.colcon_core.package_identification:_identify(src/robot_interfaces) by extension 'ignore_ament_install'
[1.470s] Level 1:colcon.colcon_core.package_identification:_identify(src/robot_interfaces) by extensions ['colcon_pkg']
[1.470s] Level 1:colcon.colcon_core.package_identification:_identify(src/robot_interfaces) by extension 'colcon_pkg'
[1.470s] Level 1:colcon.colcon_core.package_identification:_identify(src/robot_interfaces) by extensions ['colcon_meta']
[1.470s] Level 1:colcon.colcon_core.package_identification:_identify(src/robot_interfaces) by extension 'colcon_meta'
[1.470s] Level 1:colcon.colcon_core.package_identification:_identify(src/robot_interfaces) by extensions ['ros']
[1.470s] Level 1:colcon.colcon_core.package_identification:_identify(src/robot_interfaces) by extension 'ros'
[1.473s] DEBUG:colcon.colcon_core.package_identification:Package 'src/robot_interfaces' with type 'ros.ament_cmake' and name 'robot_interfaces'
[1.473s] Level 1:colcon.colcon_core.package_discovery:discover_packages(recursive) using defaults
[1.473s] Level 1:colcon.colcon_core.package_discovery:discover_packages(ignore) discover
[1.473s] Level 1:colcon.colcon_core.package_discovery:discover_packages(ignore) using defaults
[1.474s] Level 1:colcon.colcon_core.package_discovery:discover_packages(path) discover
[1.474s] Level 1:colcon.colcon_core.package_discovery:discover_packages(path) using defaults
[1.595s] INFO:colcon.colcon_core.package_selection:Skipping not selected package 'robot_interfaces' in 'src/robot_interfaces'
[1.595s] INFO:colcon.colcon_core.package_selection:Skipping not selected package 'arm_test' in 'src/arm_test'
[1.595s] INFO:colcon.colcon_core.package_selection:Skipping not selected package 'gripper_pub' in 'src/gripper_pub'
[1.597s] Level 1:colcon.colcon_core.package_discovery:discover_packages(prefix_path) check parameters
[1.597s] Level 1:colcon.colcon_core.package_discovery:discover_packages(prefix_path) discover
[1.608s] DEBUG:colcon.colcon_installed_package_information.package_discovery:Found 4 installed packages in /home/pi/handsystem/ros2_robot_ws/install
[1.611s] DEBUG:colcon.colcon_installed_package_information.package_discovery:Found 3 installed packages in /home/pi/ros2_ws/install
[1.620s] DEBUG:colcon.colcon_installed_package_information.package_discovery:Found 294 installed packages in /opt/ros/humble
[1.627s] Level 1:colcon.colcon_core.package_discovery:discover_packages(prefix_path) using defaults
[1.814s] Level 5:colcon.colcon_core.verb:set package 'gripper_sub' build argument 'cmake_args' from command line to 'None'
[1.814s] Level 5:colcon.colcon_core.verb:set package 'gripper_sub' build argument 'cmake_target' from command line to 'None'
[1.814s] Level 5:colcon.colcon_core.verb:set package 'gripper_sub' build argument 'cmake_target_skip_unavailable' from command line to 'False'
[1.815s] Level 5:colcon.colcon_core.verb:set package 'gripper_sub' build argument 'cmake_clean_cache' from command line to 'False'
[1.815s] Level 5:colcon.colcon_core.verb:set package 'gripper_sub' build argument 'cmake_clean_first' from command line to 'False'
[1.815s] Level 5:colcon.colcon_core.verb:set package 'gripper_sub' build argument 'cmake_force_configure' from command line to 'False'
[1.815s] Level 5:colcon.colcon_core.verb:set package 'gripper_sub' build argument 'ament_cmake_args' from command line to 'None'
[1.815s] Level 5:colcon.colcon_core.verb:set package 'gripper_sub' build argument 'catkin_cmake_args' from command line to 'None'
[1.815s] Level 5:colcon.colcon_core.verb:set package 'gripper_sub' build argument 'catkin_skip_building_tests' from command line to 'False'
[1.815s] DEBUG:colcon.colcon_core.verb:Building package 'gripper_sub' with the following arguments: {'ament_cmake_args': None, 'build_base': '/home/pi/handsystem/ros2_robot_ws/build/gripper_sub', 'catkin_cmake_args': None, 'catkin_skip_building_tests': False, 'cmake_args': None, 'cmake_clean_cache': False, 'cmake_clean_first': False, 'cmake_force_configure': False, 'cmake_target': None, 'cmake_target_skip_unavailable': False, 'install_base': '/home/pi/handsystem/ros2_robot_ws/install/gripper_sub', 'merge_install': False, 'path': '/home/pi/handsystem/ros2_robot_ws/src/gripper_sub', 'symlink_install': False, 'test_result_base': None}
[1.816s] INFO:colcon.colcon_core.executor:Executing jobs using 'parallel' executor
[1.819s] DEBUG:colcon.colcon_parallel_executor.executor.parallel:run_until_complete
[1.820s] INFO:colcon.colcon_ros.task.ament_python.build:Building ROS package in '/home/pi/handsystem/ros2_robot_ws/src/gripper_sub' with build type 'ament_python'
[1.821s] Level 1:colcon.colcon_core.shell:create_environment_hook('gripper_sub', 'ament_prefix_path')
[1.831s] INFO:colcon.colcon_core.plugin_system:Skipping extension 'colcon_core.shell.bat': Not used on non-Windows systems
[1.832s] INFO:colcon.colcon_core.shell:Creating environment hook '/home/pi/handsystem/ros2_robot_ws/install/gripper_sub/share/gripper_sub/hook/ament_prefix_path.ps1'
[1.834s] INFO:colcon.colcon_core.shell:Creating environment descriptor '/home/pi/handsystem/ros2_robot_ws/install/gripper_sub/share/gripper_sub/hook/ament_prefix_path.dsv'
[1.836s] INFO:colcon.colcon_core.shell:Creating environment hook '/home/pi/handsystem/ros2_robot_ws/install/gripper_sub/share/gripper_sub/hook/ament_prefix_path.sh'
[1.841s] INFO:colcon.colcon_core.shell:Skip shell extension 'powershell' for command environment: Not usable outside of PowerShell
[1.841s] DEBUG:colcon.colcon_core.shell:Skip shell extension 'dsv' for command environment
[3.227s] INFO:colcon.colcon_core.task.python.build:Building Python package in '/home/pi/handsystem/ros2_robot_ws/src/gripper_sub'
[3.228s] INFO:colcon.colcon_core.shell:Skip shell extension 'powershell' for command environment: Not usable outside of PowerShell
[3.229s] DEBUG:colcon.colcon_core.shell:Skip shell extension 'dsv' for command environment
[5.147s] DEBUG:colcon.colcon_core.event_handler.log_command:Invoking command in '/home/pi/handsystem/ros2_robot_ws/src/gripper_sub': PYTHONPATH=/home/pi/handsystem/ros2_robot_ws/build/gripper_sub/prefix_override:/usr/lib/python3/dist-packages/colcon_core/task/python/colcon_distutils_commands:/home/pi/handsystem/ros2_robot_ws/install/gripper_sub/lib/python3.10/site-packages:${PYTHONPATH} /usr/bin/python3 -W ignore:setup.py install is deprecated setup.py egg_info --egg-base ../../build/gripper_sub build --build-base /home/pi/handsystem/ros2_robot_ws/build/gripper_sub/build install --record /home/pi/handsystem/ros2_robot_ws/build/gripper_sub/install.log --single-version-externally-managed install_data
[6.650s] DEBUG:colcon.colcon_core.event_handler.log_command:Invoked command in '/home/pi/handsystem/ros2_robot_ws/src/gripper_sub' returned '0': PYTHONPATH=/home/pi/handsystem/ros2_robot_ws/build/gripper_sub/prefix_override:/usr/lib/python3/dist-packages/colcon_core/task/python/colcon_distutils_commands:/home/pi/handsystem/ros2_robot_ws/install/gripper_sub/lib/python3.10/site-packages:${PYTHONPATH} /usr/bin/python3 -W ignore:setup.py install is deprecated setup.py egg_info --egg-base ../../build/gripper_sub build --build-base /home/pi/handsystem/ros2_robot_ws/build/gripper_sub/build install --record /home/pi/handsystem/ros2_robot_ws/build/gripper_sub/install.log --single-version-externally-managed install_data
[6.661s] Level 1:colcon.colcon_core.environment:checking '/home/pi/handsystem/ros2_robot_ws/install/gripper_sub' for CMake module files
[6.664s] Level 1:colcon.colcon_core.environment:checking '/home/pi/handsystem/ros2_robot_ws/install/gripper_sub' for CMake config files
[6.668s] Level 1:colcon.colcon_core.environment:checking '/home/pi/handsystem/ros2_robot_ws/install/gripper_sub/lib'
[6.669s] Level 1:colcon.colcon_core.environment:checking '/home/pi/handsystem/ros2_robot_ws/install/gripper_sub/bin'
[6.670s] Level 1:colcon.colcon_core.environment:checking '/home/pi/handsystem/ros2_robot_ws/install/gripper_sub/lib/pkgconfig/gripper_sub.pc'
[6.670s] Level 1:colcon.colcon_core.environment:checking '/home/pi/handsystem/ros2_robot_ws/install/gripper_sub/lib/python3.10/site-packages'
[6.671s] Level 1:colcon.colcon_core.shell:create_environment_hook('gripper_sub', 'pythonpath')
[6.672s] INFO:colcon.colcon_core.shell:Creating environment hook '/home/pi/handsystem/ros2_robot_ws/install/gripper_sub/share/gripper_sub/hook/pythonpath.ps1'
[6.674s] INFO:colcon.colcon_core.shell:Creating environment descriptor '/home/pi/handsystem/ros2_robot_ws/install/gripper_sub/share/gripper_sub/hook/pythonpath.dsv'
[6.675s] INFO:colcon.colcon_core.shell:Creating environment hook '/home/pi/handsystem/ros2_robot_ws/install/gripper_sub/share/gripper_sub/hook/pythonpath.sh'
[6.678s] Level 1:colcon.colcon_core.environment:checking '/home/pi/handsystem/ros2_robot_ws/install/gripper_sub/bin'
[6.678s] Level 1:colcon.colcon_core.environment:create_environment_scripts_only(gripper_sub)
[6.680s] INFO:colcon.colcon_core.shell:Creating package script '/home/pi/handsystem/ros2_robot_ws/install/gripper_sub/share/gripper_sub/package.ps1'
[6.683s] INFO:colcon.colcon_core.shell:Creating package descriptor '/home/pi/handsystem/ros2_robot_ws/install/gripper_sub/share/gripper_sub/package.dsv'
[6.686s] INFO:colcon.colcon_core.shell:Creating package script '/home/pi/handsystem/ros2_robot_ws/install/gripper_sub/share/gripper_sub/package.sh'
[6.690s] INFO:colcon.colcon_core.shell:Creating package script '/home/pi/handsystem/ros2_robot_ws/install/gripper_sub/share/gripper_sub/package.bash'
[6.693s] INFO:colcon.colcon_core.shell:Creating package script '/home/pi/handsystem/ros2_robot_ws/install/gripper_sub/share/gripper_sub/package.zsh'
[6.696s] Level 1:colcon.colcon_core.environment:create_file_with_runtime_dependencies(/home/pi/handsystem/ros2_robot_ws/install/gripper_sub/share/colcon-core/packages/gripper_sub)
[6.697s] DEBUG:colcon.colcon_parallel_executor.executor.parallel:closing loop
[6.698s] DEBUG:colcon.colcon_parallel_executor.executor.parallel:loop closed
[6.700s] DEBUG:colcon.colcon_parallel_executor.executor.parallel:run_until_complete finished with '0'
[6.700s] DEBUG:colcon.colcon_core.event_reactor:joining thread
[6.723s] INFO:colcon.colcon_core.plugin_system:Skipping extension 'colcon_notification.desktop_notification.terminal_notifier': Not used on non-Darwin systems
[6.723s] INFO:colcon.colcon_core.plugin_system:Skipping extension 'colcon_notification.desktop_notification.win32': Not used on non-Windows systems
[6.724s] INFO:colcon.colcon_notification.desktop_notification:Sending desktop notification using 'notify2'
[6.728s] DEBUG:colcon.colcon_notification.desktop_notification.notify2:Failed to initialize notify2: org.freedesktop.DBus.Error.ServiceUnknown: The name org.freedesktop.Notifications was not provided by any .service files
[6.729s] DEBUG:colcon.colcon_core.event_reactor:joined thread
[6.730s] INFO:colcon.colcon_core.shell:Creating prefix script '/home/pi/handsystem/ros2_robot_ws/install/local_setup.ps1'
[6.733s] INFO:colcon.colcon_core.shell:Creating prefix util module '/home/pi/handsystem/ros2_robot_ws/install/_local_setup_util_ps1.py'
[6.739s] INFO:colcon.colcon_core.shell:Creating prefix chain script '/home/pi/handsystem/ros2_robot_ws/install/setup.ps1'
[6.746s] INFO:colcon.colcon_core.shell:Creating prefix script '/home/pi/handsystem/ros2_robot_ws/install/local_setup.sh'
[6.749s] INFO:colcon.colcon_core.shell:Creating prefix util module '/home/pi/handsystem/ros2_robot_ws/install/_local_setup_util_sh.py'
[6.751s] INFO:colcon.colcon_core.shell:Creating prefix chain script '/home/pi/handsystem/ros2_robot_ws/install/setup.sh'
[6.757s] INFO:colcon.colcon_core.shell:Creating prefix script '/home/pi/handsystem/ros2_robot_ws/install/local_setup.bash'
[6.759s] INFO:colcon.colcon_core.shell:Creating prefix chain script '/home/pi/handsystem/ros2_robot_ws/install/setup.bash'
[6.765s] INFO:colcon.colcon_core.shell:Creating prefix script '/home/pi/handsystem/ros2_robot_ws/install/local_setup.zsh'
[6.768s] INFO:colcon.colcon_core.shell:Creating prefix chain script '/home/pi/handsystem/ros2_robot_ws/install/setup.zsh'
