[8.282s] Invoking command in '/home/pi/handsystem/ros2_robot_ws/src/gripper_sub': PYTHONPATH=/home/pi/handsystem/ros2_robot_ws/build/gripper_sub/prefix_override:/home/pi/handsystem/ros2_robot_ws/install/gripper_sub/lib/python3.10/site-packages:${PYTHONPATH} /usr/bin/python3 -W ignore:setup.py install is deprecated setup.py egg_info --egg-base ../../build/gripper_sub build --build-base /home/pi/handsystem/ros2_robot_ws/build/gripper_sub/build install --record /home/pi/handsystem/ros2_robot_ws/build/gripper_sub/install.log --single-version-externally-managed install_data
[10.845s] running egg_info
[10.850s] writing ../../build/gripper_sub/gripper_sub.egg-info/PKG-INFO
[10.854s] writing dependency_links to ../../build/gripper_sub/gripper_sub.egg-info/dependency_links.txt
[10.855s] writing entry points to ../../build/gripper_sub/gripper_sub.egg-info/entry_points.txt
[10.856s] writing requirements to ../../build/gripper_sub/gripper_sub.egg-info/requires.txt
[10.857s] writing top-level names to ../../build/gripper_sub/gripper_sub.egg-info/top_level.txt
[10.865s] reading manifest file '../../build/gripper_sub/gripper_sub.egg-info/SOURCES.txt'
[10.867s] adding license file 'LICENSE'
[10.877s] writing manifest file '../../build/gripper_sub/gripper_sub.egg-info/SOURCES.txt'
[10.878s] running build
[10.878s] running build_py
[10.880s] running install
[10.885s] running install_lib
[10.890s] running install_data
[10.891s] running install_egg_info
[10.906s] removing '/home/pi/handsystem/ros2_robot_ws/install/gripper_sub/lib/python3.10/site-packages/gripper_sub-0.0.0-py3.10.egg-info' (and everything under it)
[10.907s] Copying ../../build/gripper_sub/gripper_sub.egg-info to /home/pi/handsystem/ros2_robot_ws/install/gripper_sub/lib/python3.10/site-packages/gripper_sub-0.0.0-py3.10.egg-info
[10.911s] running install_scripts
[11.044s] Installing listener script to /home/pi/handsystem/ros2_robot_ws/install/gripper_sub/lib/gripper_sub
[11.045s] writing list of installed files to '/home/pi/handsystem/ros2_robot_ws/build/gripper_sub/install.log'
[11.208s] Invoked command in '/home/pi/handsystem/ros2_robot_ws/src/gripper_sub' returned '0': PYTHONPATH=/home/pi/handsystem/ros2_robot_ws/build/gripper_sub/prefix_override:/home/pi/handsystem/ros2_robot_ws/install/gripper_sub/lib/python3.10/site-packages:${PYTHONPATH} /usr/bin/python3 -W ignore:setup.py install is deprecated setup.py egg_info --egg-base ../../build/gripper_sub build --build-base /home/pi/handsystem/ros2_robot_ws/build/gripper_sub/build install --record /home/pi/handsystem/ros2_robot_ws/build/gripper_sub/install.log --single-version-externally-managed install_data
