[3.326s] Invoking command in '/home/pi/handsystem/ros2_robot_ws/src/gripper_sub': PYTHONPATH=/home/pi/handsystem/ros2_robot_ws/build/gripper_sub/prefix_override:/usr/lib/python3/dist-packages/colcon_core/task/python/colcon_distutils_commands:/home/pi/handsystem/ros2_robot_ws/install/gripper_sub/lib/python3.10/site-packages:${PYTHONPATH} /usr/bin/python3 -W ignore:setup.py install is deprecated setup.py egg_info --egg-base ../../build/gripper_sub build --build-base /home/pi/handsystem/ros2_robot_ws/build/gripper_sub/build install --record /home/pi/handsystem/ros2_robot_ws/build/gripper_sub/install.log --single-version-externally-managed install_data
[4.634s] running egg_info
[4.637s] writing ../../build/gripper_sub/gripper_sub.egg-info/PKG-INFO
[4.639s] writing dependency_links to ../../build/gripper_sub/gripper_sub.egg-info/dependency_links.txt
[4.640s] writing entry points to ../../build/gripper_sub/gripper_sub.egg-info/entry_points.txt
[4.641s] writing requirements to ../../build/gripper_sub/gripper_sub.egg-info/requires.txt
[4.641s] writing top-level names to ../../build/gripper_sub/gripper_sub.egg-info/top_level.txt
[4.650s] reading manifest file '../../build/gripper_sub/gripper_sub.egg-info/SOURCES.txt'
[4.651s] adding license file 'LICENSE'
[4.659s] writing manifest file '../../build/gripper_sub/gripper_sub.egg-info/SOURCES.txt'
[4.660s] running build
[4.660s] running build_py
[4.661s] copying gripper_sub/subscriber_member_function.py -> /home/pi/handsystem/ros2_robot_ws/build/gripper_sub/build/lib/gripper_sub
[4.662s] copying gripper_sub/claw.py -> /home/pi/handsystem/ros2_robot_ws/build/gripper_sub/build/lib/gripper_sub
[4.664s] running install
[4.665s] running install_lib
[4.669s] copying /home/pi/handsystem/ros2_robot_ws/build/gripper_sub/build/lib/gripper_sub/subscriber_member_function.py -> /home/pi/handsystem/ros2_robot_ws/install/gripper_sub/lib/python3.10/site-packages/gripper_sub
[4.671s] copying /home/pi/handsystem/ros2_robot_ws/build/gripper_sub/build/lib/gripper_sub/claw.py -> /home/pi/handsystem/ros2_robot_ws/install/gripper_sub/lib/python3.10/site-packages/gripper_sub
[4.674s] byte-compiling /home/pi/handsystem/ros2_robot_ws/install/gripper_sub/lib/python3.10/site-packages/gripper_sub/subscriber_member_function.py to subscriber_member_function.cpython-310.pyc
[4.680s] byte-compiling /home/pi/handsystem/ros2_robot_ws/install/gripper_sub/lib/python3.10/site-packages/gripper_sub/claw.py to claw.cpython-310.pyc
[4.686s] running install_data
[4.687s] running install_egg_info
[4.694s] removing '/home/pi/handsystem/ros2_robot_ws/install/gripper_sub/lib/python3.10/site-packages/gripper_sub-0.0.0-py3.10.egg-info' (and everything under it)
[4.695s] Copying ../../build/gripper_sub/gripper_sub.egg-info to /home/pi/handsystem/ros2_robot_ws/install/gripper_sub/lib/python3.10/site-packages/gripper_sub-0.0.0-py3.10.egg-info
[4.703s] running install_scripts
[4.782s] Installing listener script to /home/pi/handsystem/ros2_robot_ws/install/gripper_sub/lib/gripper_sub
[4.785s] writing list of installed files to '/home/pi/handsystem/ros2_robot_ws/build/gripper_sub/install.log'
[4.905s] Invoked command in '/home/pi/handsystem/ros2_robot_ws/src/gripper_sub' returned '0': PYTHONPATH=/home/pi/handsystem/ros2_robot_ws/build/gripper_sub/prefix_override:/usr/lib/python3/dist-packages/colcon_core/task/python/colcon_distutils_commands:/home/pi/handsystem/ros2_robot_ws/install/gripper_sub/lib/python3.10/site-packages:${PYTHONPATH} /usr/bin/python3 -W ignore:setup.py install is deprecated setup.py egg_info --egg-base ../../build/gripper_sub build --build-base /home/pi/handsystem/ros2_robot_ws/build/gripper_sub/build install --record /home/pi/handsystem/ros2_robot_ws/build/gripper_sub/install.log --single-version-externally-managed install_data
