[7.675s] Invoking command in '/home/pi/handsystem/ros2_robot_ws/src/gripper_pub': PYTHONPATH=/home/pi/handsystem/ros2_robot_ws/build/gripper_pub/prefix_override:/home/pi/handsystem/ros2_robot_ws/install/gripper_pub/lib/python3.10/site-packages:${PYTHONPATH} /usr/bin/python3 -W ignore:setup.py install is deprecated setup.py egg_info --egg-base ../../build/gripper_pub build --build-base /home/pi/handsystem/ros2_robot_ws/build/gripper_pub/build install --record /home/pi/handsystem/ros2_robot_ws/build/gripper_pub/install.log --single-version-externally-managed install_data
[10.407s] running egg_info
[10.413s] writing ../../build/gripper_pub/gripper_pub.egg-info/PKG-INFO
[10.414s] writing dependency_links to ../../build/gripper_pub/gripper_pub.egg-info/dependency_links.txt
[10.418s] writing entry points to ../../build/gripper_pub/gripper_pub.egg-info/entry_points.txt
[10.418s] writing requirements to ../../build/gripper_pub/gripper_pub.egg-info/requires.txt
[10.419s] writing top-level names to ../../build/gripper_pub/gripper_pub.egg-info/top_level.txt
[10.429s] reading manifest file '../../build/gripper_pub/gripper_pub.egg-info/SOURCES.txt'
[10.434s] adding license file 'LICENSE'
[10.442s] writing manifest file '../../build/gripper_pub/gripper_pub.egg-info/SOURCES.txt'
[10.443s] running build
[10.444s] running build_py
[10.448s] running install
[10.450s] running install_lib
[10.454s] running install_data
[10.455s] running install_egg_info
[10.466s] removing '/home/pi/handsystem/ros2_robot_ws/install/gripper_pub/lib/python3.10/site-packages/gripper_pub-0.0.0-py3.10.egg-info' (and everything under it)
[10.469s] Copying ../../build/gripper_pub/gripper_pub.egg-info to /home/pi/handsystem/ros2_robot_ws/install/gripper_pub/lib/python3.10/site-packages/gripper_pub-0.0.0-py3.10.egg-info
[10.478s] running install_scripts
[10.586s] Installing talker script to /home/pi/handsystem/ros2_robot_ws/install/gripper_pub/lib/gripper_pub
[10.592s] writing list of installed files to '/home/pi/handsystem/ros2_robot_ws/build/gripper_pub/install.log'
[10.773s] Invoked command in '/home/pi/handsystem/ros2_robot_ws/src/gripper_pub' returned '0': PYTHONPATH=/home/pi/handsystem/ros2_robot_ws/build/gripper_pub/prefix_override:/home/pi/handsystem/ros2_robot_ws/install/gripper_pub/lib/python3.10/site-packages:${PYTHONPATH} /usr/bin/python3 -W ignore:setup.py install is deprecated setup.py egg_info --egg-base ../../build/gripper_pub build --build-base /home/pi/handsystem/ros2_robot_ws/build/gripper_pub/build install --record /home/pi/handsystem/ros2_robot_ws/build/gripper_pub/install.log --single-version-externally-managed install_data
