[3.474s] Invoking command in '/home/pi/handsystem/ros2_robot_ws/src/gripper_sub': PYTHONPATH=/home/pi/handsystem/build/gripper_sub/prefix_override:/usr/lib/python3/dist-packages/colcon_core/task/python/colcon_distutils_commands:/home/pi/handsystem/install/gripper_sub/lib/python3.10/site-packages:${PYTHONPATH} /usr/bin/python3 -W ignore:setup.py install is deprecated setup.py egg_info --egg-base ../../../build/gripper_sub build --build-base /home/pi/handsystem/build/gripper_sub/build install --record /home/pi/handsystem/build/gripper_sub/install.log --single-version-externally-managed install_data
[4.899s] running egg_info
[4.903s] writing ../../../build/gripper_sub/gripper_sub.egg-info/PKG-INFO
[4.906s] writing dependency_links to ../../../build/gripper_sub/gripper_sub.egg-info/dependency_links.txt
[4.908s] writing entry points to ../../../build/gripper_sub/gripper_sub.egg-info/entry_points.txt
[4.910s] writing requirements to ../../../build/gripper_sub/gripper_sub.egg-info/requires.txt
[4.912s] writing top-level names to ../../../build/gripper_sub/gripper_sub.egg-info/top_level.txt
[4.922s] reading manifest file '../../../build/gripper_sub/gripper_sub.egg-info/SOURCES.txt'
[4.924s] adding license file 'LICENSE'
[4.927s] writing manifest file '../../../build/gripper_sub/gripper_sub.egg-info/SOURCES.txt'
[4.929s] running build
[4.933s] running build_py
[4.935s] copying gripper_sub/subscriber_member_function.py -> /home/pi/handsystem/build/gripper_sub/build/lib/gripper_sub
[4.936s] copying gripper_sub/claw.py -> /home/pi/handsystem/build/gripper_sub/build/lib/gripper_sub
[4.937s] copying gripper_sub/gripper_sub_main.py -> /home/pi/handsystem/build/gripper_sub/build/lib/gripper_sub
[4.939s] running install
[4.940s] running install_lib
[4.944s] copying /home/pi/handsystem/build/gripper_sub/build/lib/gripper_sub/subscriber_member_function.py -> /home/pi/handsystem/install/gripper_sub/lib/python3.10/site-packages/gripper_sub
[4.946s] copying /home/pi/handsystem/build/gripper_sub/build/lib/gripper_sub/claw.py -> /home/pi/handsystem/install/gripper_sub/lib/python3.10/site-packages/gripper_sub
[4.947s] copying /home/pi/handsystem/build/gripper_sub/build/lib/gripper_sub/gripper_sub_main.py -> /home/pi/handsystem/install/gripper_sub/lib/python3.10/site-packages/gripper_sub
[4.950s] byte-compiling /home/pi/handsystem/install/gripper_sub/lib/python3.10/site-packages/gripper_sub/subscriber_member_function.py to subscriber_member_function.cpython-310.pyc
[4.955s] byte-compiling /home/pi/handsystem/install/gripper_sub/lib/python3.10/site-packages/gripper_sub/claw.py to claw.cpython-310.pyc
[4.961s] byte-compiling /home/pi/handsystem/install/gripper_sub/lib/python3.10/site-packages/gripper_sub/gripper_sub_main.py to gripper_sub_main.cpython-310.pyc
[4.967s] running install_data
[4.968s] running install_egg_info
[4.977s] removing '/home/pi/handsystem/install/gripper_sub/lib/python3.10/site-packages/gripper_sub-0.0.0-py3.10.egg-info' (and everything under it)
[4.979s] Copying ../../../build/gripper_sub/gripper_sub.egg-info to /home/pi/handsystem/install/gripper_sub/lib/python3.10/site-packages/gripper_sub-0.0.0-py3.10.egg-info
[4.989s] running install_scripts
[5.076s] Installing listener script to /home/pi/handsystem/install/gripper_sub/lib/gripper_sub
[5.078s] writing list of installed files to '/home/pi/handsystem/build/gripper_sub/install.log'
[5.217s] Invoked command in '/home/pi/handsystem/ros2_robot_ws/src/gripper_sub' returned '0': PYTHONPATH=/home/pi/handsystem/build/gripper_sub/prefix_override:/usr/lib/python3/dist-packages/colcon_core/task/python/colcon_distutils_commands:/home/pi/handsystem/install/gripper_sub/lib/python3.10/site-packages:${PYTHONPATH} /usr/bin/python3 -W ignore:setup.py install is deprecated setup.py egg_info --egg-base ../../../build/gripper_sub build --build-base /home/pi/handsystem/build/gripper_sub/build install --record /home/pi/handsystem/build/gripper_sub/install.log --single-version-externally-managed install_data
