[3.434s] Invoking command in '/home/pi/handsystem/ros2_robot_ws/src/gripper_sub': PYTHONPATH=/home/pi/handsystem/build/gripper_sub/prefix_override:/usr/lib/python3/dist-packages/colcon_core/task/python/colcon_distutils_commands:/home/pi/handsystem/install/gripper_sub/lib/python3.10/site-packages:${PYTHONPATH} /usr/bin/python3 -W ignore:setup.py install is deprecated setup.py egg_info --egg-base ../../../build/gripper_sub build --build-base /home/pi/handsystem/build/gripper_sub/build install --record /home/pi/handsystem/build/gripper_sub/install.log --single-version-externally-managed install_data
[4.720s] running egg_info
[4.723s] writing ../../../build/gripper_sub/gripper_sub.egg-info/PKG-INFO
[4.724s] writing dependency_links to ../../../build/gripper_sub/gripper_sub.egg-info/dependency_links.txt
[4.725s] writing entry points to ../../../build/gripper_sub/gripper_sub.egg-info/entry_points.txt
[4.726s] writing requirements to ../../../build/gripper_sub/gripper_sub.egg-info/requires.txt
[4.726s] writing top-level names to ../../../build/gripper_sub/gripper_sub.egg-info/top_level.txt
[4.735s] reading manifest file '../../../build/gripper_sub/gripper_sub.egg-info/SOURCES.txt'
[4.737s] adding license file 'LICENSE'
[4.740s] writing manifest file '../../../build/gripper_sub/gripper_sub.egg-info/SOURCES.txt'
[4.741s] running build
[4.744s] running build_py
[4.746s] copying gripper_sub/table.py -> /home/pi/handsystem/build/gripper_sub/build/lib/gripper_sub
[4.747s] copying gripper_sub/subscriber_member_function.py -> /home/pi/handsystem/build/gripper_sub/build/lib/gripper_sub
[4.749s] copying gripper_sub/claw.py -> /home/pi/handsystem/build/gripper_sub/build/lib/gripper_sub
[4.750s] copying gripper_sub/gripper_sub_main.py -> /home/pi/handsystem/build/gripper_sub/build/lib/gripper_sub
[4.751s] running install
[4.752s] running install_lib
[4.756s] copying /home/pi/handsystem/build/gripper_sub/build/lib/gripper_sub/table.py -> /home/pi/handsystem/install/gripper_sub/lib/python3.10/site-packages/gripper_sub
[4.757s] copying /home/pi/handsystem/build/gripper_sub/build/lib/gripper_sub/subscriber_member_function.py -> /home/pi/handsystem/install/gripper_sub/lib/python3.10/site-packages/gripper_sub
[4.759s] copying /home/pi/handsystem/build/gripper_sub/build/lib/gripper_sub/claw.py -> /home/pi/handsystem/install/gripper_sub/lib/python3.10/site-packages/gripper_sub
[4.760s] copying /home/pi/handsystem/build/gripper_sub/build/lib/gripper_sub/gripper_sub_main.py -> /home/pi/handsystem/install/gripper_sub/lib/python3.10/site-packages/gripper_sub
[4.763s] byte-compiling /home/pi/handsystem/install/gripper_sub/lib/python3.10/site-packages/gripper_sub/table.py to table.cpython-310.pyc
[4.766s] byte-compiling /home/pi/handsystem/install/gripper_sub/lib/python3.10/site-packages/gripper_sub/subscriber_member_function.py to subscriber_member_function.cpython-310.pyc
[4.773s] byte-compiling /home/pi/handsystem/install/gripper_sub/lib/python3.10/site-packages/gripper_sub/claw.py to claw.cpython-310.pyc
[4.778s] byte-compiling /home/pi/handsystem/install/gripper_sub/lib/python3.10/site-packages/gripper_sub/gripper_sub_main.py to gripper_sub_main.cpython-310.pyc
[4.780s] running install_data
[4.781s] running install_egg_info
[4.789s] removing '/home/pi/handsystem/install/gripper_sub/lib/python3.10/site-packages/gripper_sub-0.0.0-py3.10.egg-info' (and everything under it)
[4.791s] Copying ../../../build/gripper_sub/gripper_sub.egg-info to /home/pi/handsystem/install/gripper_sub/lib/python3.10/site-packages/gripper_sub-0.0.0-py3.10.egg-info
[4.798s] running install_scripts
[4.882s] Installing listener script to /home/pi/handsystem/install/gripper_sub/lib/gripper_sub
[4.885s] writing list of installed files to '/home/pi/handsystem/build/gripper_sub/install.log'
[5.006s] Invoked command in '/home/pi/handsystem/ros2_robot_ws/src/gripper_sub' returned '0': PYTHONPATH=/home/pi/handsystem/build/gripper_sub/prefix_override:/usr/lib/python3/dist-packages/colcon_core/task/python/colcon_distutils_commands:/home/pi/handsystem/install/gripper_sub/lib/python3.10/site-packages:${PYTHONPATH} /usr/bin/python3 -W ignore:setup.py install is deprecated setup.py egg_info --egg-base ../../../build/gripper_sub build --build-base /home/pi/handsystem/build/gripper_sub/build install --record /home/pi/handsystem/build/gripper_sub/install.log --single-version-externally-managed install_data
