[0.485s] DEBUG:colcon:Command line arguments: ['/usr/bin/colcon', 'build', '--packages-select', 'gripper_sub']
[0.485s] DEBUG:colcon:Parsed command line arguments: Namespace(log_base=None, log_level=None, verb_name='build', build_base='build', install_base='install', merge_install=False, symlink_install=False, test_result_base=None, continue_on_error=False, executor='parallel', parallel_workers=4, event_handlers=None, ignore_user_meta=False, metas=['./colcon.meta'], base_paths=['.'], packages_ignore=None, packages_ignore_regex=None, paths=None, packages_up_to=None, packages_up_to_regex=None, packages_above=None, packages_above_and_dependencies=None, packages_above_depth=None, packages_select_by_dep=None, packages_skip_by_dep=None, packages_skip_up_to=None, packages_select_build_failed=False, packages_skip_build_finished=False, packages_select_test_failures=False, packages_skip_test_passed=False, packages_select=['gripper_sub'], packages_skip=None, packages_select_regex=None, packages_skip_regex=None, packages_start=None, packages_end=None, allow_overriding=[], cmake_args=None, cmake_target=None, cmake_target_skip_unavailable=False, cmake_clean_cache=False, cmake_clean_first=False, cmake_force_configure=False, ament_cmake_args=None, catkin_cmake_args=None, catkin_skip_building_tests=False, mixin_files=None, mixin=None, verb_parser=<colcon_mixin.mixin.mixin_argument.MixinArgumentDecorator object at 0xffff9e4e3af0>, verb_extension=<colcon_core.verb.build.BuildVerb object at 0xffff9e6e0d30>, main=<bound method BuildVerb.main of <colcon_core.verb.build.BuildVerb object at 0xffff9e6e0d30>>, mixin_verb=('build',))
[1.521s] Level 1:colcon.colcon_core.package_discovery:discover_packages(colcon_meta) check parameters
[1.522s] Level 1:colcon.colcon_core.package_discovery:discover_packages(recursive) check parameters
[1.522s] Level 1:colcon.colcon_core.package_discovery:discover_packages(ignore) check parameters
[1.522s] Level 1:colcon.colcon_core.package_discovery:discover_packages(path) check parameters
[1.523s] Level 1:colcon.colcon_core.package_discovery:discover_packages(colcon_meta) discover
[1.523s] Level 1:colcon.colcon_core.package_discovery:discover_packages(recursive) discover
[1.523s] INFO:colcon.colcon_core.package_discovery:Crawling recursively for packages in '/home/pi/handsystem/ros2_robot_ws'
[1.524s] Level 1:colcon.colcon_core.package_identification:_identify(.) by extensions ['ignore', 'ignore_ament_install']
[1.525s] Level 1:colcon.colcon_core.package_identification:_identify(.) by extension 'ignore'
[1.525s] Level 1:colcon.colcon_core.package_identification:_identify(.) by extension 'ignore_ament_install'
[1.526s] Level 1:colcon.colcon_core.package_identification:_identify(.) by extensions ['colcon_pkg']
[1.526s] Level 1:colcon.colcon_core.package_identification:_identify(.) by extension 'colcon_pkg'
[1.527s] Level 1:colcon.colcon_core.package_identification:_identify(.) by extensions ['colcon_meta']
[1.527s] Level 1:colcon.colcon_core.package_identification:_identify(.) by extension 'colcon_meta'
[1.527s] Level 1:colcon.colcon_core.package_identification:_identify(.) by extensions ['ros']
[1.528s] Level 1:colcon.colcon_core.package_identification:_identify(.) by extension 'ros'
[1.595s] Level 1:colcon.colcon_core.package_identification:_identify(.) by extensions ['cmake', 'python']
[1.596s] Level 1:colcon.colcon_core.package_identification:_identify(.) by extension 'cmake'
[1.596s] Level 1:colcon.colcon_core.package_identification:_identify(.) by extension 'python'
[1.597s] Level 1:colcon.colcon_core.package_identification:_identify(.) by extensions ['python_setup_py']
[1.599s] Level 1:colcon.colcon_core.package_identification:_identify(.) by extension 'python_setup_py'
[1.600s] Level 1:colcon.colcon_core.package_identification:_identify(__pycache__) by extensions ['ignore', 'ignore_ament_install']
[1.600s] Level 1:colcon.colcon_core.package_identification:_identify(__pycache__) by extension 'ignore'
[1.601s] Level 1:colcon.colcon_core.package_identification:_identify(__pycache__) by extension 'ignore_ament_install'
[1.601s] Level 1:colcon.colcon_core.package_identification:_identify(__pycache__) by extensions ['colcon_pkg']
[1.602s] Level 1:colcon.colcon_core.package_identification:_identify(__pycache__) by extension 'colcon_pkg'
[1.602s] Level 1:colcon.colcon_core.package_identification:_identify(__pycache__) by extensions ['colcon_meta']
[1.602s] Level 1:colcon.colcon_core.package_identification:_identify(__pycache__) by extension 'colcon_meta'
[1.603s] Level 1:colcon.colcon_core.package_identification:_identify(__pycache__) by extensions ['ros']
[1.603s] Level 1:colcon.colcon_core.package_identification:_identify(__pycache__) by extension 'ros'
[1.603s] Level 1:colcon.colcon_core.package_identification:_identify(__pycache__) by extensions ['cmake', 'python']
[1.604s] Level 1:colcon.colcon_core.package_identification:_identify(__pycache__) by extension 'cmake'
[1.604s] Level 1:colcon.colcon_core.package_identification:_identify(__pycache__) by extension 'python'
[1.604s] Level 1:colcon.colcon_core.package_identification:_identify(__pycache__) by extensions ['python_setup_py']
[1.605s] Level 1:colcon.colcon_core.package_identification:_identify(__pycache__) by extension 'python_setup_py'
[1.606s] Level 1:colcon.colcon_core.package_identification:_identify(build) by extensions ['ignore', 'ignore_ament_install']
[1.607s] Level 1:colcon.colcon_core.package_identification:_identify(build) by extension 'ignore'
[1.607s] Level 1:colcon.colcon_core.package_identification:_identify(build) ignored
[1.609s] Level 1:colcon.colcon_core.package_identification:_identify(install) by extensions ['ignore', 'ignore_ament_install']
[1.610s] Level 1:colcon.colcon_core.package_identification:_identify(install) by extension 'ignore'
[1.611s] Level 1:colcon.colcon_core.package_identification:_identify(install) ignored
[1.614s] Level 1:colcon.colcon_core.package_identification:_identify(log) by extensions ['ignore', 'ignore_ament_install']
[1.615s] Level 1:colcon.colcon_core.package_identification:_identify(log) by extension 'ignore'
[1.616s] Level 1:colcon.colcon_core.package_identification:_identify(log) ignored
[1.617s] Level 1:colcon.colcon_core.package_identification:_identify(src) by extensions ['ignore', 'ignore_ament_install']
[1.618s] Level 1:colcon.colcon_core.package_identification:_identify(src) by extension 'ignore'
[1.618s] Level 1:colcon.colcon_core.package_identification:_identify(src) by extension 'ignore_ament_install'
[1.619s] Level 1:colcon.colcon_core.package_identification:_identify(src) by extensions ['colcon_pkg']
[1.619s] Level 1:colcon.colcon_core.package_identification:_identify(src) by extension 'colcon_pkg'
[1.620s] Level 1:colcon.colcon_core.package_identification:_identify(src) by extensions ['colcon_meta']
[1.620s] Level 1:colcon.colcon_core.package_identification:_identify(src) by extension 'colcon_meta'
[1.621s] Level 1:colcon.colcon_core.package_identification:_identify(src) by extensions ['ros']
[1.621s] Level 1:colcon.colcon_core.package_identification:_identify(src) by extension 'ros'
[1.622s] Level 1:colcon.colcon_core.package_identification:_identify(src) by extensions ['cmake', 'python']
[1.623s] Level 1:colcon.colcon_core.package_identification:_identify(src) by extension 'cmake'
[1.623s] Level 1:colcon.colcon_core.package_identification:_identify(src) by extension 'python'
[1.624s] Level 1:colcon.colcon_core.package_identification:_identify(src) by extensions ['python_setup_py']
[1.624s] Level 1:colcon.colcon_core.package_identification:_identify(src) by extension 'python_setup_py'
[1.626s] Level 1:colcon.colcon_core.package_identification:_identify(src/arm_test) by extensions ['ignore', 'ignore_ament_install']
[1.627s] Level 1:colcon.colcon_core.package_identification:_identify(src/arm_test) by extension 'ignore'
[1.627s] Level 1:colcon.colcon_core.package_identification:_identify(src/arm_test) by extension 'ignore_ament_install'
[1.628s] Level 1:colcon.colcon_core.package_identification:_identify(src/arm_test) by extensions ['colcon_pkg']
[1.629s] Level 1:colcon.colcon_core.package_identification:_identify(src/arm_test) by extension 'colcon_pkg'
[1.629s] Level 1:colcon.colcon_core.package_identification:_identify(src/arm_test) by extensions ['colcon_meta']
[1.630s] Level 1:colcon.colcon_core.package_identification:_identify(src/arm_test) by extension 'colcon_meta'
[1.630s] Level 1:colcon.colcon_core.package_identification:_identify(src/arm_test) by extensions ['ros']
[1.631s] Level 1:colcon.colcon_core.package_identification:_identify(src/arm_test) by extension 'ros'
[1.646s] DEBUG:colcon.colcon_core.package_identification:Package 'src/arm_test' with type 'ros.ament_python' and name 'arm_test'
[1.647s] Level 1:colcon.colcon_core.package_identification:_identify(src/build) by extensions ['ignore', 'ignore_ament_install']
[1.648s] Level 1:colcon.colcon_core.package_identification:_identify(src/build) by extension 'ignore'
[1.648s] Level 1:colcon.colcon_core.package_identification:_identify(src/build) ignored
[1.649s] Level 1:colcon.colcon_core.package_identification:_identify(src/gripper_pub) by extensions ['ignore', 'ignore_ament_install']
[1.650s] Level 1:colcon.colcon_core.package_identification:_identify(src/gripper_pub) by extension 'ignore'
[1.651s] Level 1:colcon.colcon_core.package_identification:_identify(src/gripper_pub) by extension 'ignore_ament_install'
[1.652s] Level 1:colcon.colcon_core.package_identification:_identify(src/gripper_pub) by extensions ['colcon_pkg']
[1.652s] Level 1:colcon.colcon_core.package_identification:_identify(src/gripper_pub) by extension 'colcon_pkg'
[1.652s] Level 1:colcon.colcon_core.package_identification:_identify(src/gripper_pub) by extensions ['colcon_meta']
[1.653s] Level 1:colcon.colcon_core.package_identification:_identify(src/gripper_pub) by extension 'colcon_meta'
[1.654s] Level 1:colcon.colcon_core.package_identification:_identify(src/gripper_pub) by extensions ['ros']
[1.655s] Level 1:colcon.colcon_core.package_identification:_identify(src/gripper_pub) by extension 'ros'
[1.659s] DEBUG:colcon.colcon_core.package_identification:Package 'src/gripper_pub' with type 'ros.ament_python' and name 'gripper_pub'
[1.660s] Level 1:colcon.colcon_core.package_identification:_identify(src/gripper_sub) by extensions ['ignore', 'ignore_ament_install']
[1.661s] Level 1:colcon.colcon_core.package_identification:_identify(src/gripper_sub) by extension 'ignore'
[1.661s] Level 1:colcon.colcon_core.package_identification:_identify(src/gripper_sub) by extension 'ignore_ament_install'
[1.662s] Level 1:colcon.colcon_core.package_identification:_identify(src/gripper_sub) by extensions ['colcon_pkg']
[1.663s] Level 1:colcon.colcon_core.package_identification:_identify(src/gripper_sub) by extension 'colcon_pkg'
[1.664s] Level 1:colcon.colcon_core.package_identification:_identify(src/gripper_sub) by extensions ['colcon_meta']
[1.664s] Level 1:colcon.colcon_core.package_identification:_identify(src/gripper_sub) by extension 'colcon_meta'
[1.666s] Level 1:colcon.colcon_core.package_identification:_identify(src/gripper_sub) by extensions ['ros']
[1.667s] Level 1:colcon.colcon_core.package_identification:_identify(src/gripper_sub) by extension 'ros'
[1.672s] DEBUG:colcon.colcon_core.package_identification:Package 'src/gripper_sub' with type 'ros.ament_python' and name 'gripper_sub'
[1.674s] Level 1:colcon.colcon_core.package_identification:_identify(src/install) by extensions ['ignore', 'ignore_ament_install']
[1.674s] Level 1:colcon.colcon_core.package_identification:_identify(src/install) by extension 'ignore'
[1.675s] Level 1:colcon.colcon_core.package_identification:_identify(src/install) ignored
[1.675s] Level 1:colcon.colcon_core.package_identification:_identify(src/log) by extensions ['ignore', 'ignore_ament_install']
[1.676s] Level 1:colcon.colcon_core.package_identification:_identify(src/log) by extension 'ignore'
[1.676s] Level 1:colcon.colcon_core.package_identification:_identify(src/log) ignored
[1.677s] Level 1:colcon.colcon_core.package_identification:_identify(src/robot_interfaces) by extensions ['ignore', 'ignore_ament_install']
[1.678s] Level 1:colcon.colcon_core.package_identification:_identify(src/robot_interfaces) by extension 'ignore'
[1.679s] Level 1:colcon.colcon_core.package_identification:_identify(src/robot_interfaces) by extension 'ignore_ament_install'
[1.679s] Level 1:colcon.colcon_core.package_identification:_identify(src/robot_interfaces) by extensions ['colcon_pkg']
[1.680s] Level 1:colcon.colcon_core.package_identification:_identify(src/robot_interfaces) by extension 'colcon_pkg'
[1.680s] Level 1:colcon.colcon_core.package_identification:_identify(src/robot_interfaces) by extensions ['colcon_meta']
[1.680s] Level 1:colcon.colcon_core.package_identification:_identify(src/robot_interfaces) by extension 'colcon_meta'
[1.681s] Level 1:colcon.colcon_core.package_identification:_identify(src/robot_interfaces) by extensions ['ros']
[1.681s] Level 1:colcon.colcon_core.package_identification:_identify(src/robot_interfaces) by extension 'ros'
[1.687s] DEBUG:colcon.colcon_core.package_identification:Package 'src/robot_interfaces' with type 'ros.ament_cmake' and name 'robot_interfaces'
[1.687s] Level 1:colcon.colcon_core.package_discovery:discover_packages(recursive) using defaults
[1.688s] Level 1:colcon.colcon_core.package_discovery:discover_packages(ignore) discover
[1.689s] Level 1:colcon.colcon_core.package_discovery:discover_packages(ignore) using defaults
[1.690s] Level 1:colcon.colcon_core.package_discovery:discover_packages(path) discover
[1.690s] Level 1:colcon.colcon_core.package_discovery:discover_packages(path) using defaults
[1.857s] INFO:colcon.colcon_core.package_selection:Skipping not selected package 'robot_interfaces' in 'src/robot_interfaces'
[1.858s] INFO:colcon.colcon_core.package_selection:Skipping not selected package 'arm_test' in 'src/arm_test'
[1.858s] INFO:colcon.colcon_core.package_selection:Skipping not selected package 'gripper_pub' in 'src/gripper_pub'
[1.860s] Level 1:colcon.colcon_core.package_discovery:discover_packages(prefix_path) check parameters
[1.860s] Level 1:colcon.colcon_core.package_discovery:discover_packages(prefix_path) discover
[1.870s] DEBUG:colcon.colcon_installed_package_information.package_discovery:Found 4 installed packages in /home/pi/handsystem/ros2_robot_ws/install
[1.873s] DEBUG:colcon.colcon_installed_package_information.package_discovery:Found 3 installed packages in /home/pi/ros2_ws/install
[1.882s] DEBUG:colcon.colcon_installed_package_information.package_discovery:Found 294 installed packages in /opt/ros/humble
[1.890s] Level 1:colcon.colcon_core.package_discovery:discover_packages(prefix_path) using defaults
[2.095s] Level 5:colcon.colcon_core.verb:set package 'gripper_sub' build argument 'cmake_args' from command line to 'None'
[2.096s] Level 5:colcon.colcon_core.verb:set package 'gripper_sub' build argument 'cmake_target' from command line to 'None'
[2.096s] Level 5:colcon.colcon_core.verb:set package 'gripper_sub' build argument 'cmake_target_skip_unavailable' from command line to 'False'
[2.096s] Level 5:colcon.colcon_core.verb:set package 'gripper_sub' build argument 'cmake_clean_cache' from command line to 'False'
[2.096s] Level 5:colcon.colcon_core.verb:set package 'gripper_sub' build argument 'cmake_clean_first' from command line to 'False'
[2.096s] Level 5:colcon.colcon_core.verb:set package 'gripper_sub' build argument 'cmake_force_configure' from command line to 'False'
[2.097s] Level 5:colcon.colcon_core.verb:set package 'gripper_sub' build argument 'ament_cmake_args' from command line to 'None'
[2.097s] Level 5:colcon.colcon_core.verb:set package 'gripper_sub' build argument 'catkin_cmake_args' from command line to 'None'
[2.097s] Level 5:colcon.colcon_core.verb:set package 'gripper_sub' build argument 'catkin_skip_building_tests' from command line to 'False'
[2.097s] DEBUG:colcon.colcon_core.verb:Building package 'gripper_sub' with the following arguments: {'ament_cmake_args': None, 'build_base': '/home/pi/handsystem/ros2_robot_ws/build/gripper_sub', 'catkin_cmake_args': None, 'catkin_skip_building_tests': False, 'cmake_args': None, 'cmake_clean_cache': False, 'cmake_clean_first': False, 'cmake_force_configure': False, 'cmake_target': None, 'cmake_target_skip_unavailable': False, 'install_base': '/home/pi/handsystem/ros2_robot_ws/install/gripper_sub', 'merge_install': False, 'path': '/home/pi/handsystem/ros2_robot_ws/src/gripper_sub', 'symlink_install': False, 'test_result_base': None}
[2.098s] INFO:colcon.colcon_core.executor:Executing jobs using 'parallel' executor
[2.102s] DEBUG:colcon.colcon_parallel_executor.executor.parallel:run_until_complete
[2.104s] INFO:colcon.colcon_ros.task.ament_python.build:Building ROS package in '/home/pi/handsystem/ros2_robot_ws/src/gripper_sub' with build type 'ament_python'
[2.105s] Level 1:colcon.colcon_core.shell:create_environment_hook('gripper_sub', 'ament_prefix_path')
[2.117s] INFO:colcon.colcon_core.plugin_system:Skipping extension 'colcon_core.shell.bat': Not used on non-Windows systems
[2.118s] INFO:colcon.colcon_core.shell:Creating environment hook '/home/pi/handsystem/ros2_robot_ws/install/gripper_sub/share/gripper_sub/hook/ament_prefix_path.ps1'
[2.122s] INFO:colcon.colcon_core.shell:Creating environment descriptor '/home/pi/handsystem/ros2_robot_ws/install/gripper_sub/share/gripper_sub/hook/ament_prefix_path.dsv'
[2.124s] INFO:colcon.colcon_core.shell:Creating environment hook '/home/pi/handsystem/ros2_robot_ws/install/gripper_sub/share/gripper_sub/hook/ament_prefix_path.sh'
[2.128s] INFO:colcon.colcon_core.shell:Skip shell extension 'powershell' for command environment: Not usable outside of PowerShell
[2.128s] DEBUG:colcon.colcon_core.shell:Skip shell extension 'dsv' for command environment
[3.528s] INFO:colcon.colcon_core.task.python.build:Building Python package in '/home/pi/handsystem/ros2_robot_ws/src/gripper_sub'
[3.529s] INFO:colcon.colcon_core.shell:Skip shell extension 'powershell' for command environment: Not usable outside of PowerShell
[3.529s] DEBUG:colcon.colcon_core.shell:Skip shell extension 'dsv' for command environment
[5.468s] DEBUG:colcon.colcon_core.event_handler.log_command:Invoking command in '/home/pi/handsystem/ros2_robot_ws/src/gripper_sub': PYTHONPATH=/home/pi/handsystem/ros2_robot_ws/build/gripper_sub/prefix_override:/usr/lib/python3/dist-packages/colcon_core/task/python/colcon_distutils_commands:/home/pi/handsystem/ros2_robot_ws/install/gripper_sub/lib/python3.10/site-packages:${PYTHONPATH} /usr/bin/python3 -W ignore:setup.py install is deprecated setup.py egg_info --egg-base ../../build/gripper_sub build --build-base /home/pi/handsystem/ros2_robot_ws/build/gripper_sub/build install --record /home/pi/handsystem/ros2_robot_ws/build/gripper_sub/install.log --single-version-externally-managed install_data
[7.027s] DEBUG:colcon.colcon_core.event_handler.log_command:Invoked command in '/home/pi/handsystem/ros2_robot_ws/src/gripper_sub' returned '0': PYTHONPATH=/home/pi/handsystem/ros2_robot_ws/build/gripper_sub/prefix_override:/usr/lib/python3/dist-packages/colcon_core/task/python/colcon_distutils_commands:/home/pi/handsystem/ros2_robot_ws/install/gripper_sub/lib/python3.10/site-packages:${PYTHONPATH} /usr/bin/python3 -W ignore:setup.py install is deprecated setup.py egg_info --egg-base ../../build/gripper_sub build --build-base /home/pi/handsystem/ros2_robot_ws/build/gripper_sub/build install --record /home/pi/handsystem/ros2_robot_ws/build/gripper_sub/install.log --single-version-externally-managed install_data
[7.040s] Level 1:colcon.colcon_core.environment:checking '/home/pi/handsystem/ros2_robot_ws/install/gripper_sub' for CMake module files
[7.043s] Level 1:colcon.colcon_core.environment:checking '/home/pi/handsystem/ros2_robot_ws/install/gripper_sub' for CMake config files
[7.046s] Level 1:colcon.colcon_core.environment:checking '/home/pi/handsystem/ros2_robot_ws/install/gripper_sub/lib'
[7.047s] Level 1:colcon.colcon_core.environment:checking '/home/pi/handsystem/ros2_robot_ws/install/gripper_sub/bin'
[7.048s] Level 1:colcon.colcon_core.environment:checking '/home/pi/handsystem/ros2_robot_ws/install/gripper_sub/lib/pkgconfig/gripper_sub.pc'
[7.049s] Level 1:colcon.colcon_core.environment:checking '/home/pi/handsystem/ros2_robot_ws/install/gripper_sub/lib/python3.10/site-packages'
[7.049s] Level 1:colcon.colcon_core.shell:create_environment_hook('gripper_sub', 'pythonpath')
[7.050s] INFO:colcon.colcon_core.shell:Creating environment hook '/home/pi/handsystem/ros2_robot_ws/install/gripper_sub/share/gripper_sub/hook/pythonpath.ps1'
[7.052s] INFO:colcon.colcon_core.shell:Creating environment descriptor '/home/pi/handsystem/ros2_robot_ws/install/gripper_sub/share/gripper_sub/hook/pythonpath.dsv'
[7.054s] INFO:colcon.colcon_core.shell:Creating environment hook '/home/pi/handsystem/ros2_robot_ws/install/gripper_sub/share/gripper_sub/hook/pythonpath.sh'
[7.056s] Level 1:colcon.colcon_core.environment:checking '/home/pi/handsystem/ros2_robot_ws/install/gripper_sub/bin'
[7.057s] Level 1:colcon.colcon_core.environment:create_environment_scripts_only(gripper_sub)
[7.058s] INFO:colcon.colcon_core.shell:Creating package script '/home/pi/handsystem/ros2_robot_ws/install/gripper_sub/share/gripper_sub/package.ps1'
[7.062s] INFO:colcon.colcon_core.shell:Creating package descriptor '/home/pi/handsystem/ros2_robot_ws/install/gripper_sub/share/gripper_sub/package.dsv'
[7.065s] INFO:colcon.colcon_core.shell:Creating package script '/home/pi/handsystem/ros2_robot_ws/install/gripper_sub/share/gripper_sub/package.sh'
[7.068s] INFO:colcon.colcon_core.shell:Creating package script '/home/pi/handsystem/ros2_robot_ws/install/gripper_sub/share/gripper_sub/package.bash'
[7.071s] INFO:colcon.colcon_core.shell:Creating package script '/home/pi/handsystem/ros2_robot_ws/install/gripper_sub/share/gripper_sub/package.zsh'
[7.074s] Level 1:colcon.colcon_core.environment:create_file_with_runtime_dependencies(/home/pi/handsystem/ros2_robot_ws/install/gripper_sub/share/colcon-core/packages/gripper_sub)
[7.075s] DEBUG:colcon.colcon_parallel_executor.executor.parallel:closing loop
[7.077s] DEBUG:colcon.colcon_parallel_executor.executor.parallel:loop closed
[7.077s] DEBUG:colcon.colcon_parallel_executor.executor.parallel:run_until_complete finished with '0'
[7.078s] DEBUG:colcon.colcon_core.event_reactor:joining thread
[7.102s] INFO:colcon.colcon_core.plugin_system:Skipping extension 'colcon_notification.desktop_notification.terminal_notifier': Not used on non-Darwin systems
[7.103s] INFO:colcon.colcon_core.plugin_system:Skipping extension 'colcon_notification.desktop_notification.win32': Not used on non-Windows systems
[7.103s] INFO:colcon.colcon_notification.desktop_notification:Sending desktop notification using 'notify2'
[7.108s] DEBUG:colcon.colcon_notification.desktop_notification.notify2:Failed to initialize notify2: org.freedesktop.DBus.Error.ServiceUnknown: The name org.freedesktop.Notifications was not provided by any .service files
[7.108s] DEBUG:colcon.colcon_core.event_reactor:joined thread
[7.109s] INFO:colcon.colcon_core.shell:Creating prefix script '/home/pi/handsystem/ros2_robot_ws/install/local_setup.ps1'
[7.114s] INFO:colcon.colcon_core.shell:Creating prefix util module '/home/pi/handsystem/ros2_robot_ws/install/_local_setup_util_ps1.py'
[7.120s] INFO:colcon.colcon_core.shell:Creating prefix chain script '/home/pi/handsystem/ros2_robot_ws/install/setup.ps1'
[7.127s] INFO:colcon.colcon_core.shell:Creating prefix script '/home/pi/handsystem/ros2_robot_ws/install/local_setup.sh'
[7.129s] INFO:colcon.colcon_core.shell:Creating prefix util module '/home/pi/handsystem/ros2_robot_ws/install/_local_setup_util_sh.py'
[7.132s] INFO:colcon.colcon_core.shell:Creating prefix chain script '/home/pi/handsystem/ros2_robot_ws/install/setup.sh'
[7.138s] INFO:colcon.colcon_core.shell:Creating prefix script '/home/pi/handsystem/ros2_robot_ws/install/local_setup.bash'
[7.140s] INFO:colcon.colcon_core.shell:Creating prefix chain script '/home/pi/handsystem/ros2_robot_ws/install/setup.bash'
[7.146s] INFO:colcon.colcon_core.shell:Creating prefix script '/home/pi/handsystem/ros2_robot_ws/install/local_setup.zsh'
[7.149s] INFO:colcon.colcon_core.shell:Creating prefix chain script '/home/pi/handsystem/ros2_robot_ws/install/setup.zsh'
