/home/pi/handsystem/install/gripper_sub/lib/python3.10/site-packages/gripper_sub/table.py
/home/pi/handsystem/install/gripper_sub/lib/python3.10/site-packages/gripper_sub/subscriber_member_function.py
/home/pi/handsystem/install/gripper_sub/lib/python3.10/site-packages/gripper_sub/__init__.py
/home/pi/handsystem/install/gripper_sub/lib/python3.10/site-packages/gripper_sub/claw.py
/home/pi/handsystem/install/gripper_sub/lib/python3.10/site-packages/gripper_sub/gripper_sub_main.py
/home/pi/handsystem/install/gripper_sub/lib/python3.10/site-packages/gripper_sub/__pycache__/table.cpython-310.pyc
/home/pi/handsystem/install/gripper_sub/lib/python3.10/site-packages/gripper_sub/__pycache__/subscriber_member_function.cpython-310.pyc
/home/pi/handsystem/install/gripper_sub/lib/python3.10/site-packages/gripper_sub/__pycache__/__init__.cpython-310.pyc
/home/pi/handsystem/install/gripper_sub/lib/python3.10/site-packages/gripper_sub/__pycache__/claw.cpython-310.pyc
/home/pi/handsystem/install/gripper_sub/lib/python3.10/site-packages/gripper_sub/__pycache__/gripper_sub_main.cpython-310.pyc
/home/pi/handsystem/install/gripper_sub/share/ament_index/resource_index/packages/gripper_sub
/home/pi/handsystem/install/gripper_sub/share/gripper_sub/package.xml
/home/pi/handsystem/install/gripper_sub/lib/python3.10/site-packages/gripper_sub-0.0.0-py3.10.egg-info/dependency_links.txt
/home/pi/handsystem/install/gripper_sub/lib/python3.10/site-packages/gripper_sub-0.0.0-py3.10.egg-info/top_level.txt
/home/pi/handsystem/install/gripper_sub/lib/python3.10/site-packages/gripper_sub-0.0.0-py3.10.egg-info/requires.txt
/home/pi/handsystem/install/gripper_sub/lib/python3.10/site-packages/gripper_sub-0.0.0-py3.10.egg-info/entry_points.txt
/home/pi/handsystem/install/gripper_sub/lib/python3.10/site-packages/gripper_sub-0.0.0-py3.10.egg-info/SOURCES.txt
/home/pi/handsystem/install/gripper_sub/lib/python3.10/site-packages/gripper_sub-0.0.0-py3.10.egg-info/zip-safe
/home/pi/handsystem/install/gripper_sub/lib/python3.10/site-packages/gripper_sub-0.0.0-py3.10.egg-info/PKG-INFO
/home/pi/handsystem/install/gripper_sub/lib/gripper_sub/listener
