[3.685s] Invoking command in '/home/pi/handsystem/ros2_robot_ws/src/gripper_sub': PYTHONPATH=/home/pi/handsystem/build/gripper_sub/prefix_override:/usr/lib/python3/dist-packages/colcon_core/task/python/colcon_distutils_commands:/home/pi/handsystem/install/gripper_sub/lib/python3.10/site-packages:${PYTHONPATH} /usr/bin/python3 -W ignore:setup.py install is deprecated setup.py egg_info --egg-base ../../../build/gripper_sub build --build-base /home/pi/handsystem/build/gripper_sub/build install --record /home/pi/handsystem/build/gripper_sub/install.log --single-version-externally-managed install_data
[4.940s] running egg_info
[4.942s] writing ../../../build/gripper_sub/gripper_sub.egg-info/PKG-INFO
[4.944s] writing dependency_links to ../../../build/gripper_sub/gripper_sub.egg-info/dependency_links.txt
[4.945s] writing entry points to ../../../build/gripper_sub/gripper_sub.egg-info/entry_points.txt
[4.946s] writing requirements to ../../../build/gripper_sub/gripper_sub.egg-info/requires.txt
[4.947s] writing top-level names to ../../../build/gripper_sub/gripper_sub.egg-info/top_level.txt
[4.955s] reading manifest file '../../../build/gripper_sub/gripper_sub.egg-info/SOURCES.txt'
[4.957s] adding license file 'LICENSE'
[4.960s] writing manifest file '../../../build/gripper_sub/gripper_sub.egg-info/SOURCES.txt'
[4.961s] running build
[4.963s] running build_py
[4.966s] copying gripper_sub/main.py -> /home/pi/handsystem/build/gripper_sub/build/lib/gripper_sub
[4.967s] copying gripper_sub/subscriber_member_function.py -> /home/pi/handsystem/build/gripper_sub/build/lib/gripper_sub
[4.968s] copying gripper_sub/claw.py -> /home/pi/handsystem/build/gripper_sub/build/lib/gripper_sub
[4.970s] running install
[4.973s] running install_lib
[4.976s] copying /home/pi/handsystem/build/gripper_sub/build/lib/gripper_sub/main.py -> /home/pi/handsystem/install/gripper_sub/lib/python3.10/site-packages/gripper_sub
[4.976s] copying /home/pi/handsystem/build/gripper_sub/build/lib/gripper_sub/subscriber_member_function.py -> /home/pi/handsystem/install/gripper_sub/lib/python3.10/site-packages/gripper_sub
[4.978s] copying /home/pi/handsystem/build/gripper_sub/build/lib/gripper_sub/claw.py -> /home/pi/handsystem/install/gripper_sub/lib/python3.10/site-packages/gripper_sub
[4.981s] byte-compiling /home/pi/handsystem/install/gripper_sub/lib/python3.10/site-packages/gripper_sub/main.py to main.cpython-310.pyc
[4.983s] byte-compiling /home/pi/handsystem/install/gripper_sub/lib/python3.10/site-packages/gripper_sub/subscriber_member_function.py to subscriber_member_function.cpython-310.pyc
[4.987s] byte-compiling /home/pi/handsystem/install/gripper_sub/lib/python3.10/site-packages/gripper_sub/claw.py to claw.cpython-310.pyc
[4.992s] running install_data
[4.994s] running install_egg_info
[5.000s] removing '/home/pi/handsystem/install/gripper_sub/lib/python3.10/site-packages/gripper_sub-0.0.0-py3.10.egg-info' (and everything under it)
[5.002s] Copying ../../../build/gripper_sub/gripper_sub.egg-info to /home/pi/handsystem/install/gripper_sub/lib/python3.10/site-packages/gripper_sub-0.0.0-py3.10.egg-info
[5.007s] running install_scripts
[5.088s] Installing listener script to /home/pi/handsystem/install/gripper_sub/lib/gripper_sub
[5.090s] writing list of installed files to '/home/pi/handsystem/build/gripper_sub/install.log'
[5.213s] Invoked command in '/home/pi/handsystem/ros2_robot_ws/src/gripper_sub' returned '0': PYTHONPATH=/home/pi/handsystem/build/gripper_sub/prefix_override:/usr/lib/python3/dist-packages/colcon_core/task/python/colcon_distutils_commands:/home/pi/handsystem/install/gripper_sub/lib/python3.10/site-packages:${PYTHONPATH} /usr/bin/python3 -W ignore:setup.py install is deprecated setup.py egg_info --egg-base ../../../build/gripper_sub build --build-base /home/pi/handsystem/build/gripper_sub/build install --record /home/pi/handsystem/build/gripper_sub/install.log --single-version-externally-managed install_data
