[3.333s] Invoking command in '/home/pi/handsystem/ros2_robot_ws/src/gripper_pub': PYTHONPATH=/home/pi/handsystem/ros2_robot_ws/build/gripper_pub/prefix_override:/usr/lib/python3/dist-packages/colcon_core/task/python/colcon_distutils_commands:/home/pi/handsystem/ros2_robot_ws/install/gripper_pub/lib/python3.10/site-packages:${PYTHONPATH} /usr/bin/python3 -W ignore:setup.py install is deprecated setup.py egg_info --egg-base ../../build/gripper_pub build --build-base /home/pi/handsystem/ros2_robot_ws/build/gripper_pub/build install --record /home/pi/handsystem/ros2_robot_ws/build/gripper_pub/install.log --single-version-externally-managed install_data
[4.583s] running egg_info
[4.586s] writing ../../build/gripper_pub/gripper_pub.egg-info/PKG-INFO
[4.587s] writing dependency_links to ../../build/gripper_pub/gripper_pub.egg-info/dependency_links.txt
[4.588s] writing entry points to ../../build/gripper_pub/gripper_pub.egg-info/entry_points.txt
[4.588s] writing requirements to ../../build/gripper_pub/gripper_pub.egg-info/requires.txt
[4.589s] writing top-level names to ../../build/gripper_pub/gripper_pub.egg-info/top_level.txt
[4.598s] reading manifest file '../../build/gripper_pub/gripper_pub.egg-info/SOURCES.txt'
[4.599s] adding license file 'LICENSE'
[4.606s] writing manifest file '../../build/gripper_pub/gripper_pub.egg-info/SOURCES.txt'
[4.609s] running build
[4.611s] running build_py
[4.612s] copying gripper_pub/publisher_member_function.py -> /home/pi/handsystem/ros2_robot_ws/build/gripper_pub/build/lib/gripper_pub
[4.614s] running install
[4.615s] running install_lib
[4.615s] copying /home/pi/handsystem/ros2_robot_ws/build/gripper_pub/build/lib/gripper_pub/publisher_member_function.py -> /home/pi/handsystem/ros2_robot_ws/install/gripper_pub/lib/python3.10/site-packages/gripper_pub
[4.618s] byte-compiling /home/pi/handsystem/ros2_robot_ws/install/gripper_pub/lib/python3.10/site-packages/gripper_pub/publisher_member_function.py to publisher_member_function.cpython-310.pyc
[4.622s] running install_data
[4.623s] running install_egg_info
[4.631s] removing '/home/pi/handsystem/ros2_robot_ws/install/gripper_pub/lib/python3.10/site-packages/gripper_pub-0.0.0-py3.10.egg-info' (and everything under it)
[4.632s] Copying ../../build/gripper_pub/gripper_pub.egg-info to /home/pi/handsystem/ros2_robot_ws/install/gripper_pub/lib/python3.10/site-packages/gripper_pub-0.0.0-py3.10.egg-info
[4.640s] running install_scripts
[4.720s] Installing talker script to /home/pi/handsystem/ros2_robot_ws/install/gripper_pub/lib/gripper_pub
[4.722s] writing list of installed files to '/home/pi/handsystem/ros2_robot_ws/build/gripper_pub/install.log'
[4.846s] Invoked command in '/home/pi/handsystem/ros2_robot_ws/src/gripper_pub' returned '0': PYTHONPATH=/home/pi/handsystem/ros2_robot_ws/build/gripper_pub/prefix_override:/usr/lib/python3/dist-packages/colcon_core/task/python/colcon_distutils_commands:/home/pi/handsystem/ros2_robot_ws/install/gripper_pub/lib/python3.10/site-packages:${PYTHONPATH} /usr/bin/python3 -W ignore:setup.py install is deprecated setup.py egg_info --egg-base ../../build/gripper_pub build --build-base /home/pi/handsystem/ros2_robot_ws/build/gripper_pub/build install --record /home/pi/handsystem/ros2_robot_ws/build/gripper_pub/install.log --single-version-externally-managed install_data
