[0.609s] DEBUG:colcon:Command line arguments: ['/usr/bin/colcon', 'build', '--packages-select', 'gripper_sub']
[0.609s] DEBUG:colcon:Parsed command line arguments: Namespace(log_base=None, log_level=None, verb_name='build', build_base='build', install_base='install', merge_install=False, symlink_install=False, test_result_base=None, continue_on_error=False, executor='parallel', parallel_workers=4, event_handlers=None, ignore_user_meta=False, metas=['./colcon.meta'], base_paths=['.'], packages_ignore=None, packages_ignore_regex=None, paths=None, packages_up_to=None, packages_up_to_regex=None, packages_above=None, packages_above_and_dependencies=None, packages_above_depth=None, packages_select_by_dep=None, packages_skip_by_dep=None, packages_skip_up_to=None, packages_select_build_failed=False, packages_skip_build_finished=False, packages_select_test_failures=False, packages_skip_test_passed=False, packages_select=['gripper_sub'], packages_skip=None, packages_select_regex=None, packages_skip_regex=None, packages_start=None, packages_end=None, allow_overriding=[], cmake_args=None, cmake_target=None, cmake_target_skip_unavailable=False, cmake_clean_cache=False, cmake_clean_first=False, cmake_force_configure=False, ament_cmake_args=None, catkin_cmake_args=None, catkin_skip_building_tests=False, mixin_files=None, mixin=None, verb_parser=<colcon_mixin.mixin.mixin_argument.MixinArgumentDecorator object at 0xffffa1de7a00>, verb_extension=<colcon_core.verb.build.BuildVerb object at 0xffffa1fdcd30>, main=<bound method BuildVerb.main of <colcon_core.verb.build.BuildVerb object at 0xffffa1fdcd30>>, mixin_verb=('build',))
[1.547s] Level 1:colcon.colcon_core.package_discovery:discover_packages(colcon_meta) check parameters
[1.548s] Level 1:colcon.colcon_core.package_discovery:discover_packages(recursive) check parameters
[1.548s] Level 1:colcon.colcon_core.package_discovery:discover_packages(ignore) check parameters
[1.548s] Level 1:colcon.colcon_core.package_discovery:discover_packages(path) check parameters
[1.548s] Level 1:colcon.colcon_core.package_discovery:discover_packages(colcon_meta) discover
[1.548s] Level 1:colcon.colcon_core.package_discovery:discover_packages(recursive) discover
[1.549s] INFO:colcon.colcon_core.package_discovery:Crawling recursively for packages in '/home/pi/handsystem/ros2_robot_ws'
[1.549s] Level 1:colcon.colcon_core.package_identification:_identify(.) by extensions ['ignore', 'ignore_ament_install']
[1.549s] Level 1:colcon.colcon_core.package_identification:_identify(.) by extension 'ignore'
[1.550s] Level 1:colcon.colcon_core.package_identification:_identify(.) by extension 'ignore_ament_install'
[1.550s] Level 1:colcon.colcon_core.package_identification:_identify(.) by extensions ['colcon_pkg']
[1.550s] Level 1:colcon.colcon_core.package_identification:_identify(.) by extension 'colcon_pkg'
[1.550s] Level 1:colcon.colcon_core.package_identification:_identify(.) by extensions ['colcon_meta']
[1.550s] Level 1:colcon.colcon_core.package_identification:_identify(.) by extension 'colcon_meta'
[1.551s] Level 1:colcon.colcon_core.package_identification:_identify(.) by extensions ['ros']
[1.551s] Level 1:colcon.colcon_core.package_identification:_identify(.) by extension 'ros'
[1.596s] Level 1:colcon.colcon_core.package_identification:_identify(.) by extensions ['cmake', 'python']
[1.596s] Level 1:colcon.colcon_core.package_identification:_identify(.) by extension 'cmake'
[1.597s] Level 1:colcon.colcon_core.package_identification:_identify(.) by extension 'python'
[1.597s] Level 1:colcon.colcon_core.package_identification:_identify(.) by extensions ['python_setup_py']
[1.597s] Level 1:colcon.colcon_core.package_identification:_identify(.) by extension 'python_setup_py'
[1.598s] Level 1:colcon.colcon_core.package_identification:_identify(__pycache__) by extensions ['ignore', 'ignore_ament_install']
[1.598s] Level 1:colcon.colcon_core.package_identification:_identify(__pycache__) by extension 'ignore'
[1.598s] Level 1:colcon.colcon_core.package_identification:_identify(__pycache__) by extension 'ignore_ament_install'
[1.598s] Level 1:colcon.colcon_core.package_identification:_identify(__pycache__) by extensions ['colcon_pkg']
[1.599s] Level 1:colcon.colcon_core.package_identification:_identify(__pycache__) by extension 'colcon_pkg'
[1.599s] Level 1:colcon.colcon_core.package_identification:_identify(__pycache__) by extensions ['colcon_meta']
[1.599s] Level 1:colcon.colcon_core.package_identification:_identify(__pycache__) by extension 'colcon_meta'
[1.599s] Level 1:colcon.colcon_core.package_identification:_identify(__pycache__) by extensions ['ros']
[1.599s] Level 1:colcon.colcon_core.package_identification:_identify(__pycache__) by extension 'ros'
[1.600s] Level 1:colcon.colcon_core.package_identification:_identify(__pycache__) by extensions ['cmake', 'python']
[1.600s] Level 1:colcon.colcon_core.package_identification:_identify(__pycache__) by extension 'cmake'
[1.600s] Level 1:colcon.colcon_core.package_identification:_identify(__pycache__) by extension 'python'
[1.600s] Level 1:colcon.colcon_core.package_identification:_identify(__pycache__) by extensions ['python_setup_py']
[1.600s] Level 1:colcon.colcon_core.package_identification:_identify(__pycache__) by extension 'python_setup_py'
[1.601s] Level 1:colcon.colcon_core.package_identification:_identify(build) by extensions ['ignore', 'ignore_ament_install']
[1.601s] Level 1:colcon.colcon_core.package_identification:_identify(build) by extension 'ignore'
[1.601s] Level 1:colcon.colcon_core.package_identification:_identify(build) ignored
[1.602s] Level 1:colcon.colcon_core.package_identification:_identify(install) by extensions ['ignore', 'ignore_ament_install']
[1.603s] Level 1:colcon.colcon_core.package_identification:_identify(install) by extension 'ignore'
[1.603s] Level 1:colcon.colcon_core.package_identification:_identify(install) ignored
[1.603s] Level 1:colcon.colcon_core.package_identification:_identify(log) by extensions ['ignore', 'ignore_ament_install']
[1.604s] Level 1:colcon.colcon_core.package_identification:_identify(log) by extension 'ignore'
[1.604s] Level 1:colcon.colcon_core.package_identification:_identify(log) ignored
[1.604s] Level 1:colcon.colcon_core.package_identification:_identify(src) by extensions ['ignore', 'ignore_ament_install']
[1.605s] Level 1:colcon.colcon_core.package_identification:_identify(src) by extension 'ignore'
[1.605s] Level 1:colcon.colcon_core.package_identification:_identify(src) by extension 'ignore_ament_install'
[1.605s] Level 1:colcon.colcon_core.package_identification:_identify(src) by extensions ['colcon_pkg']
[1.605s] Level 1:colcon.colcon_core.package_identification:_identify(src) by extension 'colcon_pkg'
[1.606s] Level 1:colcon.colcon_core.package_identification:_identify(src) by extensions ['colcon_meta']
[1.606s] Level 1:colcon.colcon_core.package_identification:_identify(src) by extension 'colcon_meta'
[1.606s] Level 1:colcon.colcon_core.package_identification:_identify(src) by extensions ['ros']
[1.606s] Level 1:colcon.colcon_core.package_identification:_identify(src) by extension 'ros'
[1.606s] Level 1:colcon.colcon_core.package_identification:_identify(src) by extensions ['cmake', 'python']
[1.606s] Level 1:colcon.colcon_core.package_identification:_identify(src) by extension 'cmake'
[1.607s] Level 1:colcon.colcon_core.package_identification:_identify(src) by extension 'python'
[1.607s] Level 1:colcon.colcon_core.package_identification:_identify(src) by extensions ['python_setup_py']
[1.607s] Level 1:colcon.colcon_core.package_identification:_identify(src) by extension 'python_setup_py'
[1.607s] Level 1:colcon.colcon_core.package_identification:_identify(src/arm_test) by extensions ['ignore', 'ignore_ament_install']
[1.608s] Level 1:colcon.colcon_core.package_identification:_identify(src/arm_test) by extension 'ignore'
[1.608s] Level 1:colcon.colcon_core.package_identification:_identify(src/arm_test) by extension 'ignore_ament_install'
[1.608s] Level 1:colcon.colcon_core.package_identification:_identify(src/arm_test) by extensions ['colcon_pkg']
[1.608s] Level 1:colcon.colcon_core.package_identification:_identify(src/arm_test) by extension 'colcon_pkg'
[1.609s] Level 1:colcon.colcon_core.package_identification:_identify(src/arm_test) by extensions ['colcon_meta']
[1.609s] Level 1:colcon.colcon_core.package_identification:_identify(src/arm_test) by extension 'colcon_meta'
[1.609s] Level 1:colcon.colcon_core.package_identification:_identify(src/arm_test) by extensions ['ros']
[1.609s] Level 1:colcon.colcon_core.package_identification:_identify(src/arm_test) by extension 'ros'
[1.618s] DEBUG:colcon.colcon_core.package_identification:Package 'src/arm_test' with type 'ros.ament_python' and name 'arm_test'
[1.619s] Level 1:colcon.colcon_core.package_identification:_identify(src/gripper_pub) by extensions ['ignore', 'ignore_ament_install']
[1.619s] Level 1:colcon.colcon_core.package_identification:_identify(src/gripper_pub) by extension 'ignore'
[1.619s] Level 1:colcon.colcon_core.package_identification:_identify(src/gripper_pub) by extension 'ignore_ament_install'
[1.620s] Level 1:colcon.colcon_core.package_identification:_identify(src/gripper_pub) by extensions ['colcon_pkg']
[1.620s] Level 1:colcon.colcon_core.package_identification:_identify(src/gripper_pub) by extension 'colcon_pkg'
[1.620s] Level 1:colcon.colcon_core.package_identification:_identify(src/gripper_pub) by extensions ['colcon_meta']
[1.620s] Level 1:colcon.colcon_core.package_identification:_identify(src/gripper_pub) by extension 'colcon_meta'
[1.620s] Level 1:colcon.colcon_core.package_identification:_identify(src/gripper_pub) by extensions ['ros']
[1.620s] Level 1:colcon.colcon_core.package_identification:_identify(src/gripper_pub) by extension 'ros'
[1.622s] DEBUG:colcon.colcon_core.package_identification:Package 'src/gripper_pub' with type 'ros.ament_python' and name 'gripper_pub'
[1.623s] Level 1:colcon.colcon_core.package_identification:_identify(src/gripper_sub) by extensions ['ignore', 'ignore_ament_install']
[1.624s] Level 1:colcon.colcon_core.package_identification:_identify(src/gripper_sub) by extension 'ignore'
[1.624s] Level 1:colcon.colcon_core.package_identification:_identify(src/gripper_sub) by extension 'ignore_ament_install'
[1.624s] Level 1:colcon.colcon_core.package_identification:_identify(src/gripper_sub) by extensions ['colcon_pkg']
[1.625s] Level 1:colcon.colcon_core.package_identification:_identify(src/gripper_sub) by extension 'colcon_pkg'
[1.625s] Level 1:colcon.colcon_core.package_identification:_identify(src/gripper_sub) by extensions ['colcon_meta']
[1.625s] Level 1:colcon.colcon_core.package_identification:_identify(src/gripper_sub) by extension 'colcon_meta'
[1.625s] Level 1:colcon.colcon_core.package_identification:_identify(src/gripper_sub) by extensions ['ros']
[1.625s] Level 1:colcon.colcon_core.package_identification:_identify(src/gripper_sub) by extension 'ros'
[1.627s] DEBUG:colcon.colcon_core.package_identification:Package 'src/gripper_sub' with type 'ros.ament_python' and name 'gripper_sub'
[1.628s] Level 1:colcon.colcon_core.package_identification:_identify(src/robot_interfaces) by extensions ['ignore', 'ignore_ament_install']
[1.628s] Level 1:colcon.colcon_core.package_identification:_identify(src/robot_interfaces) by extension 'ignore'
[1.629s] Level 1:colcon.colcon_core.package_identification:_identify(src/robot_interfaces) by extension 'ignore_ament_install'
[1.629s] Level 1:colcon.colcon_core.package_identification:_identify(src/robot_interfaces) by extensions ['colcon_pkg']
[1.629s] Level 1:colcon.colcon_core.package_identification:_identify(src/robot_interfaces) by extension 'colcon_pkg'
[1.629s] Level 1:colcon.colcon_core.package_identification:_identify(src/robot_interfaces) by extensions ['colcon_meta']
[1.629s] Level 1:colcon.colcon_core.package_identification:_identify(src/robot_interfaces) by extension 'colcon_meta'
[1.630s] Level 1:colcon.colcon_core.package_identification:_identify(src/robot_interfaces) by extensions ['ros']
[1.630s] Level 1:colcon.colcon_core.package_identification:_identify(src/robot_interfaces) by extension 'ros'
[1.632s] DEBUG:colcon.colcon_core.package_identification:Package 'src/robot_interfaces' with type 'ros.ament_cmake' and name 'robot_interfaces'
[1.632s] Level 1:colcon.colcon_core.package_discovery:discover_packages(recursive) using defaults
[1.633s] Level 1:colcon.colcon_core.package_discovery:discover_packages(ignore) discover
[1.633s] Level 1:colcon.colcon_core.package_discovery:discover_packages(ignore) using defaults
[1.633s] Level 1:colcon.colcon_core.package_discovery:discover_packages(path) discover
[1.633s] Level 1:colcon.colcon_core.package_discovery:discover_packages(path) using defaults
[1.769s] INFO:colcon.colcon_core.package_selection:Skipping not selected package 'robot_interfaces' in 'src/robot_interfaces'
[1.769s] INFO:colcon.colcon_core.package_selection:Skipping not selected package 'arm_test' in 'src/arm_test'
[1.770s] INFO:colcon.colcon_core.package_selection:Skipping not selected package 'gripper_pub' in 'src/gripper_pub'
[1.772s] Level 1:colcon.colcon_core.package_discovery:discover_packages(prefix_path) check parameters
[1.772s] Level 1:colcon.colcon_core.package_discovery:discover_packages(prefix_path) discover
[1.784s] DEBUG:colcon.colcon_installed_package_information.package_discovery:Found 4 installed packages in /home/pi/handsystem/ros2_robot_ws/install
[1.787s] DEBUG:colcon.colcon_installed_package_information.package_discovery:Found 3 installed packages in /home/pi/ros2_ws/install
[1.796s] DEBUG:colcon.colcon_installed_package_information.package_discovery:Found 294 installed packages in /opt/ros/humble
[1.803s] Level 1:colcon.colcon_core.package_discovery:discover_packages(prefix_path) using defaults
[1.986s] Level 5:colcon.colcon_core.verb:set package 'gripper_sub' build argument 'cmake_args' from command line to 'None'
[1.986s] Level 5:colcon.colcon_core.verb:set package 'gripper_sub' build argument 'cmake_target' from command line to 'None'
[1.987s] Level 5:colcon.colcon_core.verb:set package 'gripper_sub' build argument 'cmake_target_skip_unavailable' from command line to 'False'
[1.987s] Level 5:colcon.colcon_core.verb:set package 'gripper_sub' build argument 'cmake_clean_cache' from command line to 'False'
[1.987s] Level 5:colcon.colcon_core.verb:set package 'gripper_sub' build argument 'cmake_clean_first' from command line to 'False'
[1.987s] Level 5:colcon.colcon_core.verb:set package 'gripper_sub' build argument 'cmake_force_configure' from command line to 'False'
[1.987s] Level 5:colcon.colcon_core.verb:set package 'gripper_sub' build argument 'ament_cmake_args' from command line to 'None'
[1.987s] Level 5:colcon.colcon_core.verb:set package 'gripper_sub' build argument 'catkin_cmake_args' from command line to 'None'
[1.987s] Level 5:colcon.colcon_core.verb:set package 'gripper_sub' build argument 'catkin_skip_building_tests' from command line to 'False'
[1.987s] DEBUG:colcon.colcon_core.verb:Building package 'gripper_sub' with the following arguments: {'ament_cmake_args': None, 'build_base': '/home/pi/handsystem/ros2_robot_ws/build/gripper_sub', 'catkin_cmake_args': None, 'catkin_skip_building_tests': False, 'cmake_args': None, 'cmake_clean_cache': False, 'cmake_clean_first': False, 'cmake_force_configure': False, 'cmake_target': None, 'cmake_target_skip_unavailable': False, 'install_base': '/home/pi/handsystem/ros2_robot_ws/install/gripper_sub', 'merge_install': False, 'path': '/home/pi/handsystem/ros2_robot_ws/src/gripper_sub', 'symlink_install': False, 'test_result_base': None}
[1.988s] INFO:colcon.colcon_core.executor:Executing jobs using 'parallel' executor
[1.992s] DEBUG:colcon.colcon_parallel_executor.executor.parallel:run_until_complete
[1.993s] INFO:colcon.colcon_ros.task.ament_python.build:Building ROS package in '/home/pi/handsystem/ros2_robot_ws/src/gripper_sub' with build type 'ament_python'
[1.993s] Level 1:colcon.colcon_core.shell:create_environment_hook('gripper_sub', 'ament_prefix_path')
[2.004s] INFO:colcon.colcon_core.plugin_system:Skipping extension 'colcon_core.shell.bat': Not used on non-Windows systems
[2.005s] INFO:colcon.colcon_core.shell:Creating environment hook '/home/pi/handsystem/ros2_robot_ws/install/gripper_sub/share/gripper_sub/hook/ament_prefix_path.ps1'
[2.008s] INFO:colcon.colcon_core.shell:Creating environment descriptor '/home/pi/handsystem/ros2_robot_ws/install/gripper_sub/share/gripper_sub/hook/ament_prefix_path.dsv'
[2.010s] INFO:colcon.colcon_core.shell:Creating environment hook '/home/pi/handsystem/ros2_robot_ws/install/gripper_sub/share/gripper_sub/hook/ament_prefix_path.sh'
[2.014s] INFO:colcon.colcon_core.shell:Skip shell extension 'powershell' for command environment: Not usable outside of PowerShell
[2.014s] DEBUG:colcon.colcon_core.shell:Skip shell extension 'dsv' for command environment
[3.439s] INFO:colcon.colcon_core.task.python.build:Building Python package in '/home/pi/handsystem/ros2_robot_ws/src/gripper_sub'
[3.440s] INFO:colcon.colcon_core.shell:Skip shell extension 'powershell' for command environment: Not usable outside of PowerShell
[3.440s] DEBUG:colcon.colcon_core.shell:Skip shell extension 'dsv' for command environment
[5.413s] DEBUG:colcon.colcon_core.event_handler.log_command:Invoking command in '/home/pi/handsystem/ros2_robot_ws/src/gripper_sub': PYTHONPATH=/home/pi/handsystem/ros2_robot_ws/build/gripper_sub/prefix_override:/home/pi/handsystem/ros2_robot_ws/install/gripper_sub/lib/python3.10/site-packages:${PYTHONPATH} /usr/bin/python3 -W ignore:setup.py install is deprecated setup.py egg_info --egg-base ../../build/gripper_sub build --build-base /home/pi/handsystem/ros2_robot_ws/build/gripper_sub/build install --record /home/pi/handsystem/ros2_robot_ws/build/gripper_sub/install.log --single-version-externally-managed install_data
[6.960s] DEBUG:colcon.colcon_core.event_handler.log_command:Invoked command in '/home/pi/handsystem/ros2_robot_ws/src/gripper_sub' returned '0': PYTHONPATH=/home/pi/handsystem/ros2_robot_ws/build/gripper_sub/prefix_override:/home/pi/handsystem/ros2_robot_ws/install/gripper_sub/lib/python3.10/site-packages:${PYTHONPATH} /usr/bin/python3 -W ignore:setup.py install is deprecated setup.py egg_info --egg-base ../../build/gripper_sub build --build-base /home/pi/handsystem/ros2_robot_ws/build/gripper_sub/build install --record /home/pi/handsystem/ros2_robot_ws/build/gripper_sub/install.log --single-version-externally-managed install_data
[6.972s] Level 1:colcon.colcon_core.environment:checking '/home/pi/handsystem/ros2_robot_ws/install/gripper_sub' for CMake module files
[6.975s] Level 1:colcon.colcon_core.environment:checking '/home/pi/handsystem/ros2_robot_ws/install/gripper_sub' for CMake config files
[6.979s] Level 1:colcon.colcon_core.environment:checking '/home/pi/handsystem/ros2_robot_ws/install/gripper_sub/lib'
[6.980s] Level 1:colcon.colcon_core.environment:checking '/home/pi/handsystem/ros2_robot_ws/install/gripper_sub/bin'
[6.980s] Level 1:colcon.colcon_core.environment:checking '/home/pi/handsystem/ros2_robot_ws/install/gripper_sub/lib/pkgconfig/gripper_sub.pc'
[6.981s] Level 1:colcon.colcon_core.environment:checking '/home/pi/handsystem/ros2_robot_ws/install/gripper_sub/lib/python3.10/site-packages'
[6.981s] Level 1:colcon.colcon_core.shell:create_environment_hook('gripper_sub', 'pythonpath')
[6.982s] INFO:colcon.colcon_core.shell:Creating environment hook '/home/pi/handsystem/ros2_robot_ws/install/gripper_sub/share/gripper_sub/hook/pythonpath.ps1'
[6.985s] INFO:colcon.colcon_core.shell:Creating environment descriptor '/home/pi/handsystem/ros2_robot_ws/install/gripper_sub/share/gripper_sub/hook/pythonpath.dsv'
[6.986s] INFO:colcon.colcon_core.shell:Creating environment hook '/home/pi/handsystem/ros2_robot_ws/install/gripper_sub/share/gripper_sub/hook/pythonpath.sh'
[6.989s] Level 1:colcon.colcon_core.environment:checking '/home/pi/handsystem/ros2_robot_ws/install/gripper_sub/bin'
[6.990s] Level 1:colcon.colcon_core.environment:create_environment_scripts_only(gripper_sub)
[6.991s] INFO:colcon.colcon_core.shell:Creating package script '/home/pi/handsystem/ros2_robot_ws/install/gripper_sub/share/gripper_sub/package.ps1'
[6.994s] INFO:colcon.colcon_core.shell:Creating package descriptor '/home/pi/handsystem/ros2_robot_ws/install/gripper_sub/share/gripper_sub/package.dsv'
[6.997s] INFO:colcon.colcon_core.shell:Creating package script '/home/pi/handsystem/ros2_robot_ws/install/gripper_sub/share/gripper_sub/package.sh'
[7.001s] INFO:colcon.colcon_core.shell:Creating package script '/home/pi/handsystem/ros2_robot_ws/install/gripper_sub/share/gripper_sub/package.bash'
[7.005s] INFO:colcon.colcon_core.shell:Creating package script '/home/pi/handsystem/ros2_robot_ws/install/gripper_sub/share/gripper_sub/package.zsh'
[7.009s] Level 1:colcon.colcon_core.environment:create_file_with_runtime_dependencies(/home/pi/handsystem/ros2_robot_ws/install/gripper_sub/share/colcon-core/packages/gripper_sub)
[7.011s] DEBUG:colcon.colcon_parallel_executor.executor.parallel:closing loop
[7.013s] DEBUG:colcon.colcon_parallel_executor.executor.parallel:loop closed
[7.013s] DEBUG:colcon.colcon_parallel_executor.executor.parallel:run_until_complete finished with '0'
[7.014s] DEBUG:colcon.colcon_core.event_reactor:joining thread
[7.036s] INFO:colcon.colcon_core.plugin_system:Skipping extension 'colcon_notification.desktop_notification.terminal_notifier': Not used on non-Darwin systems
[7.036s] INFO:colcon.colcon_core.plugin_system:Skipping extension 'colcon_notification.desktop_notification.win32': Not used on non-Windows systems
[7.037s] INFO:colcon.colcon_notification.desktop_notification:Sending desktop notification using 'notify2'
[7.086s] DEBUG:colcon.colcon_core.event_reactor:joined thread
[7.088s] INFO:colcon.colcon_core.shell:Creating prefix script '/home/pi/handsystem/ros2_robot_ws/install/local_setup.ps1'
[7.092s] INFO:colcon.colcon_core.shell:Creating prefix util module '/home/pi/handsystem/ros2_robot_ws/install/_local_setup_util_ps1.py'
[7.098s] INFO:colcon.colcon_core.shell:Creating prefix chain script '/home/pi/handsystem/ros2_robot_ws/install/setup.ps1'
[7.107s] INFO:colcon.colcon_core.shell:Creating prefix script '/home/pi/handsystem/ros2_robot_ws/install/local_setup.sh'
[7.111s] INFO:colcon.colcon_core.shell:Creating prefix util module '/home/pi/handsystem/ros2_robot_ws/install/_local_setup_util_sh.py'
[7.113s] INFO:colcon.colcon_core.shell:Creating prefix chain script '/home/pi/handsystem/ros2_robot_ws/install/setup.sh'
[7.120s] INFO:colcon.colcon_core.shell:Creating prefix script '/home/pi/handsystem/ros2_robot_ws/install/local_setup.bash'
[7.122s] INFO:colcon.colcon_core.shell:Creating prefix chain script '/home/pi/handsystem/ros2_robot_ws/install/setup.bash'
[7.129s] INFO:colcon.colcon_core.shell:Creating prefix script '/home/pi/handsystem/ros2_robot_ws/install/local_setup.zsh'
[7.132s] INFO:colcon.colcon_core.shell:Creating prefix chain script '/home/pi/handsystem/ros2_robot_ws/install/setup.zsh'
