[3.332s] Invoking command in '/home/pi/handsystem/ros2_robot_ws/src/gripper_pub': PYTHONPATH=/home/pi/handsystem/ros2_robot_ws/build/gripper_pub/prefix_override:/usr/lib/python3/dist-packages/colcon_core/task/python/colcon_distutils_commands:/home/pi/handsystem/ros2_robot_ws/install/gripper_pub/lib/python3.10/site-packages:${PYTHONPATH} /usr/bin/python3 -W ignore:setup.py install is deprecated setup.py egg_info --egg-base ../../build/gripper_pub build --build-base /home/pi/handsystem/ros2_robot_ws/build/gripper_pub/build install --record /home/pi/handsystem/ros2_robot_ws/build/gripper_pub/install.log --single-version-externally-managed install_data
[4.588s] running egg_info
[4.591s] writing ../../build/gripper_pub/gripper_pub.egg-info/PKG-INFO
[4.592s] writing dependency_links to ../../build/gripper_pub/gripper_pub.egg-info/dependency_links.txt
[4.593s] writing entry points to ../../build/gripper_pub/gripper_pub.egg-info/entry_points.txt
[4.595s] writing requirements to ../../build/gripper_pub/gripper_pub.egg-info/requires.txt
[4.596s] writing top-level names to ../../build/gripper_pub/gripper_pub.egg-info/top_level.txt
[4.603s] reading manifest file '../../build/gripper_pub/gripper_pub.egg-info/SOURCES.txt'
[4.605s] adding license file 'LICENSE'
[4.612s] writing manifest file '../../build/gripper_pub/gripper_pub.egg-info/SOURCES.txt'
[4.613s] running build
[4.613s] running build_py
[4.615s] running install
[4.616s] running install_lib
[4.622s] running install_data
[4.622s] running install_egg_info
[4.629s] removing '/home/pi/handsystem/ros2_robot_ws/install/gripper_pub/lib/python3.10/site-packages/gripper_pub-0.0.0-py3.10.egg-info' (and everything under it)
[4.631s] Copying ../../build/gripper_pub/gripper_pub.egg-info to /home/pi/handsystem/ros2_robot_ws/install/gripper_pub/lib/python3.10/site-packages/gripper_pub-0.0.0-py3.10.egg-info
[4.637s] running install_scripts
[4.717s] Installing talker script to /home/pi/handsystem/ros2_robot_ws/install/gripper_pub/lib/gripper_pub
[4.719s] writing list of installed files to '/home/pi/handsystem/ros2_robot_ws/build/gripper_pub/install.log'
[4.839s] Invoked command in '/home/pi/handsystem/ros2_robot_ws/src/gripper_pub' returned '0': PYTHONPATH=/home/pi/handsystem/ros2_robot_ws/build/gripper_pub/prefix_override:/usr/lib/python3/dist-packages/colcon_core/task/python/colcon_distutils_commands:/home/pi/handsystem/ros2_robot_ws/install/gripper_pub/lib/python3.10/site-packages:${PYTHONPATH} /usr/bin/python3 -W ignore:setup.py install is deprecated setup.py egg_info --egg-base ../../build/gripper_pub build --build-base /home/pi/handsystem/ros2_robot_ws/build/gripper_pub/build install --record /home/pi/handsystem/ros2_robot_ws/build/gripper_pub/install.log --single-version-externally-managed install_data
