[3.797s] Invoking command in '/home/pi/handsystem/ros2_robot_ws/src/gripper_sub': PYTHONPATH=/home/pi/handsystem/build/gripper_sub/prefix_override:/usr/lib/python3/dist-packages/colcon_core/task/python/colcon_distutils_commands:/home/pi/handsystem/install/gripper_sub/lib/python3.10/site-packages:${PYTHONPATH} /usr/bin/python3 -W ignore:setup.py install is deprecated setup.py egg_info --egg-base ../../../build/gripper_sub build --build-base /home/pi/handsystem/build/gripper_sub/build install --record /home/pi/handsystem/build/gripper_sub/install.log --single-version-externally-managed install_data
[5.057s] running egg_info
[5.060s] writing ../../../build/gripper_sub/gripper_sub.egg-info/PKG-INFO
[5.061s] writing dependency_links to ../../../build/gripper_sub/gripper_sub.egg-info/dependency_links.txt
[5.063s] writing entry points to ../../../build/gripper_sub/gripper_sub.egg-info/entry_points.txt
[5.063s] writing requirements to ../../../build/gripper_sub/gripper_sub.egg-info/requires.txt
[5.064s] writing top-level names to ../../../build/gripper_sub/gripper_sub.egg-info/top_level.txt
[5.073s] reading manifest file '../../../build/gripper_sub/gripper_sub.egg-info/SOURCES.txt'
[5.075s] adding license file 'LICENSE'
[5.078s] writing manifest file '../../../build/gripper_sub/gripper_sub.egg-info/SOURCES.txt'
[5.079s] running build
[5.080s] running build_py
[5.085s] running install
[5.086s] running install_lib
[5.092s] running install_data
[5.092s] running install_egg_info
[5.099s] removing '/home/pi/handsystem/install/gripper_sub/lib/python3.10/site-packages/gripper_sub-0.0.0-py3.10.egg-info' (and everything under it)
[5.104s] Copying ../../../build/gripper_sub/gripper_sub.egg-info to /home/pi/handsystem/install/gripper_sub/lib/python3.10/site-packages/gripper_sub-0.0.0-py3.10.egg-info
[5.110s] running install_scripts
[5.191s] Installing listener script to /home/pi/handsystem/install/gripper_sub/lib/gripper_sub
[5.192s] writing list of installed files to '/home/pi/handsystem/build/gripper_sub/install.log'
[5.327s] Invoked command in '/home/pi/handsystem/ros2_robot_ws/src/gripper_sub' returned '0': PYTHONPATH=/home/pi/handsystem/build/gripper_sub/prefix_override:/usr/lib/python3/dist-packages/colcon_core/task/python/colcon_distutils_commands:/home/pi/handsystem/install/gripper_sub/lib/python3.10/site-packages:${PYTHONPATH} /usr/bin/python3 -W ignore:setup.py install is deprecated setup.py egg_info --egg-base ../../../build/gripper_sub build --build-base /home/pi/handsystem/build/gripper_sub/build install --record /home/pi/handsystem/build/gripper_sub/install.log --single-version-externally-managed install_data
