[3.858s] Invoking command in '/home/pi/handsystem/ros2_robot_ws/src/gripper_sub': PYTHONPATH=/home/pi/handsystem/ros2_robot_ws/src/build/gripper_sub/prefix_override:/usr/lib/python3/dist-packages/colcon_core/task/python/colcon_distutils_commands:/home/pi/handsystem/ros2_robot_ws/src/install/gripper_sub/lib/python3.10/site-packages:${PYTHONPATH} /usr/bin/python3 -W ignore:setup.py install is deprecated setup.py egg_info --egg-base ../build/gripper_sub build --build-base /home/pi/handsystem/ros2_robot_ws/src/build/gripper_sub/build install --record /home/pi/handsystem/ros2_robot_ws/src/build/gripper_sub/install.log --single-version-externally-managed install_data
[5.155s] running egg_info
[5.158s] creating ../build/gripper_sub/gripper_sub.egg-info
[5.159s] writing ../build/gripper_sub/gripper_sub.egg-info/PKG-INFO
[5.165s] writing dependency_links to ../build/gripper_sub/gripper_sub.egg-info/dependency_links.txt
[5.167s] writing entry points to ../build/gripper_sub/gripper_sub.egg-info/entry_points.txt
[5.168s] writing requirements to ../build/gripper_sub/gripper_sub.egg-info/requires.txt
[5.169s] writing top-level names to ../build/gripper_sub/gripper_sub.egg-info/top_level.txt
[5.170s] writing manifest file '../build/gripper_sub/gripper_sub.egg-info/SOURCES.txt'
[5.178s] reading manifest file '../build/gripper_sub/gripper_sub.egg-info/SOURCES.txt'
[5.179s] adding license file 'LICENSE'
[5.187s] writing manifest file '../build/gripper_sub/gripper_sub.egg-info/SOURCES.txt'
[5.189s] running build
[5.190s] running build_py
[5.190s] creating /home/pi/handsystem/ros2_robot_ws/src/build/gripper_sub/build
[5.191s] creating /home/pi/handsystem/ros2_robot_ws/src/build/gripper_sub/build/lib
[5.192s] creating /home/pi/handsystem/ros2_robot_ws/src/build/gripper_sub/build/lib/gripper_sub
[5.193s] copying gripper_sub/subscriber_member_function.py -> /home/pi/handsystem/ros2_robot_ws/src/build/gripper_sub/build/lib/gripper_sub
[5.197s] copying gripper_sub/__init__.py -> /home/pi/handsystem/ros2_robot_ws/src/build/gripper_sub/build/lib/gripper_sub
[5.197s] running install
[5.197s] running install_lib
[5.200s] creating /home/pi/handsystem/ros2_robot_ws/src/install/gripper_sub/lib/python3.10/site-packages/gripper_sub
[5.201s] copying /home/pi/handsystem/ros2_robot_ws/src/build/gripper_sub/build/lib/gripper_sub/subscriber_member_function.py -> /home/pi/handsystem/ros2_robot_ws/src/install/gripper_sub/lib/python3.10/site-packages/gripper_sub
[5.201s] copying /home/pi/handsystem/ros2_robot_ws/src/build/gripper_sub/build/lib/gripper_sub/__init__.py -> /home/pi/handsystem/ros2_robot_ws/src/install/gripper_sub/lib/python3.10/site-packages/gripper_sub
[5.204s] byte-compiling /home/pi/handsystem/ros2_robot_ws/src/install/gripper_sub/lib/python3.10/site-packages/gripper_sub/subscriber_member_function.py to subscriber_member_function.cpython-310.pyc
[5.211s] byte-compiling /home/pi/handsystem/ros2_robot_ws/src/install/gripper_sub/lib/python3.10/site-packages/gripper_sub/__init__.py to __init__.cpython-310.pyc
[5.212s] running install_data
[5.213s] creating /home/pi/handsystem/ros2_robot_ws/src/install/gripper_sub/share/ament_index
[5.214s] creating /home/pi/handsystem/ros2_robot_ws/src/install/gripper_sub/share/ament_index/resource_index
[5.214s] creating /home/pi/handsystem/ros2_robot_ws/src/install/gripper_sub/share/ament_index/resource_index/packages
[5.215s] copying resource/gripper_sub -> /home/pi/handsystem/ros2_robot_ws/src/install/gripper_sub/share/ament_index/resource_index/packages
[5.215s] copying package.xml -> /home/pi/handsystem/ros2_robot_ws/src/install/gripper_sub/share/gripper_sub
[5.216s] running install_egg_info
[5.223s] Copying ../build/gripper_sub/gripper_sub.egg-info to /home/pi/handsystem/ros2_robot_ws/src/install/gripper_sub/lib/python3.10/site-packages/gripper_sub-0.0.0-py3.10.egg-info
[5.229s] running install_scripts
[5.315s] Installing listener script to /home/pi/handsystem/ros2_robot_ws/src/install/gripper_sub/lib/gripper_sub
[5.324s] writing list of installed files to '/home/pi/handsystem/ros2_robot_ws/src/build/gripper_sub/install.log'
[5.463s] Invoked command in '/home/pi/handsystem/ros2_robot_ws/src/gripper_sub' returned '0': PYTHONPATH=/home/pi/handsystem/ros2_robot_ws/src/build/gripper_sub/prefix_override:/usr/lib/python3/dist-packages/colcon_core/task/python/colcon_distutils_commands:/home/pi/handsystem/ros2_robot_ws/src/install/gripper_sub/lib/python3.10/site-packages:${PYTHONPATH} /usr/bin/python3 -W ignore:setup.py install is deprecated setup.py egg_info --egg-base ../build/gripper_sub build --build-base /home/pi/handsystem/ros2_robot_ws/src/build/gripper_sub/build install --record /home/pi/handsystem/ros2_robot_ws/src/build/gripper_sub/install.log --single-version-externally-managed install_data
