[8.894s] Invoking command in '/home/pi/handsystem/ros2_robot_ws/src/gripper_pub': PYTHONPATH=/home/pi/handsystem/ros2_robot_ws/build/gripper_pub/prefix_override:/home/pi/handsystem/ros2_robot_ws/install/gripper_pub/lib/python3.10/site-packages:${PYTHONPATH} /usr/bin/python3 -W ignore:setup.py install is deprecated setup.py egg_info --egg-base ../../build/gripper_pub build --build-base /home/pi/handsystem/ros2_robot_ws/build/gripper_pub/build install --record /home/pi/handsystem/ros2_robot_ws/build/gripper_pub/install.log --single-version-externally-managed install_data
[11.568s] running egg_info
[11.570s] creating ../../build/gripper_pub/gripper_pub.egg-info
[11.574s] writing ../../build/gripper_pub/gripper_pub.egg-info/PKG-INFO
[11.575s] writing dependency_links to ../../build/gripper_pub/gripper_pub.egg-info/dependency_links.txt
[11.575s] writing entry points to ../../build/gripper_pub/gripper_pub.egg-info/entry_points.txt
[11.576s] writing requirements to ../../build/gripper_pub/gripper_pub.egg-info/requires.txt
[11.578s] writing top-level names to ../../build/gripper_pub/gripper_pub.egg-info/top_level.txt
[11.581s] writing manifest file '../../build/gripper_pub/gripper_pub.egg-info/SOURCES.txt'
[11.592s] reading manifest file '../../build/gripper_pub/gripper_pub.egg-info/SOURCES.txt'
[11.594s] adding license file 'LICENSE'
[11.605s] writing manifest file '../../build/gripper_pub/gripper_pub.egg-info/SOURCES.txt'
[11.606s] running build
[11.608s] running build_py
[11.610s] creating /home/pi/handsystem/ros2_robot_ws/build/gripper_pub/build
[11.611s] creating /home/pi/handsystem/ros2_robot_ws/build/gripper_pub/build/lib
[11.613s] creating /home/pi/handsystem/ros2_robot_ws/build/gripper_pub/build/lib/gripper_pub
[11.615s] copying gripper_pub/publisher_member_function.py -> /home/pi/handsystem/ros2_robot_ws/build/gripper_pub/build/lib/gripper_pub
[11.617s] copying gripper_pub/__init__.py -> /home/pi/handsystem/ros2_robot_ws/build/gripper_pub/build/lib/gripper_pub
[11.619s] running install
[11.622s] running install_lib
[11.627s] creating /home/pi/handsystem/ros2_robot_ws/install/gripper_pub/lib/python3.10/site-packages/gripper_pub
[11.629s] copying /home/pi/handsystem/ros2_robot_ws/build/gripper_pub/build/lib/gripper_pub/publisher_member_function.py -> /home/pi/handsystem/ros2_robot_ws/install/gripper_pub/lib/python3.10/site-packages/gripper_pub
[11.631s] copying /home/pi/handsystem/ros2_robot_ws/build/gripper_pub/build/lib/gripper_pub/__init__.py -> /home/pi/handsystem/ros2_robot_ws/install/gripper_pub/lib/python3.10/site-packages/gripper_pub
[11.635s] byte-compiling /home/pi/handsystem/ros2_robot_ws/install/gripper_pub/lib/python3.10/site-packages/gripper_pub/publisher_member_function.py to publisher_member_function.cpython-310.pyc
[11.639s] byte-compiling /home/pi/handsystem/ros2_robot_ws/install/gripper_pub/lib/python3.10/site-packages/gripper_pub/__init__.py to __init__.cpython-310.pyc
[11.641s] running install_data
[11.643s] creating /home/pi/handsystem/ros2_robot_ws/install/gripper_pub/share/ament_index
[11.644s] creating /home/pi/handsystem/ros2_robot_ws/install/gripper_pub/share/ament_index/resource_index
[11.646s] creating /home/pi/handsystem/ros2_robot_ws/install/gripper_pub/share/ament_index/resource_index/packages
[11.647s] copying resource/gripper_pub -> /home/pi/handsystem/ros2_robot_ws/install/gripper_pub/share/ament_index/resource_index/packages
[11.650s] copying package.xml -> /home/pi/handsystem/ros2_robot_ws/install/gripper_pub/share/gripper_pub
[11.652s] running install_egg_info
[11.662s] Copying ../../build/gripper_pub/gripper_pub.egg-info to /home/pi/handsystem/ros2_robot_ws/install/gripper_pub/lib/python3.10/site-packages/gripper_pub-0.0.0-py3.10.egg-info
[11.672s] running install_scripts
[11.779s] Installing talker script to /home/pi/handsystem/ros2_robot_ws/install/gripper_pub/lib/gripper_pub
[11.782s] writing list of installed files to '/home/pi/handsystem/ros2_robot_ws/build/gripper_pub/install.log'
[11.969s] Invoked command in '/home/pi/handsystem/ros2_robot_ws/src/gripper_pub' returned '0': PYTHONPATH=/home/pi/handsystem/ros2_robot_ws/build/gripper_pub/prefix_override:/home/pi/handsystem/ros2_robot_ws/install/gripper_pub/lib/python3.10/site-packages:${PYTHONPATH} /usr/bin/python3 -W ignore:setup.py install is deprecated setup.py egg_info --egg-base ../../build/gripper_pub build --build-base /home/pi/handsystem/ros2_robot_ws/build/gripper_pub/build install --record /home/pi/handsystem/ros2_robot_ws/build/gripper_pub/install.log --single-version-externally-managed install_data
