[3.357s] Invoking command in '/home/pi/handsystem/ros2_robot_ws/src/gripper_pub': PYTHONPATH=/home/pi/handsystem/ros2_robot_ws/build/gripper_pub/prefix_override:/usr/lib/python3/dist-packages/colcon_core/task/python/colcon_distutils_commands:/home/pi/handsystem/ros2_robot_ws/install/gripper_pub/lib/python3.10/site-packages:${PYTHONPATH} /usr/bin/python3 -W ignore:setup.py install is deprecated setup.py egg_info --egg-base ../../build/gripper_pub build --build-base /home/pi/handsystem/ros2_robot_ws/build/gripper_pub/build install --record /home/pi/handsystem/ros2_robot_ws/build/gripper_pub/install.log --single-version-externally-managed install_data
[4.608s] running egg_info
[4.611s] writing ../../build/gripper_pub/gripper_pub.egg-info/PKG-INFO
[4.612s] writing dependency_links to ../../build/gripper_pub/gripper_pub.egg-info/dependency_links.txt
[4.613s] writing entry points to ../../build/gripper_pub/gripper_pub.egg-info/entry_points.txt
[4.614s] writing requirements to ../../build/gripper_pub/gripper_pub.egg-info/requires.txt
[4.615s] writing top-level names to ../../build/gripper_pub/gripper_pub.egg-info/top_level.txt
[4.623s] reading manifest file '../../build/gripper_pub/gripper_pub.egg-info/SOURCES.txt'
[4.625s] adding license file 'LICENSE'
[4.632s] writing manifest file '../../build/gripper_pub/gripper_pub.egg-info/SOURCES.txt'
[4.632s] running build
[4.633s] running build_py
[4.633s] copying gripper_pub/publisher_member_function.py -> /home/pi/handsystem/ros2_robot_ws/build/gripper_pub/build/lib/gripper_pub
[4.635s] running install
[4.637s] running install_lib
[4.640s] copying /home/pi/handsystem/ros2_robot_ws/build/gripper_pub/build/lib/gripper_pub/publisher_member_function.py -> /home/pi/handsystem/ros2_robot_ws/install/gripper_pub/lib/python3.10/site-packages/gripper_pub
[4.643s] byte-compiling /home/pi/handsystem/ros2_robot_ws/install/gripper_pub/lib/python3.10/site-packages/gripper_pub/publisher_member_function.py to publisher_member_function.cpython-310.pyc
[4.647s] running install_data
[4.648s] running install_egg_info
[4.656s] removing '/home/pi/handsystem/ros2_robot_ws/install/gripper_pub/lib/python3.10/site-packages/gripper_pub-0.0.0-py3.10.egg-info' (and everything under it)
[4.658s] Copying ../../build/gripper_pub/gripper_pub.egg-info to /home/pi/handsystem/ros2_robot_ws/install/gripper_pub/lib/python3.10/site-packages/gripper_pub-0.0.0-py3.10.egg-info
[4.664s] running install_scripts
[4.745s] Installing talker script to /home/pi/handsystem/ros2_robot_ws/install/gripper_pub/lib/gripper_pub
[4.747s] writing list of installed files to '/home/pi/handsystem/ros2_robot_ws/build/gripper_pub/install.log'
[4.872s] Invoked command in '/home/pi/handsystem/ros2_robot_ws/src/gripper_pub' returned '0': PYTHONPATH=/home/pi/handsystem/ros2_robot_ws/build/gripper_pub/prefix_override:/usr/lib/python3/dist-packages/colcon_core/task/python/colcon_distutils_commands:/home/pi/handsystem/ros2_robot_ws/install/gripper_pub/lib/python3.10/site-packages:${PYTHONPATH} /usr/bin/python3 -W ignore:setup.py install is deprecated setup.py egg_info --egg-base ../../build/gripper_pub build --build-base /home/pi/handsystem/ros2_robot_ws/build/gripper_pub/build install --record /home/pi/handsystem/ros2_robot_ws/build/gripper_pub/install.log --single-version-externally-managed install_data
