[0.652s] DEBUG:colcon:Command line arguments: ['/usr/bin/colcon', 'build', '--packages-select', 'gripper_sub']
[0.653s] DEBUG:colcon:Parsed command line arguments: Namespace(log_base=None, log_level=None, verb_name='build', build_base='build', install_base='install', merge_install=False, symlink_install=False, test_result_base=None, continue_on_error=False, executor='parallel', parallel_workers=4, event_handlers=None, ignore_user_meta=False, metas=['./colcon.meta'], base_paths=['.'], packages_ignore=None, packages_ignore_regex=None, paths=None, packages_up_to=None, packages_up_to_regex=None, packages_above=None, packages_above_and_dependencies=None, packages_above_depth=None, packages_select_by_dep=None, packages_skip_by_dep=None, packages_skip_up_to=None, packages_select_build_failed=False, packages_skip_build_finished=False, packages_select_test_failures=False, packages_skip_test_passed=False, packages_select=['gripper_sub'], packages_skip=None, packages_select_regex=None, packages_skip_regex=None, packages_start=None, packages_end=None, allow_overriding=[], cmake_args=None, cmake_target=None, cmake_target_skip_unavailable=False, cmake_clean_cache=False, cmake_clean_first=False, cmake_force_configure=False, ament_cmake_args=None, catkin_cmake_args=None, catkin_skip_building_tests=False, mixin_files=None, mixin=None, verb_parser=<colcon_mixin.mixin.mixin_argument.MixinArgumentDecorator object at 0xffff8a4dfb80>, verb_extension=<colcon_core.verb.build.BuildVerb object at 0xffff8a6b0dc0>, main=<bound method BuildVerb.main of <colcon_core.verb.build.BuildVerb object at 0xffff8a6b0dc0>>, mixin_verb=('build',))
[1.654s] Level 1:colcon.colcon_core.package_discovery:discover_packages(colcon_meta) check parameters
[1.655s] Level 1:colcon.colcon_core.package_discovery:discover_packages(recursive) check parameters
[1.655s] Level 1:colcon.colcon_core.package_discovery:discover_packages(ignore) check parameters
[1.656s] Level 1:colcon.colcon_core.package_discovery:discover_packages(path) check parameters
[1.656s] Level 1:colcon.colcon_core.package_discovery:discover_packages(colcon_meta) discover
[1.656s] Level 1:colcon.colcon_core.package_discovery:discover_packages(recursive) discover
[1.656s] INFO:colcon.colcon_core.package_discovery:Crawling recursively for packages in '/home/pi/handsystem/ros2_robot_ws'
[1.657s] Level 1:colcon.colcon_core.package_identification:_identify(.) by extensions ['ignore', 'ignore_ament_install']
[1.657s] Level 1:colcon.colcon_core.package_identification:_identify(.) by extension 'ignore'
[1.658s] Level 1:colcon.colcon_core.package_identification:_identify(.) by extension 'ignore_ament_install'
[1.658s] Level 1:colcon.colcon_core.package_identification:_identify(.) by extensions ['colcon_pkg']
[1.658s] Level 1:colcon.colcon_core.package_identification:_identify(.) by extension 'colcon_pkg'
[1.658s] Level 1:colcon.colcon_core.package_identification:_identify(.) by extensions ['colcon_meta']
[1.659s] Level 1:colcon.colcon_core.package_identification:_identify(.) by extension 'colcon_meta'
[1.659s] Level 1:colcon.colcon_core.package_identification:_identify(.) by extensions ['ros']
[1.659s] Level 1:colcon.colcon_core.package_identification:_identify(.) by extension 'ros'
[1.736s] Level 1:colcon.colcon_core.package_identification:_identify(.) by extensions ['cmake', 'python']
[1.736s] Level 1:colcon.colcon_core.package_identification:_identify(.) by extension 'cmake'
[1.736s] Level 1:colcon.colcon_core.package_identification:_identify(.) by extension 'python'
[1.737s] Level 1:colcon.colcon_core.package_identification:_identify(.) by extensions ['python_setup_py']
[1.737s] Level 1:colcon.colcon_core.package_identification:_identify(.) by extension 'python_setup_py'
[1.738s] Level 1:colcon.colcon_core.package_identification:_identify(__pycache__) by extensions ['ignore', 'ignore_ament_install']
[1.739s] Level 1:colcon.colcon_core.package_identification:_identify(__pycache__) by extension 'ignore'
[1.740s] Level 1:colcon.colcon_core.package_identification:_identify(__pycache__) by extension 'ignore_ament_install'
[1.741s] Level 1:colcon.colcon_core.package_identification:_identify(__pycache__) by extensions ['colcon_pkg']
[1.741s] Level 1:colcon.colcon_core.package_identification:_identify(__pycache__) by extension 'colcon_pkg'
[1.742s] Level 1:colcon.colcon_core.package_identification:_identify(__pycache__) by extensions ['colcon_meta']
[1.742s] Level 1:colcon.colcon_core.package_identification:_identify(__pycache__) by extension 'colcon_meta'
[1.742s] Level 1:colcon.colcon_core.package_identification:_identify(__pycache__) by extensions ['ros']
[1.743s] Level 1:colcon.colcon_core.package_identification:_identify(__pycache__) by extension 'ros'
[1.744s] Level 1:colcon.colcon_core.package_identification:_identify(__pycache__) by extensions ['cmake', 'python']
[1.744s] Level 1:colcon.colcon_core.package_identification:_identify(__pycache__) by extension 'cmake'
[1.744s] Level 1:colcon.colcon_core.package_identification:_identify(__pycache__) by extension 'python'
[1.745s] Level 1:colcon.colcon_core.package_identification:_identify(__pycache__) by extensions ['python_setup_py']
[1.745s] Level 1:colcon.colcon_core.package_identification:_identify(__pycache__) by extension 'python_setup_py'
[1.746s] Level 1:colcon.colcon_core.package_identification:_identify(build) by extensions ['ignore', 'ignore_ament_install']
[1.747s] Level 1:colcon.colcon_core.package_identification:_identify(build) by extension 'ignore'
[1.748s] Level 1:colcon.colcon_core.package_identification:_identify(build) ignored
[1.749s] Level 1:colcon.colcon_core.package_identification:_identify(install) by extensions ['ignore', 'ignore_ament_install']
[1.750s] Level 1:colcon.colcon_core.package_identification:_identify(install) by extension 'ignore'
[1.750s] Level 1:colcon.colcon_core.package_identification:_identify(install) ignored
[1.754s] Level 1:colcon.colcon_core.package_identification:_identify(log) by extensions ['ignore', 'ignore_ament_install']
[1.755s] Level 1:colcon.colcon_core.package_identification:_identify(log) by extension 'ignore'
[1.755s] Level 1:colcon.colcon_core.package_identification:_identify(log) ignored
[1.756s] Level 1:colcon.colcon_core.package_identification:_identify(src) by extensions ['ignore', 'ignore_ament_install']
[1.757s] Level 1:colcon.colcon_core.package_identification:_identify(src) by extension 'ignore'
[1.758s] Level 1:colcon.colcon_core.package_identification:_identify(src) by extension 'ignore_ament_install'
[1.758s] Level 1:colcon.colcon_core.package_identification:_identify(src) by extensions ['colcon_pkg']
[1.759s] Level 1:colcon.colcon_core.package_identification:_identify(src) by extension 'colcon_pkg'
[1.760s] Level 1:colcon.colcon_core.package_identification:_identify(src) by extensions ['colcon_meta']
[1.760s] Level 1:colcon.colcon_core.package_identification:_identify(src) by extension 'colcon_meta'
[1.760s] Level 1:colcon.colcon_core.package_identification:_identify(src) by extensions ['ros']
[1.760s] Level 1:colcon.colcon_core.package_identification:_identify(src) by extension 'ros'
[1.761s] Level 1:colcon.colcon_core.package_identification:_identify(src) by extensions ['cmake', 'python']
[1.761s] Level 1:colcon.colcon_core.package_identification:_identify(src) by extension 'cmake'
[1.761s] Level 1:colcon.colcon_core.package_identification:_identify(src) by extension 'python'
[1.762s] Level 1:colcon.colcon_core.package_identification:_identify(src) by extensions ['python_setup_py']
[1.762s] Level 1:colcon.colcon_core.package_identification:_identify(src) by extension 'python_setup_py'
[1.763s] Level 1:colcon.colcon_core.package_identification:_identify(src/arm_test) by extensions ['ignore', 'ignore_ament_install']
[1.764s] Level 1:colcon.colcon_core.package_identification:_identify(src/arm_test) by extension 'ignore'
[1.765s] Level 1:colcon.colcon_core.package_identification:_identify(src/arm_test) by extension 'ignore_ament_install'
[1.765s] Level 1:colcon.colcon_core.package_identification:_identify(src/arm_test) by extensions ['colcon_pkg']
[1.765s] Level 1:colcon.colcon_core.package_identification:_identify(src/arm_test) by extension 'colcon_pkg'
[1.766s] Level 1:colcon.colcon_core.package_identification:_identify(src/arm_test) by extensions ['colcon_meta']
[1.767s] Level 1:colcon.colcon_core.package_identification:_identify(src/arm_test) by extension 'colcon_meta'
[1.767s] Level 1:colcon.colcon_core.package_identification:_identify(src/arm_test) by extensions ['ros']
[1.768s] Level 1:colcon.colcon_core.package_identification:_identify(src/arm_test) by extension 'ros'
[1.787s] DEBUG:colcon.colcon_core.package_identification:Package 'src/arm_test' with type 'ros.ament_python' and name 'arm_test'
[1.788s] Level 1:colcon.colcon_core.package_identification:_identify(src/build) by extensions ['ignore', 'ignore_ament_install']
[1.789s] Level 1:colcon.colcon_core.package_identification:_identify(src/build) by extension 'ignore'
[1.790s] Level 1:colcon.colcon_core.package_identification:_identify(src/build) ignored
[1.791s] Level 1:colcon.colcon_core.package_identification:_identify(src/gripper_pub) by extensions ['ignore', 'ignore_ament_install']
[1.791s] Level 1:colcon.colcon_core.package_identification:_identify(src/gripper_pub) by extension 'ignore'
[1.792s] Level 1:colcon.colcon_core.package_identification:_identify(src/gripper_pub) by extension 'ignore_ament_install'
[1.793s] Level 1:colcon.colcon_core.package_identification:_identify(src/gripper_pub) by extensions ['colcon_pkg']
[1.793s] Level 1:colcon.colcon_core.package_identification:_identify(src/gripper_pub) by extension 'colcon_pkg'
[1.793s] Level 1:colcon.colcon_core.package_identification:_identify(src/gripper_pub) by extensions ['colcon_meta']
[1.794s] Level 1:colcon.colcon_core.package_identification:_identify(src/gripper_pub) by extension 'colcon_meta'
[1.795s] Level 1:colcon.colcon_core.package_identification:_identify(src/gripper_pub) by extensions ['ros']
[1.795s] Level 1:colcon.colcon_core.package_identification:_identify(src/gripper_pub) by extension 'ros'
[1.801s] DEBUG:colcon.colcon_core.package_identification:Package 'src/gripper_pub' with type 'ros.ament_python' and name 'gripper_pub'
[1.802s] Level 1:colcon.colcon_core.package_identification:_identify(src/gripper_sub) by extensions ['ignore', 'ignore_ament_install']
[1.802s] Level 1:colcon.colcon_core.package_identification:_identify(src/gripper_sub) by extension 'ignore'
[1.803s] Level 1:colcon.colcon_core.package_identification:_identify(src/gripper_sub) by extension 'ignore_ament_install'
[1.803s] Level 1:colcon.colcon_core.package_identification:_identify(src/gripper_sub) by extensions ['colcon_pkg']
[1.803s] Level 1:colcon.colcon_core.package_identification:_identify(src/gripper_sub) by extension 'colcon_pkg'
[1.804s] Level 1:colcon.colcon_core.package_identification:_identify(src/gripper_sub) by extensions ['colcon_meta']
[1.804s] Level 1:colcon.colcon_core.package_identification:_identify(src/gripper_sub) by extension 'colcon_meta'
[1.804s] Level 1:colcon.colcon_core.package_identification:_identify(src/gripper_sub) by extensions ['ros']
[1.805s] Level 1:colcon.colcon_core.package_identification:_identify(src/gripper_sub) by extension 'ros'
[1.808s] DEBUG:colcon.colcon_core.package_identification:Package 'src/gripper_sub' with type 'ros.ament_python' and name 'gripper_sub'
[1.810s] Level 1:colcon.colcon_core.package_identification:_identify(src/install) by extensions ['ignore', 'ignore_ament_install']
[1.810s] Level 1:colcon.colcon_core.package_identification:_identify(src/install) by extension 'ignore'
[1.811s] Level 1:colcon.colcon_core.package_identification:_identify(src/install) ignored
[1.811s] Level 1:colcon.colcon_core.package_identification:_identify(src/log) by extensions ['ignore', 'ignore_ament_install']
[1.812s] Level 1:colcon.colcon_core.package_identification:_identify(src/log) by extension 'ignore'
[1.812s] Level 1:colcon.colcon_core.package_identification:_identify(src/log) ignored
[1.813s] Level 1:colcon.colcon_core.package_identification:_identify(src/robot_interfaces) by extensions ['ignore', 'ignore_ament_install']
[1.814s] Level 1:colcon.colcon_core.package_identification:_identify(src/robot_interfaces) by extension 'ignore'
[1.814s] Level 1:colcon.colcon_core.package_identification:_identify(src/robot_interfaces) by extension 'ignore_ament_install'
[1.815s] Level 1:colcon.colcon_core.package_identification:_identify(src/robot_interfaces) by extensions ['colcon_pkg']
[1.815s] Level 1:colcon.colcon_core.package_identification:_identify(src/robot_interfaces) by extension 'colcon_pkg'
[1.815s] Level 1:colcon.colcon_core.package_identification:_identify(src/robot_interfaces) by extensions ['colcon_meta']
[1.815s] Level 1:colcon.colcon_core.package_identification:_identify(src/robot_interfaces) by extension 'colcon_meta'
[1.816s] Level 1:colcon.colcon_core.package_identification:_identify(src/robot_interfaces) by extensions ['ros']
[1.816s] Level 1:colcon.colcon_core.package_identification:_identify(src/robot_interfaces) by extension 'ros'
[1.824s] DEBUG:colcon.colcon_core.package_identification:Package 'src/robot_interfaces' with type 'ros.ament_cmake' and name 'robot_interfaces'
[1.824s] Level 1:colcon.colcon_core.package_discovery:discover_packages(recursive) using defaults
[1.824s] Level 1:colcon.colcon_core.package_discovery:discover_packages(ignore) discover
[1.825s] Level 1:colcon.colcon_core.package_discovery:discover_packages(ignore) using defaults
[1.825s] Level 1:colcon.colcon_core.package_discovery:discover_packages(path) discover
[1.825s] Level 1:colcon.colcon_core.package_discovery:discover_packages(path) using defaults
[1.990s] INFO:colcon.colcon_core.package_selection:Skipping not selected package 'robot_interfaces' in 'src/robot_interfaces'
[1.990s] INFO:colcon.colcon_core.package_selection:Skipping not selected package 'arm_test' in 'src/arm_test'
[1.990s] INFO:colcon.colcon_core.package_selection:Skipping not selected package 'gripper_pub' in 'src/gripper_pub'
[1.995s] Level 1:colcon.colcon_core.package_discovery:discover_packages(prefix_path) check parameters
[1.995s] Level 1:colcon.colcon_core.package_discovery:discover_packages(prefix_path) discover
[2.011s] DEBUG:colcon.colcon_installed_package_information.package_discovery:Found 4 installed packages in /home/pi/handsystem/ros2_robot_ws/install
[2.014s] DEBUG:colcon.colcon_installed_package_information.package_discovery:Found 3 installed packages in /home/pi/ros2_ws/install
[2.023s] DEBUG:colcon.colcon_installed_package_information.package_discovery:Found 294 installed packages in /opt/ros/humble
[2.030s] Level 1:colcon.colcon_core.package_discovery:discover_packages(prefix_path) using defaults
[2.252s] Level 5:colcon.colcon_core.verb:set package 'gripper_sub' build argument 'cmake_args' from command line to 'None'
[2.252s] Level 5:colcon.colcon_core.verb:set package 'gripper_sub' build argument 'cmake_target' from command line to 'None'
[2.253s] Level 5:colcon.colcon_core.verb:set package 'gripper_sub' build argument 'cmake_target_skip_unavailable' from command line to 'False'
[2.253s] Level 5:colcon.colcon_core.verb:set package 'gripper_sub' build argument 'cmake_clean_cache' from command line to 'False'
[2.253s] Level 5:colcon.colcon_core.verb:set package 'gripper_sub' build argument 'cmake_clean_first' from command line to 'False'
[2.253s] Level 5:colcon.colcon_core.verb:set package 'gripper_sub' build argument 'cmake_force_configure' from command line to 'False'
[2.253s] Level 5:colcon.colcon_core.verb:set package 'gripper_sub' build argument 'ament_cmake_args' from command line to 'None'
[2.253s] Level 5:colcon.colcon_core.verb:set package 'gripper_sub' build argument 'catkin_cmake_args' from command line to 'None'
[2.254s] Level 5:colcon.colcon_core.verb:set package 'gripper_sub' build argument 'catkin_skip_building_tests' from command line to 'False'
[2.254s] DEBUG:colcon.colcon_core.verb:Building package 'gripper_sub' with the following arguments: {'ament_cmake_args': None, 'build_base': '/home/pi/handsystem/ros2_robot_ws/build/gripper_sub', 'catkin_cmake_args': None, 'catkin_skip_building_tests': False, 'cmake_args': None, 'cmake_clean_cache': False, 'cmake_clean_first': False, 'cmake_force_configure': False, 'cmake_target': None, 'cmake_target_skip_unavailable': False, 'install_base': '/home/pi/handsystem/ros2_robot_ws/install/gripper_sub', 'merge_install': False, 'path': '/home/pi/handsystem/ros2_robot_ws/src/gripper_sub', 'symlink_install': False, 'test_result_base': None}
[2.255s] INFO:colcon.colcon_core.executor:Executing jobs using 'parallel' executor
[2.259s] DEBUG:colcon.colcon_parallel_executor.executor.parallel:run_until_complete
[2.261s] INFO:colcon.colcon_ros.task.ament_python.build:Building ROS package in '/home/pi/handsystem/ros2_robot_ws/src/gripper_sub' with build type 'ament_python'
[2.262s] Level 1:colcon.colcon_core.shell:create_environment_hook('gripper_sub', 'ament_prefix_path')
[2.284s] INFO:colcon.colcon_core.plugin_system:Skipping extension 'colcon_core.shell.bat': Not used on non-Windows systems
[2.285s] INFO:colcon.colcon_core.shell:Creating environment hook '/home/pi/handsystem/ros2_robot_ws/install/gripper_sub/share/gripper_sub/hook/ament_prefix_path.ps1'
[2.290s] INFO:colcon.colcon_core.shell:Creating environment descriptor '/home/pi/handsystem/ros2_robot_ws/install/gripper_sub/share/gripper_sub/hook/ament_prefix_path.dsv'
[2.294s] INFO:colcon.colcon_core.shell:Creating environment hook '/home/pi/handsystem/ros2_robot_ws/install/gripper_sub/share/gripper_sub/hook/ament_prefix_path.sh'
[2.298s] INFO:colcon.colcon_core.shell:Skip shell extension 'powershell' for command environment: Not usable outside of PowerShell
[2.299s] DEBUG:colcon.colcon_core.shell:Skip shell extension 'dsv' for command environment
[3.769s] INFO:colcon.colcon_core.task.python.build:Building Python package in '/home/pi/handsystem/ros2_robot_ws/src/gripper_sub'
[3.771s] INFO:colcon.colcon_core.shell:Skip shell extension 'powershell' for command environment: Not usable outside of PowerShell
[3.771s] DEBUG:colcon.colcon_core.shell:Skip shell extension 'dsv' for command environment
[5.941s] DEBUG:colcon.colcon_core.event_handler.log_command:Invoking command in '/home/pi/handsystem/ros2_robot_ws/src/gripper_sub': PYTHONPATH=/home/pi/handsystem/ros2_robot_ws/build/gripper_sub/prefix_override:/usr/lib/python3/dist-packages/colcon_core/task/python/colcon_distutils_commands:/home/pi/handsystem/ros2_robot_ws/install/gripper_sub/lib/python3.10/site-packages:${PYTHONPATH} /usr/bin/python3 -W ignore:setup.py install is deprecated setup.py egg_info --egg-base ../../build/gripper_sub build --build-base /home/pi/handsystem/ros2_robot_ws/build/gripper_sub/build install --record /home/pi/handsystem/ros2_robot_ws/build/gripper_sub/install.log --single-version-externally-managed install_data
[7.551s] DEBUG:colcon.colcon_core.event_handler.log_command:Invoked command in '/home/pi/handsystem/ros2_robot_ws/src/gripper_sub' returned '0': PYTHONPATH=/home/pi/handsystem/ros2_robot_ws/build/gripper_sub/prefix_override:/usr/lib/python3/dist-packages/colcon_core/task/python/colcon_distutils_commands:/home/pi/handsystem/ros2_robot_ws/install/gripper_sub/lib/python3.10/site-packages:${PYTHONPATH} /usr/bin/python3 -W ignore:setup.py install is deprecated setup.py egg_info --egg-base ../../build/gripper_sub build --build-base /home/pi/handsystem/ros2_robot_ws/build/gripper_sub/build install --record /home/pi/handsystem/ros2_robot_ws/build/gripper_sub/install.log --single-version-externally-managed install_data
[7.572s] Level 1:colcon.colcon_core.environment:checking '/home/pi/handsystem/ros2_robot_ws/install/gripper_sub' for CMake module files
[7.574s] Level 1:colcon.colcon_core.environment:checking '/home/pi/handsystem/ros2_robot_ws/install/gripper_sub' for CMake config files
[7.579s] Level 1:colcon.colcon_core.environment:checking '/home/pi/handsystem/ros2_robot_ws/install/gripper_sub/lib'
[7.580s] Level 1:colcon.colcon_core.environment:checking '/home/pi/handsystem/ros2_robot_ws/install/gripper_sub/bin'
[7.580s] Level 1:colcon.colcon_core.environment:checking '/home/pi/handsystem/ros2_robot_ws/install/gripper_sub/lib/pkgconfig/gripper_sub.pc'
[7.581s] Level 1:colcon.colcon_core.environment:checking '/home/pi/handsystem/ros2_robot_ws/install/gripper_sub/lib/python3.10/site-packages'
[7.582s] Level 1:colcon.colcon_core.shell:create_environment_hook('gripper_sub', 'pythonpath')
[7.583s] INFO:colcon.colcon_core.shell:Creating environment hook '/home/pi/handsystem/ros2_robot_ws/install/gripper_sub/share/gripper_sub/hook/pythonpath.ps1'
[7.584s] INFO:colcon.colcon_core.shell:Creating environment descriptor '/home/pi/handsystem/ros2_robot_ws/install/gripper_sub/share/gripper_sub/hook/pythonpath.dsv'
[7.586s] INFO:colcon.colcon_core.shell:Creating environment hook '/home/pi/handsystem/ros2_robot_ws/install/gripper_sub/share/gripper_sub/hook/pythonpath.sh'
[7.589s] Level 1:colcon.colcon_core.environment:checking '/home/pi/handsystem/ros2_robot_ws/install/gripper_sub/bin'
[7.589s] Level 1:colcon.colcon_core.environment:create_environment_scripts_only(gripper_sub)
[7.590s] INFO:colcon.colcon_core.shell:Creating package script '/home/pi/handsystem/ros2_robot_ws/install/gripper_sub/share/gripper_sub/package.ps1'
[7.595s] INFO:colcon.colcon_core.shell:Creating package descriptor '/home/pi/handsystem/ros2_robot_ws/install/gripper_sub/share/gripper_sub/package.dsv'
[7.599s] INFO:colcon.colcon_core.shell:Creating package script '/home/pi/handsystem/ros2_robot_ws/install/gripper_sub/share/gripper_sub/package.sh'
[7.603s] INFO:colcon.colcon_core.shell:Creating package script '/home/pi/handsystem/ros2_robot_ws/install/gripper_sub/share/gripper_sub/package.bash'
[7.608s] INFO:colcon.colcon_core.shell:Creating package script '/home/pi/handsystem/ros2_robot_ws/install/gripper_sub/share/gripper_sub/package.zsh'
[7.612s] Level 1:colcon.colcon_core.environment:create_file_with_runtime_dependencies(/home/pi/handsystem/ros2_robot_ws/install/gripper_sub/share/colcon-core/packages/gripper_sub)
[7.614s] DEBUG:colcon.colcon_parallel_executor.executor.parallel:closing loop
[7.615s] DEBUG:colcon.colcon_parallel_executor.executor.parallel:loop closed
[7.615s] DEBUG:colcon.colcon_parallel_executor.executor.parallel:run_until_complete finished with '0'
[7.615s] DEBUG:colcon.colcon_core.event_reactor:joining thread
[7.646s] INFO:colcon.colcon_core.plugin_system:Skipping extension 'colcon_notification.desktop_notification.terminal_notifier': Not used on non-Darwin systems
[7.646s] INFO:colcon.colcon_core.plugin_system:Skipping extension 'colcon_notification.desktop_notification.win32': Not used on non-Windows systems
[7.647s] INFO:colcon.colcon_notification.desktop_notification:Sending desktop notification using 'notify2'
[7.652s] DEBUG:colcon.colcon_notification.desktop_notification.notify2:Failed to initialize notify2: org.freedesktop.DBus.Error.ServiceUnknown: The name org.freedesktop.Notifications was not provided by any .service files
[7.652s] DEBUG:colcon.colcon_core.event_reactor:joined thread
[7.654s] INFO:colcon.colcon_core.shell:Creating prefix script '/home/pi/handsystem/ros2_robot_ws/install/local_setup.ps1'
[7.661s] INFO:colcon.colcon_core.shell:Creating prefix util module '/home/pi/handsystem/ros2_robot_ws/install/_local_setup_util_ps1.py'
[7.670s] INFO:colcon.colcon_core.shell:Creating prefix chain script '/home/pi/handsystem/ros2_robot_ws/install/setup.ps1'
[7.677s] INFO:colcon.colcon_core.shell:Creating prefix script '/home/pi/handsystem/ros2_robot_ws/install/local_setup.sh'
[7.681s] INFO:colcon.colcon_core.shell:Creating prefix util module '/home/pi/handsystem/ros2_robot_ws/install/_local_setup_util_sh.py'
[7.683s] INFO:colcon.colcon_core.shell:Creating prefix chain script '/home/pi/handsystem/ros2_robot_ws/install/setup.sh'
[7.690s] INFO:colcon.colcon_core.shell:Creating prefix script '/home/pi/handsystem/ros2_robot_ws/install/local_setup.bash'
[7.693s] INFO:colcon.colcon_core.shell:Creating prefix chain script '/home/pi/handsystem/ros2_robot_ws/install/setup.bash'
[7.700s] INFO:colcon.colcon_core.shell:Creating prefix script '/home/pi/handsystem/ros2_robot_ws/install/local_setup.zsh'
[7.705s] INFO:colcon.colcon_core.shell:Creating prefix chain script '/home/pi/handsystem/ros2_robot_ws/install/setup.zsh'
