[3.564s] Invoking command in '/home/pi/handsystem/ros2_robot_ws/src/gripper_pub': PYTHONPATH=/home/pi/handsystem/ros2_robot_ws/src/build/gripper_pub/prefix_override:/usr/lib/python3/dist-packages/colcon_core/task/python/colcon_distutils_commands:/home/pi/handsystem/ros2_robot_ws/src/install/gripper_pub/lib/python3.10/site-packages:${PYTHONPATH} /usr/bin/python3 -W ignore:setup.py install is deprecated setup.py egg_info --egg-base ../build/gripper_pub build --build-base /home/pi/handsystem/ros2_robot_ws/src/build/gripper_pub/build install --record /home/pi/handsystem/ros2_robot_ws/src/build/gripper_pub/install.log --single-version-externally-managed install_data
[4.941s] running egg_info
[4.944s] writing ../build/gripper_pub/gripper_pub.egg-info/PKG-INFO
[4.945s] writing dependency_links to ../build/gripper_pub/gripper_pub.egg-info/dependency_links.txt
[4.946s] writing entry points to ../build/gripper_pub/gripper_pub.egg-info/entry_points.txt
[4.947s] writing requirements to ../build/gripper_pub/gripper_pub.egg-info/requires.txt
[4.948s] writing top-level names to ../build/gripper_pub/gripper_pub.egg-info/top_level.txt
[4.957s] reading manifest file '../build/gripper_pub/gripper_pub.egg-info/SOURCES.txt'
[4.958s] adding license file 'LICENSE'
[4.966s] writing manifest file '../build/gripper_pub/gripper_pub.egg-info/SOURCES.txt'
[4.968s] running build
[4.969s] running build_py
[4.970s] copying gripper_pub/publisher_member_function.py -> /home/pi/handsystem/ros2_robot_ws/src/build/gripper_pub/build/lib/gripper_pub
[4.971s] running install
[4.973s] running install_lib
[4.976s] copying /home/pi/handsystem/ros2_robot_ws/src/build/gripper_pub/build/lib/gripper_pub/publisher_member_function.py -> /home/pi/handsystem/ros2_robot_ws/src/install/gripper_pub/lib/python3.10/site-packages/gripper_pub
[4.979s] byte-compiling /home/pi/handsystem/ros2_robot_ws/src/install/gripper_pub/lib/python3.10/site-packages/gripper_pub/publisher_member_function.py to publisher_member_function.cpython-310.pyc
[4.983s] running install_data
[4.984s] running install_egg_info
[4.993s] removing '/home/pi/handsystem/ros2_robot_ws/src/install/gripper_pub/lib/python3.10/site-packages/gripper_pub-0.0.0-py3.10.egg-info' (and everything under it)
[4.995s] Copying ../build/gripper_pub/gripper_pub.egg-info to /home/pi/handsystem/ros2_robot_ws/src/install/gripper_pub/lib/python3.10/site-packages/gripper_pub-0.0.0-py3.10.egg-info
[5.002s] running install_scripts
[5.091s] Installing talker script to /home/pi/handsystem/ros2_robot_ws/src/install/gripper_pub/lib/gripper_pub
[5.093s] writing list of installed files to '/home/pi/handsystem/ros2_robot_ws/src/build/gripper_pub/install.log'
[5.229s] Invoked command in '/home/pi/handsystem/ros2_robot_ws/src/gripper_pub' returned '0': PYTHONPATH=/home/pi/handsystem/ros2_robot_ws/src/build/gripper_pub/prefix_override:/usr/lib/python3/dist-packages/colcon_core/task/python/colcon_distutils_commands:/home/pi/handsystem/ros2_robot_ws/src/install/gripper_pub/lib/python3.10/site-packages:${PYTHONPATH} /usr/bin/python3 -W ignore:setup.py install is deprecated setup.py egg_info --egg-base ../build/gripper_pub build --build-base /home/pi/handsystem/ros2_robot_ws/src/build/gripper_pub/build install --record /home/pi/handsystem/ros2_robot_ws/src/build/gripper_pub/install.log --single-version-externally-managed install_data
