[6.649s] Invoking command in '/home/pi/handsystem/ros2_robot_ws/src/gripper_pub': PYTHONPATH=/home/pi/handsystem/build/gripper_pub/prefix_override:/usr/lib/python3/dist-packages/colcon_core/task/python/colcon_distutils_commands:/home/pi/handsystem/install/gripper_pub/lib/python3.10/site-packages:${PYTHONPATH} /usr/bin/python3 -W ignore:setup.py install is deprecated setup.py egg_info --egg-base ../../../build/gripper_pub build --build-base /home/pi/handsystem/build/gripper_pub/build install --record /home/pi/handsystem/build/gripper_pub/install.log --single-version-externally-managed install_data
[9.216s] running egg_info
[9.221s] writing ../../../build/gripper_pub/gripper_pub.egg-info/PKG-INFO
[9.223s] writing dependency_links to ../../../build/gripper_pub/gripper_pub.egg-info/dependency_links.txt
[9.225s] writing entry points to ../../../build/gripper_pub/gripper_pub.egg-info/entry_points.txt
[9.228s] writing requirements to ../../../build/gripper_pub/gripper_pub.egg-info/requires.txt
[9.228s] writing top-level names to ../../../build/gripper_pub/gripper_pub.egg-info/top_level.txt
[9.242s] reading manifest file '../../../build/gripper_pub/gripper_pub.egg-info/SOURCES.txt'
[9.243s] adding license file 'LICENSE'
[9.247s] writing manifest file '../../../build/gripper_pub/gripper_pub.egg-info/SOURCES.txt'
[9.249s] running build
[9.252s] running build_py
[9.259s] running install
[9.260s] running install_lib
[9.270s] running install_data
[9.272s] running install_egg_info
[9.283s] removing '/home/pi/handsystem/install/gripper_pub/lib/python3.10/site-packages/gripper_pub-0.0.0-py3.10.egg-info' (and everything under it)
[9.285s] Copying ../../../build/gripper_pub/gripper_pub.egg-info to /home/pi/handsystem/install/gripper_pub/lib/python3.10/site-packages/gripper_pub-0.0.0-py3.10.egg-info
[9.295s] running install_scripts
[9.412s] Installing talker script to /home/pi/handsystem/install/gripper_pub/lib/gripper_pub
[9.414s] writing list of installed files to '/home/pi/handsystem/build/gripper_pub/install.log'
[9.590s] Invoked command in '/home/pi/handsystem/ros2_robot_ws/src/gripper_pub' returned '0': PYTHONPATH=/home/pi/handsystem/build/gripper_pub/prefix_override:/usr/lib/python3/dist-packages/colcon_core/task/python/colcon_distutils_commands:/home/pi/handsystem/install/gripper_pub/lib/python3.10/site-packages:${PYTHONPATH} /usr/bin/python3 -W ignore:setup.py install is deprecated setup.py egg_info --egg-base ../../../build/gripper_pub build --build-base /home/pi/handsystem/build/gripper_pub/build install --record /home/pi/handsystem/build/gripper_pub/install.log --single-version-externally-managed install_data
