[3.412s] Invoking command in '/home/pi/handsystem/ros2_robot_ws/src/gripper_sub': PYTHONPATH=/home/pi/handsystem/build/gripper_sub/prefix_override:/usr/lib/python3/dist-packages/colcon_core/task/python/colcon_distutils_commands:/home/pi/handsystem/install/gripper_sub/lib/python3.10/site-packages:${PYTHONPATH} /usr/bin/python3 -W ignore:setup.py install is deprecated setup.py egg_info --egg-base ../../../build/gripper_sub build --build-base /home/pi/handsystem/build/gripper_sub/build install --record /home/pi/handsystem/build/gripper_sub/install.log --single-version-externally-managed install_data
[4.690s] running egg_info
[4.692s] creating ../../../build/gripper_sub/gripper_sub.egg-info
[4.694s] writing ../../../build/gripper_sub/gripper_sub.egg-info/PKG-INFO
[4.695s] writing dependency_links to ../../../build/gripper_sub/gripper_sub.egg-info/dependency_links.txt
[4.696s] writing entry points to ../../../build/gripper_sub/gripper_sub.egg-info/entry_points.txt
[4.696s] writing requirements to ../../../build/gripper_sub/gripper_sub.egg-info/requires.txt
[4.697s] writing top-level names to ../../../build/gripper_sub/gripper_sub.egg-info/top_level.txt
[4.698s] writing manifest file '../../../build/gripper_sub/gripper_sub.egg-info/SOURCES.txt'
[4.705s] reading manifest file '../../../build/gripper_sub/gripper_sub.egg-info/SOURCES.txt'
[4.706s] adding license file 'LICENSE'
[4.713s] writing manifest file '../../../build/gripper_sub/gripper_sub.egg-info/SOURCES.txt'
[4.714s] running build
[4.714s] running build_py
[4.715s] creating /home/pi/handsystem/build/gripper_sub/build
[4.715s] creating /home/pi/handsystem/build/gripper_sub/build/lib
[4.718s] creating /home/pi/handsystem/build/gripper_sub/build/lib/gripper_sub
[4.718s] copying gripper_sub/subscriber_member_function.py -> /home/pi/handsystem/build/gripper_sub/build/lib/gripper_sub
[4.719s] copying gripper_sub/__init__.py -> /home/pi/handsystem/build/gripper_sub/build/lib/gripper_sub
[4.720s] running install
[4.721s] running install_lib
[4.725s] creating /home/pi/handsystem/install/gripper_sub/lib/python3.10/site-packages/gripper_sub
[4.725s] copying /home/pi/handsystem/build/gripper_sub/build/lib/gripper_sub/subscriber_member_function.py -> /home/pi/handsystem/install/gripper_sub/lib/python3.10/site-packages/gripper_sub
[4.726s] copying /home/pi/handsystem/build/gripper_sub/build/lib/gripper_sub/__init__.py -> /home/pi/handsystem/install/gripper_sub/lib/python3.10/site-packages/gripper_sub
[4.729s] byte-compiling /home/pi/handsystem/install/gripper_sub/lib/python3.10/site-packages/gripper_sub/subscriber_member_function.py to subscriber_member_function.cpython-310.pyc
[4.737s] byte-compiling /home/pi/handsystem/install/gripper_sub/lib/python3.10/site-packages/gripper_sub/__init__.py to __init__.cpython-310.pyc
[4.738s] running install_data
[4.739s] creating /home/pi/handsystem/install/gripper_sub/share/ament_index
[4.739s] creating /home/pi/handsystem/install/gripper_sub/share/ament_index/resource_index
[4.740s] creating /home/pi/handsystem/install/gripper_sub/share/ament_index/resource_index/packages
[4.741s] copying resource/gripper_sub -> /home/pi/handsystem/install/gripper_sub/share/ament_index/resource_index/packages
[4.741s] copying package.xml -> /home/pi/handsystem/install/gripper_sub/share/gripper_sub
[4.742s] running install_egg_info
[4.749s] Copying ../../../build/gripper_sub/gripper_sub.egg-info to /home/pi/handsystem/install/gripper_sub/lib/python3.10/site-packages/gripper_sub-0.0.0-py3.10.egg-info
[4.754s] running install_scripts
[4.843s] Installing listener script to /home/pi/handsystem/install/gripper_sub/lib/gripper_sub
[4.844s] writing list of installed files to '/home/pi/handsystem/build/gripper_sub/install.log'
[4.973s] Invoked command in '/home/pi/handsystem/ros2_robot_ws/src/gripper_sub' returned '0': PYTHONPATH=/home/pi/handsystem/build/gripper_sub/prefix_override:/usr/lib/python3/dist-packages/colcon_core/task/python/colcon_distutils_commands:/home/pi/handsystem/install/gripper_sub/lib/python3.10/site-packages:${PYTHONPATH} /usr/bin/python3 -W ignore:setup.py install is deprecated setup.py egg_info --egg-base ../../../build/gripper_sub build --build-base /home/pi/handsystem/build/gripper_sub/build install --record /home/pi/handsystem/build/gripper_sub/install.log --single-version-externally-managed install_data
