[3.331s] Invoking command in '/home/pi/handsystem/ros2_robot_ws/src/gripper_sub': PYTHONPATH=/home/pi/handsystem/ros2_robot_ws/build/gripper_sub/prefix_override:/usr/lib/python3/dist-packages/colcon_core/task/python/colcon_distutils_commands:/home/pi/handsystem/ros2_robot_ws/install/gripper_sub/lib/python3.10/site-packages:${PYTHONPATH} /usr/bin/python3 -W ignore:setup.py install is deprecated setup.py egg_info --egg-base ../../build/gripper_sub build --build-base /home/pi/handsystem/ros2_robot_ws/build/gripper_sub/build install --record /home/pi/handsystem/ros2_robot_ws/build/gripper_sub/install.log --single-version-externally-managed install_data
[4.563s] running egg_info
[4.565s] writing ../../build/gripper_sub/gripper_sub.egg-info/PKG-INFO
[4.567s] writing dependency_links to ../../build/gripper_sub/gripper_sub.egg-info/dependency_links.txt
[4.568s] writing entry points to ../../build/gripper_sub/gripper_sub.egg-info/entry_points.txt
[4.568s] writing requirements to ../../build/gripper_sub/gripper_sub.egg-info/requires.txt
[4.569s] writing top-level names to ../../build/gripper_sub/gripper_sub.egg-info/top_level.txt
[4.577s] reading manifest file '../../build/gripper_sub/gripper_sub.egg-info/SOURCES.txt'
[4.611s] adding license file 'LICENSE'
[4.620s] writing manifest file '../../build/gripper_sub/gripper_sub.egg-info/SOURCES.txt'
[4.621s] running build
[4.621s] running build_py
[4.622s] copying gripper_sub/subscriber_member_function.py -> /home/pi/handsystem/ros2_robot_ws/build/gripper_sub/build/lib/gripper_sub
[4.624s] running install
[4.625s] running install_lib
[4.628s] copying /home/pi/handsystem/ros2_robot_ws/build/gripper_sub/build/lib/gripper_sub/subscriber_member_function.py -> /home/pi/handsystem/ros2_robot_ws/install/gripper_sub/lib/python3.10/site-packages/gripper_sub
[4.632s] byte-compiling /home/pi/handsystem/ros2_robot_ws/install/gripper_sub/lib/python3.10/site-packages/gripper_sub/subscriber_member_function.py to subscriber_member_function.cpython-310.pyc
[4.635s]   File "/home/pi/handsystem/ros2_robot_ws/install/gripper_sub/lib/python3.10/site-packages/gripper_sub/subscriber_member_function.py", line 128
[4.636s]     else
[4.636s]         ^
[4.637s] SyntaxError: expected ':'
[4.638s] 
[4.638s] running install_data
[4.639s] running install_egg_info
[4.644s] removing '/home/pi/handsystem/ros2_robot_ws/install/gripper_sub/lib/python3.10/site-packages/gripper_sub-0.0.0-py3.10.egg-info' (and everything under it)
[4.646s] Copying ../../build/gripper_sub/gripper_sub.egg-info to /home/pi/handsystem/ros2_robot_ws/install/gripper_sub/lib/python3.10/site-packages/gripper_sub-0.0.0-py3.10.egg-info
[4.654s] running install_scripts
[4.734s] Installing listener script to /home/pi/handsystem/ros2_robot_ws/install/gripper_sub/lib/gripper_sub
[4.736s] writing list of installed files to '/home/pi/handsystem/ros2_robot_ws/build/gripper_sub/install.log'
[4.860s] Invoked command in '/home/pi/handsystem/ros2_robot_ws/src/gripper_sub' returned '0': PYTHONPATH=/home/pi/handsystem/ros2_robot_ws/build/gripper_sub/prefix_override:/usr/lib/python3/dist-packages/colcon_core/task/python/colcon_distutils_commands:/home/pi/handsystem/ros2_robot_ws/install/gripper_sub/lib/python3.10/site-packages:${PYTHONPATH} /usr/bin/python3 -W ignore:setup.py install is deprecated setup.py egg_info --egg-base ../../build/gripper_sub build --build-base /home/pi/handsystem/ros2_robot_ws/build/gripper_sub/build install --record /home/pi/handsystem/ros2_robot_ws/build/gripper_sub/install.log --single-version-externally-managed install_data
