[4.245s] Invoking command in '/home/pi/handsystem/ros2_robot_ws/src/gripper_sub': PYTHONPATH=/home/pi/handsystem/build/gripper_sub/prefix_override:/usr/lib/python3/dist-packages/colcon_core/task/python/colcon_distutils_commands:/home/pi/handsystem/install/gripper_sub/lib/python3.10/site-packages:${PYTHONPATH} /usr/bin/python3 -W ignore:setup.py install is deprecated setup.py egg_info --egg-base ../../../build/gripper_sub build --build-base /home/pi/handsystem/build/gripper_sub/build install --record /home/pi/handsystem/build/gripper_sub/install.log --single-version-externally-managed install_data
[5.528s] running egg_info
[5.532s] writing ../../../build/gripper_sub/gripper_sub.egg-info/PKG-INFO
[5.533s] writing dependency_links to ../../../build/gripper_sub/gripper_sub.egg-info/dependency_links.txt
[5.534s] writing entry points to ../../../build/gripper_sub/gripper_sub.egg-info/entry_points.txt
[5.535s] writing requirements to ../../../build/gripper_sub/gripper_sub.egg-info/requires.txt
[5.539s] writing top-level names to ../../../build/gripper_sub/gripper_sub.egg-info/top_level.txt
[5.545s] reading manifest file '../../../build/gripper_sub/gripper_sub.egg-info/SOURCES.txt'
[5.547s] adding license file 'LICENSE'
[5.550s] writing manifest file '../../../build/gripper_sub/gripper_sub.egg-info/SOURCES.txt'
[5.551s] running build
[5.553s] running build_py
[5.557s] copying gripper_sub/table.py -> /home/pi/handsystem/build/gripper_sub/build/lib/gripper_sub
[5.558s] copying gripper_sub/subscriber_member_function.py -> /home/pi/handsystem/build/gripper_sub/build/lib/gripper_sub
[5.559s] copying gripper_sub/claw.py -> /home/pi/handsystem/build/gripper_sub/build/lib/gripper_sub
[5.560s] copying gripper_sub/gripper_sub_main.py -> /home/pi/handsystem/build/gripper_sub/build/lib/gripper_sub
[5.562s] running install
[5.563s] running install_lib
[5.567s] copying /home/pi/handsystem/build/gripper_sub/build/lib/gripper_sub/table.py -> /home/pi/handsystem/install/gripper_sub/lib/python3.10/site-packages/gripper_sub
[5.568s] copying /home/pi/handsystem/build/gripper_sub/build/lib/gripper_sub/subscriber_member_function.py -> /home/pi/handsystem/install/gripper_sub/lib/python3.10/site-packages/gripper_sub
[5.569s] copying /home/pi/handsystem/build/gripper_sub/build/lib/gripper_sub/claw.py -> /home/pi/handsystem/install/gripper_sub/lib/python3.10/site-packages/gripper_sub
[5.570s] copying /home/pi/handsystem/build/gripper_sub/build/lib/gripper_sub/gripper_sub_main.py -> /home/pi/handsystem/install/gripper_sub/lib/python3.10/site-packages/gripper_sub
[5.573s] byte-compiling /home/pi/handsystem/install/gripper_sub/lib/python3.10/site-packages/gripper_sub/table.py to table.cpython-310.pyc
[5.575s] byte-compiling /home/pi/handsystem/install/gripper_sub/lib/python3.10/site-packages/gripper_sub/subscriber_member_function.py to subscriber_member_function.cpython-310.pyc
[5.579s] byte-compiling /home/pi/handsystem/install/gripper_sub/lib/python3.10/site-packages/gripper_sub/claw.py to claw.cpython-310.pyc
[5.585s] byte-compiling /home/pi/handsystem/install/gripper_sub/lib/python3.10/site-packages/gripper_sub/gripper_sub_main.py to gripper_sub_main.cpython-310.pyc
[5.587s] running install_data
[5.587s] running install_egg_info
[5.596s] removing '/home/pi/handsystem/install/gripper_sub/lib/python3.10/site-packages/gripper_sub-0.0.0-py3.10.egg-info' (and everything under it)
[5.598s] Copying ../../../build/gripper_sub/gripper_sub.egg-info to /home/pi/handsystem/install/gripper_sub/lib/python3.10/site-packages/gripper_sub-0.0.0-py3.10.egg-info
[5.611s] running install_scripts
[5.694s] Installing listener script to /home/pi/handsystem/install/gripper_sub/lib/gripper_sub
[5.696s] writing list of installed files to '/home/pi/handsystem/build/gripper_sub/install.log'
[5.829s] Invoked command in '/home/pi/handsystem/ros2_robot_ws/src/gripper_sub' returned '0': PYTHONPATH=/home/pi/handsystem/build/gripper_sub/prefix_override:/usr/lib/python3/dist-packages/colcon_core/task/python/colcon_distutils_commands:/home/pi/handsystem/install/gripper_sub/lib/python3.10/site-packages:${PYTHONPATH} /usr/bin/python3 -W ignore:setup.py install is deprecated setup.py egg_info --egg-base ../../../build/gripper_sub build --build-base /home/pi/handsystem/build/gripper_sub/build install --record /home/pi/handsystem/build/gripper_sub/install.log --single-version-externally-managed install_data
